#
# There is insufficient memory for the Java Runtime Environment to continue.
# Native memory allocation (malloc) failed to allocate 1180176 bytes for Chunk::new
# Possible reasons:
#   The system is out of physical RAM or swap space
#   The process is running with CompressedOops enabled, and the Java Heap may be blocking the growth of the native heap
# Possible solutions:
#   Reduce memory load on the system
#   Increase physical memory or swap space
#   Check if swap backing store is full
#   Decrease Java heap size (-Xmx/-Xms)
#   Decrease number of Java threads
#   Decrease Java thread stack sizes (-Xss)
#   Set larger code cache with -XX:ReservedCodeCacheSize=
#   JVM is running with Unscaled Compressed Oops mode in which the Java heap is
#     placed in the first 4GB address space. The Java Heap base address is the
#     maximum limit for the native heap growth. Please use -XX:HeapBaseMinAddress
#     to set the Java Heap base and to place the Java Heap above 4GB virtual address.
# This output file may be truncated or incomplete.
#
#  Out of Memory Error (./src/hotspot/share/memory/arena.cpp:197), pid=6612, tid=9204
#
# JRE version: OpenJDK Runtime Environment (11.0.12+7) (build 11.0.12+7-b1504.28-7817840)
# Java VM: OpenJDK 64-Bit Server VM (11.0.12+7-b1504.28-7817840, mixed mode, tiered, compressed oops, g1 gc, windows-amd64)
# No core dump will be written. Minidumps are not enabled by default on client versions of Windows
#

---------------  S U M M A R Y ------------

Command Line: --add-opens=java.base/java.util=ALL-UNNAMED --add-opens=java.base/java.lang=ALL-UNNAMED --add-opens=java.base/java.lang.invoke=ALL-UNNAMED --add-opens=java.base/java.util=ALL-UNNAMED --add-opens=java.prefs/java.util.prefs=ALL-UNNAMED --add-opens=java.prefs/java.util.prefs=ALL-UNNAMED --add-opens=java.base/java.nio.charset=ALL-UNNAMED --add-opens=java.base/java.net=ALL-UNNAMED --add-opens=java.base/java.util.concurrent.atomic=ALL-UNNAMED -Xmx2048m -Dfile.encoding=UTF-8 -Duser.country=RU -Duser.language=ru -Duser.variant org.gradle.launcher.daemon.bootstrap.GradleDaemon 7.3.3

Host: AMD Ryzen 5 3550H with Radeon Vega Mobile Gfx  , 8 cores, 5G,  Windows 10 , 64 bit Build 22000 (10.0.22000.708)
Time: Tue Oct 25 02:47:38 2022 RTZ 2 (зима) elapsed time: 22.800741 seconds (0d 0h 0m 22s)

---------------  T H R E A D  ---------------

Current thread (0x000001fd33b17000):  JavaThread "C2 CompilerThread1" daemon [_thread_in_native, id=9204, stack(0x000000a9be200000,0x000000a9be300000)]


Current CompileTask:
C2:  22800 8203       4       java.lang.Class::privateGetPublicMethods (224 bytes)

Stack: [0x000000a9be200000,0x000000a9be300000]
Native frames: (J=compiled Java code, j=interpreted, Vv=VM code, C=native code)
V  [jvm.dll+0x5fbcea]
V  [jvm.dll+0x731905]
V  [jvm.dll+0x732f1d]
V  [jvm.dll+0x7335d3]
V  [jvm.dll+0x247bf8]
V  [jvm.dll+0xc018c]
V  [jvm.dll+0xc06cc]
V  [jvm.dll+0x35b2db]
V  [jvm.dll+0x328803]
V  [jvm.dll+0x327cfa]
V  [jvm.dll+0x200602]
V  [jvm.dll+0x1ff794]
V  [jvm.dll+0x18868c]
V  [jvm.dll+0x20e0d7]
V  [jvm.dll+0x20c901]
V  [jvm.dll+0x6f9b7f]
V  [jvm.dll+0x6f26a5]
V  [jvm.dll+0x5fabf6]
C  [ucrtbase.dll+0x26c0c]
C  [KERNEL32.DLL+0x154e0]
C  [ntdll.dll+0x485b]


---------------  P R O C E S S  ---------------

Threads class SMR info:
_java_thread_list=0x000001fd3994ab60, length=123, elements={
0x000001fd164f1000, 0x000001fd311b1800, 0x000001fd311be800, 0x000001fd3099d000,
0x000001fd3099e000, 0x000001fd311c3000, 0x000001fd311c4000, 0x000001fd311c5000,
0x000001fd311cb000, 0x000001fd3135f000, 0x000001fd3342e000, 0x000001fd33907800,
0x000001fd33493000, 0x000001fd32169000, 0x000001fd32169800, 0x000001fd335e0800,
0x000001fd33791000, 0x000001fd33a86800, 0x000001fd33a87800, 0x000001fd33a58800,
0x000001fd33a56800, 0x000001fd33a57800, 0x000001fd33a59000, 0x000001fd33a5b800,
0x000001fd33a5a000, 0x000001fd33a56000, 0x000001fd33a5a800, 0x000001fd33a5c800,
0x000001fd32af6000, 0x000001fd32afc800, 0x000001fd32afb800, 0x000001fd32af8800,
0x000001fd32af7000, 0x000001fd32b02000, 0x000001fd32aff000, 0x000001fd32afe000,
0x000001fd32b03000, 0x000001fd32b00000, 0x000001fd32b01800, 0x000001fd32b00800,
0x000001fd32afd800, 0x000001fd32b04000, 0x000001fd32b04800, 0x000001fd35f0d800,
0x000001fd35f11800, 0x000001fd35f0d000, 0x000001fd35f11000, 0x000001fd35f14000,
0x000001fd35f13800, 0x000001fd35f0e800, 0x000001fd35f15000, 0x000001fd35f10000,
0x000001fd35f12800, 0x000001fd35f0f000, 0x000001fd35f1a800, 0x000001fd35f18000,
0x000001fd35f19000, 0x000001fd35f1a000, 0x000001fd35f16000, 0x000001fd35f16800,
0x000001fd35f17800, 0x000001fd35f1b800, 0x000001fd3238d000, 0x000001fd3238e000,
0x000001fd3238b800, 0x000001fd3238f800, 0x000001fd32390800, 0x000001fd3238a800,
0x000001fd32391800, 0x000001fd32392000, 0x000001fd3238f000, 0x000001fd3238c800,
0x000001fd32393800, 0x000001fd32395800, 0x000001fd32398800, 0x000001fd32393000,
0x000001fd32399800, 0x000001fd32394800, 0x000001fd32396000, 0x000001fd32397000,
0x000001fd32398000, 0x000001fd32684000, 0x000001fd32683800, 0x000001fd32685000,
0x000001fd32686000, 0x000001fd32680000, 0x000001fd32686800, 0x000001fd32681000,
0x000001fd32681800, 0x000001fd32687800, 0x000001fd32688800, 0x000001fd32682800,
0x000001fd3268e000, 0x000001fd3268a000, 0x000001fd32689000, 0x000001fd3268f000,
0x000001fd3268a800, 0x000001fd3268c800, 0x000001fd3268d000, 0x000001fd3268b800,
0x000001fd3390a800, 0x000001fd3390c800, 0x000001fd3390a000, 0x000001fd3390e000,
0x000001fd3390d000, 0x000001fd33908000, 0x000001fd3390b800, 0x000001fd33909000,
0x000001fd3390e800, 0x000001fd33913800, 0x000001fd33910800, 0x000001fd33915800,
0x000001fd3390f800, 0x000001fd33914800, 0x000001fd33916000, 0x000001fd33912000,
0x000001fd33911000, 0x000001fd33917000, 0x000001fd33913000, 0x000001fd33b11000,
0x000001fd33b16000, 0x000001fd33b14800, 0x000001fd33b17000
}

Java Threads: ( => current thread )
  0x000001fd164f1000 JavaThread "main" [_thread_blocked, id=10596, stack(0x000000a9b5a00000,0x000000a9b5b00000)]
  0x000001fd311b1800 JavaThread "Reference Handler" daemon [_thread_blocked, id=8488, stack(0x000000a9b6100000,0x000000a9b6200000)]
  0x000001fd311be800 JavaThread "Finalizer" daemon [_thread_blocked, id=19420, stack(0x000000a9b6200000,0x000000a9b6300000)]
  0x000001fd3099d000 JavaThread "Signal Dispatcher" daemon [_thread_blocked, id=18552, stack(0x000000a9b6300000,0x000000a9b6400000)]
  0x000001fd3099e000 JavaThread "Attach Listener" daemon [_thread_blocked, id=18792, stack(0x000000a9b6400000,0x000000a9b6500000)]
  0x000001fd311c3000 JavaThread "Service Thread" daemon [_thread_blocked, id=17220, stack(0x000000a9b6500000,0x000000a9b6600000)]
  0x000001fd311c4000 JavaThread "C2 CompilerThread0" daemon [_thread_in_native, id=10300, stack(0x000000a9b6600000,0x000000a9b6700000)]
  0x000001fd311c5000 JavaThread "C1 CompilerThread0" daemon [_thread_blocked, id=15320, stack(0x000000a9b6700000,0x000000a9b6800000)]
  0x000001fd311cb000 JavaThread "Sweeper thread" daemon [_thread_blocked, id=8784, stack(0x000000a9b6800000,0x000000a9b6900000)]
  0x000001fd3135f000 JavaThread "Common-Cleaner" daemon [_thread_blocked, id=7092, stack(0x000000a9b6900000,0x000000a9b6a00000)]
  0x000001fd3342e000 JavaThread "Daemon health stats" [_thread_blocked, id=13344, stack(0x000000a9b6c00000,0x000000a9b6d00000)]
  0x000001fd33907800 JavaThread "Incoming local TCP Connector on port 55081" [_thread_in_native, id=6960, stack(0x000000a9b6d00000,0x000000a9b6e00000)]
  0x000001fd33493000 JavaThread "Daemon periodic checks" [_thread_blocked, id=3052, stack(0x000000a9b6e00000,0x000000a9b6f00000)]
  0x000001fd32169000 JavaThread "Daemon" [_thread_blocked, id=18580, stack(0x000000a9b6f00000,0x000000a9b7000000)]
  0x000001fd32169800 JavaThread "Handler for socket connection from /127.0.0.1:55081 to /127.0.0.1:55082" [_thread_in_native, id=16476, stack(0x000000a9b7000000,0x000000a9b7100000)]
  0x000001fd335e0800 JavaThread "Cancel handler" [_thread_blocked, id=18364, stack(0x000000a9b7100000,0x000000a9b7200000)]
  0x000001fd33791000 JavaThread "Daemon worker" [_thread_in_vm, id=2124, stack(0x000000a9b7200000,0x000000a9b7300000)]
  0x000001fd33a86800 JavaThread "Asynchronous log dispatcher for DefaultDaemonConnection: socket connection from /127.0.0.1:55081 to /127.0.0.1:55082" [_thread_blocked, id=16632, stack(0x000000a9b7300000,0x000000a9b7400000)]
  0x000001fd33a87800 JavaThread "Stdin handler" [_thread_blocked, id=14108, stack(0x000000a9b7400000,0x000000a9b7500000)]
  0x000001fd33a58800 JavaThread "Daemon client event forwarder" [_thread_blocked, id=14316, stack(0x000000a9b7500000,0x000000a9b7600000)]
  0x000001fd33a56800 JavaThread "Cache worker for journal cache (C:\Users\Tvrma\AndroidStudioProjects\caches\journal-1)" [_thread_blocked, id=17880, stack(0x000000a9b7600000,0x000000a9b7700000)]
  0x000001fd33a57800 JavaThread "File lock request listener" [_thread_in_native, id=18100, stack(0x000000a9b7700000,0x000000a9b7800000)]
  0x000001fd33a59000 JavaThread "Cache worker for file hash cache (C:\Users\Tvrma\AndroidStudioProjects\caches\7.3.3\fileHashes)" [_thread_blocked, id=16656, stack(0x000000a9b7e00000,0x000000a9b7f00000)]
  0x000001fd33a5b800 JavaThread "Cache worker for file hash cache (C:\Users\Tvrma\WeatherAppTask\.gradle\7.3.3\fileHashes)" [_thread_blocked, id=15344, stack(0x000000a9b8000000,0x000000a9b8100000)]
  0x000001fd33a5a000 JavaThread "File watcher server" daemon [_thread_in_native, id=4584, stack(0x000000a9b8100000,0x000000a9b8200000)]
  0x000001fd33a56000 JavaThread "File watcher consumer" daemon [_thread_blocked, id=6568, stack(0x000000a9b8200000,0x000000a9b8300000)]
  0x000001fd33a5a800 JavaThread "Cache worker for checksums cache (C:\Users\Tvrma\WeatherAppTask\.gradle\7.3.3\checksums)" [_thread_blocked, id=16240, stack(0x000000a9b8300000,0x000000a9b8400000)]
  0x000001fd33a5c800 JavaThread "Cache worker for cache directory md-supplier (C:\Users\Tvrma\AndroidStudioProjects\caches\7.3.3\md-supplier)" [_thread_blocked, id=13976, stack(0x000000a9b8400000,0x000000a9b8500000)]
  0x000001fd32af6000 JavaThread "Cache worker for cache directory md-rule (C:\Users\Tvrma\AndroidStudioProjects\caches\7.3.3\md-rule)" [_thread_blocked, id=9184, stack(0x000000a9b8500000,0x000000a9b8600000)]
  0x000001fd32afc800 JavaThread "Cache worker for execution history cache (C:\Users\Tvrma\AndroidStudioProjects\caches\7.3.3\executionHistory)" [_thread_blocked, id=176, stack(0x000000a9b8600000,0x000000a9b8700000)]
  0x000001fd32afb800 JavaThread "jar transforms" [_thread_blocked, id=8312, stack(0x000000a9b8700000,0x000000a9b8800000)]
  0x000001fd32af8800 JavaThread "Cache worker for file content cache (C:\Users\Tvrma\AndroidStudioProjects\caches\7.3.3\fileContent)" [_thread_blocked, id=1264, stack(0x000000a9b8800000,0x000000a9b8900000)]
  0x000001fd32af7000 JavaThread "jar transforms Thread 2" [_thread_blocked, id=17980, stack(0x000000a9b8900000,0x000000a9b8a00000)]
  0x000001fd32b02000 JavaThread "Cache worker for dependencies-accessors (C:\Users\Tvrma\WeatherAppTask\.gradle\7.3.3\dependencies-accessors)" [_thread_blocked, id=9584, stack(0x000000a9b8a00000,0x000000a9b8b00000)]
  0x000001fd32aff000 JavaThread "jar transforms Thread 3" [_thread_blocked, id=8288, stack(0x000000a9b8b00000,0x000000a9b8c00000)]
  0x000001fd32afe000 JavaThread "Cache worker for Build Output Cleanup Cache (C:\Users\Tvrma\WeatherAppTask\.gradle\buildOutputCleanup)" [_thread_blocked, id=14156, stack(0x000000a9b8c00000,0x000000a9b8d00000)]
  0x000001fd32b03000 JavaThread "Unconstrained build operations" [_thread_blocked, id=15940, stack(0x000000a9b8d00000,0x000000a9b8e00000)]
  0x000001fd32b00000 JavaThread "Unconstrained build operations Thread 2" [_thread_blocked, id=4040, stack(0x000000a9b8e00000,0x000000a9b8f00000)]
  0x000001fd32b01800 JavaThread "Unconstrained build operations Thread 3" [_thread_blocked, id=2952, stack(0x000000a9b8f00000,0x000000a9b9000000)]
  0x000001fd32b00800 JavaThread "Unconstrained build operations Thread 4" [_thread_blocked, id=11736, stack(0x000000a9b9000000,0x000000a9b9100000)]
  0x000001fd32afd800 JavaThread "Unconstrained build operations Thread 5" [_thread_blocked, id=10268, stack(0x000000a9b9100000,0x000000a9b9200000)]
  0x000001fd32b04000 JavaThread "Unconstrained build operations Thread 6" [_thread_blocked, id=7656, stack(0x000000a9b9200000,0x000000a9b9300000)]
  0x000001fd32b04800 JavaThread "Unconstrained build operations Thread 7" [_thread_blocked, id=7080, stack(0x000000a9b9300000,0x000000a9b9400000)]
  0x000001fd35f0d800 JavaThread "Unconstrained build operations Thread 8" [_thread_blocked, id=18040, stack(0x000000a9b9400000,0x000000a9b9500000)]
  0x000001fd35f11800 JavaThread "Unconstrained build operations Thread 9" [_thread_blocked, id=12500, stack(0x000000a9b9500000,0x000000a9b9600000)]
  0x000001fd35f0d000 JavaThread "Unconstrained build operations Thread 10" [_thread_blocked, id=5568, stack(0x000000a9b9600000,0x000000a9b9700000)]
  0x000001fd35f11000 JavaThread "Unconstrained build operations Thread 11" [_thread_blocked, id=9092, stack(0x000000a9b9700000,0x000000a9b9800000)]
  0x000001fd35f14000 JavaThread "Unconstrained build operations Thread 12" [_thread_blocked, id=8348, stack(0x000000a9b9800000,0x000000a9b9900000)]
  0x000001fd35f13800 JavaThread "Unconstrained build operations Thread 13" [_thread_blocked, id=10896, stack(0x000000a9b9900000,0x000000a9b9a00000)]
  0x000001fd35f0e800 JavaThread "Unconstrained build operations Thread 14" [_thread_blocked, id=1824, stack(0x000000a9b9a00000,0x000000a9b9b00000)]
  0x000001fd35f15000 JavaThread "Unconstrained build operations Thread 15" [_thread_blocked, id=9060, stack(0x000000a9b9b00000,0x000000a9b9c00000)]
  0x000001fd35f10000 JavaThread "Unconstrained build operations Thread 16" [_thread_blocked, id=16336, stack(0x000000a9b9c00000,0x000000a9b9d00000)]
  0x000001fd35f12800 JavaThread "Unconstrained build operations Thread 17" [_thread_blocked, id=12636, stack(0x000000a9b9d00000,0x000000a9b9e00000)]
  0x000001fd35f0f000 JavaThread "Unconstrained build operations Thread 18" [_thread_blocked, id=19444, stack(0x000000a9b9e00000,0x000000a9b9f00000)]
  0x000001fd35f1a800 JavaThread "Unconstrained build operations Thread 19" [_thread_blocked, id=12104, stack(0x000000a9b9f00000,0x000000a9ba000000)]
  0x000001fd35f18000 JavaThread "Unconstrained build operations Thread 20" [_thread_blocked, id=6508, stack(0x000000a9ba000000,0x000000a9ba100000)]
  0x000001fd35f19000 JavaThread "Unconstrained build operations Thread 21" [_thread_blocked, id=2424, stack(0x000000a9ba100000,0x000000a9ba200000)]
  0x000001fd35f1a000 JavaThread "Unconstrained build operations Thread 22" [_thread_blocked, id=14996, stack(0x000000a9ba200000,0x000000a9ba300000)]
  0x000001fd35f16000 JavaThread "Unconstrained build operations Thread 23" [_thread_blocked, id=920, stack(0x000000a9ba300000,0x000000a9ba400000)]
  0x000001fd35f16800 JavaThread "Unconstrained build operations Thread 24" [_thread_blocked, id=15872, stack(0x000000a9ba400000,0x000000a9ba500000)]
  0x000001fd35f17800 JavaThread "Unconstrained build operations Thread 25" [_thread_blocked, id=10264, stack(0x000000a9ba500000,0x000000a9ba600000)]
  0x000001fd35f1b800 JavaThread "Unconstrained build operations Thread 26" [_thread_blocked, id=7892, stack(0x000000a9ba600000,0x000000a9ba700000)]
  0x000001fd3238d000 JavaThread "Unconstrained build operations Thread 27" [_thread_blocked, id=7896, stack(0x000000a9ba700000,0x000000a9ba800000)]
  0x000001fd3238e000 JavaThread "Unconstrained build operations Thread 28" [_thread_blocked, id=5620, stack(0x000000a9ba800000,0x000000a9ba900000)]
  0x000001fd3238b800 JavaThread "Unconstrained build operations Thread 29" [_thread_blocked, id=5616, stack(0x000000a9ba900000,0x000000a9baa00000)]
  0x000001fd3238f800 JavaThread "Unconstrained build operations Thread 30" [_thread_blocked, id=6812, stack(0x000000a9baa00000,0x000000a9bab00000)]
  0x000001fd32390800 JavaThread "Unconstrained build operations Thread 31" [_thread_blocked, id=7824, stack(0x000000a9bab00000,0x000000a9bac00000)]
  0x000001fd3238a800 JavaThread "Unconstrained build operations Thread 32" [_thread_blocked, id=9552, stack(0x000000a9bac00000,0x000000a9bad00000)]
  0x000001fd32391800 JavaThread "Unconstrained build operations Thread 33" [_thread_blocked, id=9884, stack(0x000000a9bad00000,0x000000a9bae00000)]
  0x000001fd32392000 JavaThread "Unconstrained build operations Thread 34" [_thread_blocked, id=11948, stack(0x000000a9bae00000,0x000000a9baf00000)]
  0x000001fd3238f000 JavaThread "Unconstrained build operations Thread 35" [_thread_blocked, id=13508, stack(0x000000a9baf00000,0x000000a9bb000000)]
  0x000001fd3238c800 JavaThread "Unconstrained build operations Thread 36" [_thread_blocked, id=17728, stack(0x000000a9bb000000,0x000000a9bb100000)]
  0x000001fd32393800 JavaThread "Unconstrained build operations Thread 37" [_thread_blocked, id=9680, stack(0x000000a9bb100000,0x000000a9bb200000)]
  0x000001fd32395800 JavaThread "Unconstrained build operations Thread 38" [_thread_blocked, id=16996, stack(0x000000a9bb200000,0x000000a9bb300000)]
  0x000001fd32398800 JavaThread "Unconstrained build operations Thread 39" [_thread_blocked, id=12896, stack(0x000000a9bb300000,0x000000a9bb400000)]
  0x000001fd32393000 JavaThread "Unconstrained build operations Thread 40" [_thread_blocked, id=6736, stack(0x000000a9bb400000,0x000000a9bb500000)]
  0x000001fd32399800 JavaThread "Unconstrained build operations Thread 41" [_thread_blocked, id=8252, stack(0x000000a9bb500000,0x000000a9bb600000)]
  0x000001fd32394800 JavaThread "Unconstrained build operations Thread 42" [_thread_blocked, id=16644, stack(0x000000a9bb600000,0x000000a9bb700000)]
  0x000001fd32396000 JavaThread "Unconstrained build operations Thread 43" [_thread_blocked, id=13060, stack(0x000000a9bb700000,0x000000a9bb800000)]
  0x000001fd32397000 JavaThread "Unconstrained build operations Thread 44" [_thread_blocked, id=11268, stack(0x000000a9bb800000,0x000000a9bb900000)]
  0x000001fd32398000 JavaThread "Unconstrained build operations Thread 45" [_thread_blocked, id=512, stack(0x000000a9bb900000,0x000000a9bba00000)]
  0x000001fd32684000 JavaThread "Unconstrained build operations Thread 46" [_thread_blocked, id=4352, stack(0x000000a9bba00000,0x000000a9bbb00000)]
  0x000001fd32683800 JavaThread "Unconstrained build operations Thread 47" [_thread_blocked, id=1704, stack(0x000000a9bbb00000,0x000000a9bbc00000)]
  0x000001fd32685000 JavaThread "Unconstrained build operations Thread 48" [_thread_blocked, id=1160, stack(0x000000a9bbc00000,0x000000a9bbd00000)]
  0x000001fd32686000 JavaThread "Unconstrained build operations Thread 49" [_thread_blocked, id=18904, stack(0x000000a9bbd00000,0x000000a9bbe00000)]
  0x000001fd32680000 JavaThread "Unconstrained build operations Thread 50" [_thread_blocked, id=18716, stack(0x000000a9bbe00000,0x000000a9bbf00000)]
  0x000001fd32686800 JavaThread "Unconstrained build operations Thread 51" [_thread_blocked, id=9900, stack(0x000000a9bbf00000,0x000000a9bc000000)]
  0x000001fd32681000 JavaThread "Unconstrained build operations Thread 52" [_thread_blocked, id=17600, stack(0x000000a9bc000000,0x000000a9bc100000)]
  0x000001fd32681800 JavaThread "Unconstrained build operations Thread 53" [_thread_blocked, id=9868, stack(0x000000a9bc100000,0x000000a9bc200000)]
  0x000001fd32687800 JavaThread "Unconstrained build operations Thread 54" [_thread_blocked, id=14404, stack(0x000000a9bc200000,0x000000a9bc300000)]
  0x000001fd32688800 JavaThread "Unconstrained build operations Thread 55" [_thread_blocked, id=16280, stack(0x000000a9bc300000,0x000000a9bc400000)]
  0x000001fd32682800 JavaThread "Unconstrained build operations Thread 56" [_thread_blocked, id=11712, stack(0x000000a9bc400000,0x000000a9bc500000)]
  0x000001fd3268e000 JavaThread "Unconstrained build operations Thread 57" [_thread_blocked, id=14224, stack(0x000000a9bc500000,0x000000a9bc600000)]
  0x000001fd3268a000 JavaThread "Unconstrained build operations Thread 58" [_thread_blocked, id=12312, stack(0x000000a9bc600000,0x000000a9bc700000)]
  0x000001fd32689000 JavaThread "Unconstrained build operations Thread 59" [_thread_blocked, id=9624, stack(0x000000a9bc700000,0x000000a9bc800000)]
  0x000001fd3268f000 JavaThread "Unconstrained build operations Thread 60" [_thread_blocked, id=9112, stack(0x000000a9bc800000,0x000000a9bc900000)]
  0x000001fd3268a800 JavaThread "Unconstrained build operations Thread 61" [_thread_blocked, id=11684, stack(0x000000a9bc900000,0x000000a9bca00000)]
  0x000001fd3268c800 JavaThread "Unconstrained build operations Thread 62" [_thread_blocked, id=16756, stack(0x000000a9bca00000,0x000000a9bcb00000)]
  0x000001fd3268d000 JavaThread "Unconstrained build operations Thread 63" [_thread_blocked, id=5684, stack(0x000000a9bcb00000,0x000000a9bcc00000)]
  0x000001fd3268b800 JavaThread "Unconstrained build operations Thread 64" [_thread_blocked, id=15780, stack(0x000000a9bcc00000,0x000000a9bcd00000)]
  0x000001fd3390a800 JavaThread "Unconstrained build operations Thread 65" [_thread_blocked, id=6004, stack(0x000000a9bcd00000,0x000000a9bce00000)]
  0x000001fd3390c800 JavaThread "Unconstrained build operations Thread 66" [_thread_blocked, id=2728, stack(0x000000a9bce00000,0x000000a9bcf00000)]
  0x000001fd3390a000 JavaThread "Unconstrained build operations Thread 67" [_thread_blocked, id=13340, stack(0x000000a9bcf00000,0x000000a9bd000000)]
  0x000001fd3390e000 JavaThread "Unconstrained build operations Thread 68" [_thread_blocked, id=8052, stack(0x000000a9bd000000,0x000000a9bd100000)]
  0x000001fd3390d000 JavaThread "Unconstrained build operations Thread 69" [_thread_blocked, id=14720, stack(0x000000a9bd100000,0x000000a9bd200000)]
  0x000001fd33908000 JavaThread "Unconstrained build operations Thread 70" [_thread_blocked, id=12272, stack(0x000000a9bd200000,0x000000a9bd300000)]
  0x000001fd3390b800 JavaThread "Unconstrained build operations Thread 71" [_thread_blocked, id=16016, stack(0x000000a9bd300000,0x000000a9bd400000)]
  0x000001fd33909000 JavaThread "Unconstrained build operations Thread 72" [_thread_blocked, id=14192, stack(0x000000a9bd400000,0x000000a9bd500000)]
  0x000001fd3390e800 JavaThread "Unconstrained build operations Thread 73" [_thread_blocked, id=14816, stack(0x000000a9bd500000,0x000000a9bd600000)]
  0x000001fd33913800 JavaThread "Unconstrained build operations Thread 74" [_thread_blocked, id=16736, stack(0x000000a9bd600000,0x000000a9bd700000)]
  0x000001fd33910800 JavaThread "Unconstrained build operations Thread 75" [_thread_blocked, id=5992, stack(0x000000a9bd700000,0x000000a9bd800000)]
  0x000001fd33915800 JavaThread "Unconstrained build operations Thread 76" [_thread_blocked, id=18376, stack(0x000000a9bd800000,0x000000a9bd900000)]
  0x000001fd3390f800 JavaThread "Unconstrained build operations Thread 77" [_thread_blocked, id=8492, stack(0x000000a9bd900000,0x000000a9bda00000)]
  0x000001fd33914800 JavaThread "Unconstrained build operations Thread 78" [_thread_blocked, id=7676, stack(0x000000a9bda00000,0x000000a9bdb00000)]
  0x000001fd33916000 JavaThread "Unconstrained build operations Thread 79" [_thread_blocked, id=19440, stack(0x000000a9bdb00000,0x000000a9bdc00000)]
  0x000001fd33912000 JavaThread "Unconstrained build operations Thread 80" [_thread_blocked, id=14892, stack(0x000000a9bdc00000,0x000000a9bdd00000)]
  0x000001fd33911000 JavaThread "jar transforms Thread 4" [_thread_blocked, id=16308, stack(0x000000a9bdd00000,0x000000a9bde00000)]
  0x000001fd33917000 JavaThread "jar transforms Thread 5" [_thread_blocked, id=6344, stack(0x000000a9bde00000,0x000000a9bdf00000)]
  0x000001fd33913000 JavaThread "jar transforms Thread 6" [_thread_blocked, id=18164, stack(0x000000a9bdf00000,0x000000a9be000000)]
  0x000001fd33b11000 JavaThread "jar transforms Thread 7" [_thread_blocked, id=18016, stack(0x000000a9be000000,0x000000a9be100000)]
  0x000001fd33b16000 JavaThread "jar transforms Thread 8" [_thread_blocked, id=7040, stack(0x000000a9be100000,0x000000a9be200000)]
  0x000001fd33b14800 JavaThread "Memory manager" [_thread_blocked, id=12576, stack(0x000000a9be400000,0x000000a9be500000)]
=>0x000001fd33b17000 JavaThread "C2 CompilerThread1" daemon [_thread_in_native, id=9204, stack(0x000000a9be200000,0x000000a9be300000)]

Other Threads:
  0x000001fd30989000 VMThread "VM Thread" [stack: 0x000000a9b6000000,0x000000a9b6100000] [id=13484]
  0x000001fd31394800 WatcherThread [stack: 0x000000a9b6a00000,0x000000a9b6b00000] [id=7684]
  0x000001fd1650b000 GCTaskThread "GC Thread#0" [stack: 0x000000a9b5b00000,0x000000a9b5c00000] [id=16544]
  0x000001fd322c6000 GCTaskThread "GC Thread#1" [stack: 0x000000a9b6b00000,0x000000a9b6c00000] [id=17756]
  0x000001fd32b86800 GCTaskThread "GC Thread#2" [stack: 0x000000a9b7800000,0x000000a9b7900000] [id=15112]
  0x000001fd320a0000 GCTaskThread "GC Thread#3" [stack: 0x000000a9b7900000,0x000000a9b7a00000] [id=6388]
  0x000001fd320a0800 GCTaskThread "GC Thread#4" [stack: 0x000000a9b7a00000,0x000000a9b7b00000] [id=13280]
  0x000001fd324d7000 GCTaskThread "GC Thread#5" [stack: 0x000000a9b7b00000,0x000000a9b7c00000] [id=11376]
  0x000001fd324d7800 GCTaskThread "GC Thread#6" [stack: 0x000000a9b7c00000,0x000000a9b7d00000] [id=14516]
  0x000001fd32934800 GCTaskThread "GC Thread#7" [stack: 0x000000a9b7d00000,0x000000a9b7e00000] [id=10172]
  0x000001fd1653b000 ConcurrentGCThread "G1 Main Marker" [stack: 0x000000a9b5c00000,0x000000a9b5d00000] [id=2044]
  0x000001fd1653d800 ConcurrentGCThread "G1 Conc#0" [stack: 0x000000a9b5d00000,0x000000a9b5e00000] [id=19092]
  0x000001fd3147b000 ConcurrentGCThread "G1 Conc#1" [stack: 0x000000a9b7f00000,0x000000a9b8000000] [id=9424]
  0x000001fd165ce000 ConcurrentGCThread "G1 Refine#0" [stack: 0x000000a9b5e00000,0x000000a9b5f00000] [id=15840]
  0x000001fd307d9800 ConcurrentGCThread "G1 Young RemSet Sampling" [stack: 0x000000a9b5f00000,0x000000a9b6000000] [id=17764]

Threads with active compile tasks:
C2 CompilerThread0  22859 8200       4       java.lang.Class::annotationData (44 bytes)
C2 CompilerThread1  22859 8203       4       java.lang.Class::privateGetPublicMethods (224 bytes)

VM state:not at safepoint (normal execution)

VM Mutex/Monitor currently owned by a thread: None

Heap address: 0x0000000080000000, size: 2048 MB, Compressed Oops mode: 32-bit
Narrow klass base: 0x0000000000000000, Narrow klass shift: 3
Compressed class space size: 1073741824 Address: 0x0000000100000000

Heap:
 garbage-first heap   total 119808K, used 91468K [0x0000000080000000, 0x0000000100000000)
  region size 1024K, 21 young (21504K), 2 survivors (2048K)
 Metaspace       used 83776K, capacity 85535K, committed 85704K, reserved 1124352K
  class space    used 10868K, capacity 11562K, committed 11596K, reserved 1048576K
Heap Regions: E=young(eden), S=young(survivor), O=old, HS=humongous(starts), HC=humongous(continues), CS=collection set, F=free, A=archive, TAMS=top-at-mark-start (previous, next)
|   0|0x0000000080000000, 0x0000000080100000, 0x0000000080100000|100%| O|  |TAMS 0x0000000080100000, 0x0000000080000000| Untracked 
|   1|0x0000000080100000, 0x0000000080200000, 0x0000000080200000|100%| O|  |TAMS 0x0000000080200000, 0x0000000080100000| Untracked 
|   2|0x0000000080200000, 0x0000000080300000, 0x0000000080300000|100%| O|  |TAMS 0x0000000080300000, 0x0000000080200000| Untracked 
|   3|0x0000000080300000, 0x0000000080400000, 0x0000000080400000|100%|HS|  |TAMS 0x0000000080400000, 0x0000000080300000| Complete 
|   4|0x0000000080400000, 0x0000000080500000, 0x0000000080500000|100%|HC|  |TAMS 0x0000000080500000, 0x0000000080400000| Complete 
|   5|0x0000000080500000, 0x0000000080600000, 0x0000000080600000|100%|HC|  |TAMS 0x0000000080600000, 0x0000000080500000| Complete 
|   6|0x0000000080600000, 0x0000000080700000, 0x0000000080700000|100%| O|  |TAMS 0x0000000080700000, 0x0000000080600000| Untracked 
|   7|0x0000000080700000, 0x0000000080800000, 0x0000000080800000|100%| O|  |TAMS 0x0000000080800000, 0x0000000080700000| Untracked 
|   8|0x0000000080800000, 0x0000000080900000, 0x0000000080900000|100%| O|  |TAMS 0x0000000080900000, 0x0000000080800000| Untracked 
|   9|0x0000000080900000, 0x0000000080a00000, 0x0000000080a00000|100%| O|  |TAMS 0x0000000080a00000, 0x0000000080900000| Untracked 
|  10|0x0000000080a00000, 0x0000000080b00000, 0x0000000080b00000|100%| O|  |TAMS 0x0000000080b00000, 0x0000000080a00000| Untracked 
|  11|0x0000000080b00000, 0x0000000080c00000, 0x0000000080c00000|100%| O|  |TAMS 0x0000000080c00000, 0x0000000080b00000| Untracked 
|  12|0x0000000080c00000, 0x0000000080d00000, 0x0000000080d00000|100%| O|  |TAMS 0x0000000080d00000, 0x0000000080c00000| Untracked 
|  13|0x0000000080d00000, 0x0000000080e00000, 0x0000000080e00000|100%| O|  |TAMS 0x0000000080e00000, 0x0000000080d00000| Untracked 
|  14|0x0000000080e00000, 0x0000000080f00000, 0x0000000080f00000|100%| O|  |TAMS 0x0000000080f00000, 0x0000000080e00000| Untracked 
|  15|0x0000000080f00000, 0x0000000081000000, 0x0000000081000000|100%| O|  |TAMS 0x0000000081000000, 0x0000000080f00000| Untracked 
|  16|0x0000000081000000, 0x0000000081100000, 0x0000000081100000|100%| O|  |TAMS 0x0000000081100000, 0x0000000081000000| Untracked 
|  17|0x0000000081100000, 0x0000000081200000, 0x0000000081200000|100%| O|  |TAMS 0x0000000081200000, 0x0000000081100000| Untracked 
|  18|0x0000000081200000, 0x0000000081300000, 0x0000000081300000|100%| O|  |TAMS 0x0000000081300000, 0x0000000081200000| Untracked 
|  19|0x0000000081300000, 0x0000000081400000, 0x0000000081400000|100%| O|  |TAMS 0x0000000081400000, 0x0000000081300000| Untracked 
|  20|0x0000000081400000, 0x0000000081500000, 0x0000000081500000|100%| O|  |TAMS 0x0000000081500000, 0x0000000081400000| Untracked 
|  21|0x0000000081500000, 0x0000000081600000, 0x0000000081600000|100%| O|  |TAMS 0x0000000081600000, 0x0000000081500000| Untracked 
|  22|0x0000000081600000, 0x0000000081700000, 0x0000000081700000|100%| O|  |TAMS 0x0000000081700000, 0x0000000081600000| Untracked 
|  23|0x0000000081700000, 0x0000000081800000, 0x0000000081800000|100%| O|  |TAMS 0x0000000081800000, 0x0000000081700000| Untracked 
|  24|0x0000000081800000, 0x0000000081900000, 0x0000000081900000|100%| O|  |TAMS 0x0000000081900000, 0x0000000081800000| Untracked 
|  25|0x0000000081900000, 0x0000000081a00000, 0x0000000081a00000|100%| O|  |TAMS 0x0000000081a00000, 0x0000000081900000| Untracked 
|  26|0x0000000081a00000, 0x0000000081b00000, 0x0000000081b00000|100%| O|  |TAMS 0x0000000081b00000, 0x0000000081a00000| Untracked 
|  27|0x0000000081b00000, 0x0000000081c00000, 0x0000000081c00000|100%| O|  |TAMS 0x0000000081c00000, 0x0000000081b00000| Untracked 
|  28|0x0000000081c00000, 0x0000000081d00000, 0x0000000081d00000|100%| O|  |TAMS 0x0000000081d00000, 0x0000000081c00000| Untracked 
|  29|0x0000000081d00000, 0x0000000081e00000, 0x0000000081e00000|100%|HS|  |TAMS 0x0000000081e00000, 0x0000000081d00000| Complete 
|  30|0x0000000081e00000, 0x0000000081f00000, 0x0000000081f00000|100%|HS|  |TAMS 0x0000000081f00000, 0x0000000081e00000| Complete 
|  31|0x0000000081f00000, 0x0000000082000000, 0x0000000082000000|100%|HS|  |TAMS 0x0000000082000000, 0x0000000081f00000| Complete 
|  32|0x0000000082000000, 0x0000000082100000, 0x0000000082100000|100%|HS|  |TAMS 0x0000000082100000, 0x0000000082000000| Complete 
|  33|0x0000000082100000, 0x0000000082200000, 0x0000000082200000|100%|HC|  |TAMS 0x0000000082200000, 0x0000000082100000| Complete 
|  34|0x0000000082200000, 0x0000000082300000, 0x0000000082300000|100%|HC|  |TAMS 0x0000000082300000, 0x0000000082200000| Complete 
|  35|0x0000000082300000, 0x0000000082400000, 0x0000000082400000|100%|HS|  |TAMS 0x0000000082400000, 0x0000000082300000| Complete 
|  36|0x0000000082400000, 0x0000000082500000, 0x0000000082500000|100%|HC|  |TAMS 0x0000000082500000, 0x0000000082400000| Complete 
|  37|0x0000000082500000, 0x0000000082600000, 0x0000000082600000|100%| O|  |TAMS 0x0000000082600000, 0x0000000082500000| Untracked 
|  38|0x0000000082600000, 0x0000000082700000, 0x0000000082700000|100%| O|  |TAMS 0x0000000082700000, 0x0000000082600000| Untracked 
|  39|0x0000000082700000, 0x0000000082800000, 0x0000000082800000|100%| O|  |TAMS 0x0000000082800000, 0x0000000082700000| Untracked 
|  40|0x0000000082800000, 0x0000000082900000, 0x0000000082900000|100%| O|  |TAMS 0x0000000082900000, 0x0000000082800000| Untracked 
|  41|0x0000000082900000, 0x0000000082a00000, 0x0000000082a00000|100%| O|  |TAMS 0x0000000082a00000, 0x0000000082900000| Untracked 
|  42|0x0000000082a00000, 0x0000000082b00000, 0x0000000082b00000|100%| O|  |TAMS 0x0000000082b00000, 0x0000000082a00000| Untracked 
|  43|0x0000000082b00000, 0x0000000082c00000, 0x0000000082c00000|100%| O|  |TAMS 0x0000000082c00000, 0x0000000082b00000| Untracked 
|  44|0x0000000082c00000, 0x0000000082d00000, 0x0000000082d00000|100%| O|  |TAMS 0x0000000082d00000, 0x0000000082c00000| Untracked 
|  45|0x0000000082d00000, 0x0000000082e00000, 0x0000000082e00000|100%| O|  |TAMS 0x0000000082e00000, 0x0000000082d00000| Untracked 
|  46|0x0000000082e00000, 0x0000000082f00000, 0x0000000082f00000|100%| O|  |TAMS 0x0000000082f00000, 0x0000000082e00000| Untracked 
|  47|0x0000000082f00000, 0x0000000083000000, 0x0000000083000000|100%| O|  |TAMS 0x0000000083000000, 0x0000000082f00000| Untracked 
|  48|0x0000000083000000, 0x0000000083100000, 0x0000000083100000|100%| O|  |TAMS 0x0000000083100000, 0x0000000083000000| Untracked 
|  49|0x0000000083100000, 0x0000000083200000, 0x0000000083200000|100%| O|  |TAMS 0x0000000083200000, 0x0000000083100000| Untracked 
|  50|0x0000000083200000, 0x0000000083300000, 0x0000000083300000|100%| O|  |TAMS 0x0000000083300000, 0x0000000083200000| Untracked 
|  51|0x0000000083300000, 0x0000000083400000, 0x0000000083400000|100%| O|  |TAMS 0x0000000083400000, 0x0000000083300000| Untracked 
|  52|0x0000000083400000, 0x0000000083500000, 0x0000000083500000|100%| O|  |TAMS 0x0000000083500000, 0x0000000083400000| Untracked 
|  53|0x0000000083500000, 0x0000000083600000, 0x0000000083600000|100%| O|  |TAMS 0x0000000083600000, 0x0000000083500000| Untracked 
|  54|0x0000000083600000, 0x0000000083700000, 0x0000000083700000|100%| O|  |TAMS 0x0000000083700000, 0x0000000083600000| Untracked 
|  55|0x0000000083700000, 0x0000000083800000, 0x0000000083800000|100%| O|  |TAMS 0x0000000083800000, 0x0000000083700000| Untracked 
|  56|0x0000000083800000, 0x0000000083900000, 0x0000000083900000|100%| O|  |TAMS 0x0000000083900000, 0x0000000083800000| Untracked 
|  57|0x0000000083900000, 0x0000000083a00000, 0x0000000083a00000|100%| O|  |TAMS 0x0000000083a00000, 0x0000000083900000| Untracked 
|  58|0x0000000083a00000, 0x0000000083b00000, 0x0000000083b00000|100%| O|  |TAMS 0x0000000083b00000, 0x0000000083a00000| Untracked 
|  59|0x0000000083b00000, 0x0000000083c00000, 0x0000000083c00000|100%| O|  |TAMS 0x0000000083c00000, 0x0000000083b00000| Untracked 
|  60|0x0000000083c00000, 0x0000000083d00000, 0x0000000083d00000|100%| O|  |TAMS 0x0000000083d00000, 0x0000000083c00000| Untracked 
|  61|0x0000000083d00000, 0x0000000083e00000, 0x0000000083e00000|100%| O|  |TAMS 0x0000000083e00000, 0x0000000083d00000| Untracked 
|  62|0x0000000083e00000, 0x0000000083f00000, 0x0000000083f00000|100%| O|  |TAMS 0x0000000083f00000, 0x0000000083e00000| Untracked 
|  63|0x0000000083f00000, 0x0000000084000000, 0x0000000084000000|100%| O|  |TAMS 0x0000000084000000, 0x0000000083f00000| Untracked 
|  64|0x0000000084000000, 0x0000000084100000, 0x0000000084100000|100%| O|  |TAMS 0x0000000084100000, 0x0000000084000000| Untracked 
|  65|0x0000000084100000, 0x0000000084200000, 0x0000000084200000|100%| O|  |TAMS 0x0000000084200000, 0x0000000084100000| Untracked 
|  66|0x0000000084200000, 0x0000000084300000, 0x0000000084300000|100%| O|  |TAMS 0x0000000084300000, 0x0000000084200000| Untracked 
|  67|0x0000000084300000, 0x0000000084400000, 0x0000000084400000|100%| O|  |TAMS 0x0000000084400000, 0x0000000084300000| Untracked 
|  68|0x0000000084400000, 0x000000008447c800, 0x0000000084500000| 48%| O|  |TAMS 0x000000008447c800, 0x0000000084400000| Untracked 
|  69|0x0000000084500000, 0x0000000084500000, 0x0000000084600000|  0%| F|  |TAMS 0x0000000084500000, 0x0000000084500000| Untracked 
|  70|0x0000000084600000, 0x0000000084600000, 0x0000000084700000|  0%| F|  |TAMS 0x0000000084600000, 0x0000000084600000| Untracked 
|  71|0x0000000084700000, 0x0000000084700000, 0x0000000084800000|  0%| F|  |TAMS 0x0000000084700000, 0x0000000084700000| Untracked 
|  72|0x0000000084800000, 0x0000000084800000, 0x0000000084900000|  0%| F|  |TAMS 0x0000000084800000, 0x0000000084800000| Untracked 
|  73|0x0000000084900000, 0x0000000084900000, 0x0000000084a00000|  0%| F|  |TAMS 0x0000000084900000, 0x0000000084900000| Untracked 
|  74|0x0000000084a00000, 0x0000000084a00000, 0x0000000084b00000|  0%| F|  |TAMS 0x0000000084a00000, 0x0000000084a00000| Untracked 
|  75|0x0000000084b00000, 0x0000000084b00000, 0x0000000084c00000|  0%| F|  |TAMS 0x0000000084b00000, 0x0000000084b00000| Untracked 
|  76|0x0000000084c00000, 0x0000000084c00000, 0x0000000084d00000|  0%| F|  |TAMS 0x0000000084c00000, 0x0000000084c00000| Untracked 
|  77|0x0000000084d00000, 0x0000000084d00000, 0x0000000084e00000|  0%| F|  |TAMS 0x0000000084d00000, 0x0000000084d00000| Untracked 
|  78|0x0000000084e00000, 0x0000000084e00000, 0x0000000084f00000|  0%| F|  |TAMS 0x0000000084e00000, 0x0000000084e00000| Untracked 
|  79|0x0000000084f00000, 0x0000000084f00000, 0x0000000085000000|  0%| F|  |TAMS 0x0000000084f00000, 0x0000000084f00000| Untracked 
|  80|0x0000000085000000, 0x00000000850d6830, 0x0000000085100000| 83%| S|CS|TAMS 0x0000000085000000, 0x0000000085000000| Complete 
|  81|0x0000000085100000, 0x0000000085200000, 0x0000000085200000|100%| S|CS|TAMS 0x0000000085100000, 0x0000000085100000| Complete 
|  82|0x0000000085200000, 0x0000000085200000, 0x0000000085300000|  0%| F|  |TAMS 0x0000000085200000, 0x0000000085200000| Untracked 
|  83|0x0000000085300000, 0x0000000085300000, 0x0000000085400000|  0%| F|  |TAMS 0x0000000085300000, 0x0000000085300000| Untracked 
|  84|0x0000000085400000, 0x0000000085400000, 0x0000000085500000|  0%| F|  |TAMS 0x0000000085400000, 0x0000000085400000| Untracked 
|  85|0x0000000085500000, 0x0000000085500000, 0x0000000085600000|  0%| F|  |TAMS 0x0000000085500000, 0x0000000085500000| Untracked 
|  86|0x0000000085600000, 0x0000000085600000, 0x0000000085700000|  0%| F|  |TAMS 0x0000000085600000, 0x0000000085600000| Untracked 
|  87|0x0000000085700000, 0x0000000085700000, 0x0000000085800000|  0%| F|  |TAMS 0x0000000085700000, 0x0000000085700000| Untracked 
|  88|0x0000000085800000, 0x0000000085800000, 0x0000000085900000|  0%| F|  |TAMS 0x0000000085800000, 0x0000000085800000| Untracked 
|  89|0x0000000085900000, 0x0000000085900000, 0x0000000085a00000|  0%| F|  |TAMS 0x0000000085900000, 0x0000000085900000| Untracked 
|  90|0x0000000085a00000, 0x0000000085a00000, 0x0000000085b00000|  0%| F|  |TAMS 0x0000000085a00000, 0x0000000085a00000| Untracked 
|  91|0x0000000085b00000, 0x0000000085b00000, 0x0000000085c00000|  0%| F|  |TAMS 0x0000000085b00000, 0x0000000085b00000| Untracked 
|  92|0x0000000085c00000, 0x0000000085c00000, 0x0000000085d00000|  0%| F|  |TAMS 0x0000000085c00000, 0x0000000085c00000| Untracked 
|  93|0x0000000085d00000, 0x0000000085d00000, 0x0000000085e00000|  0%| F|  |TAMS 0x0000000085d00000, 0x0000000085d00000| Untracked 
|  94|0x0000000085e00000, 0x0000000085e00000, 0x0000000085f00000|  0%| F|  |TAMS 0x0000000085e00000, 0x0000000085e00000| Untracked 
|  95|0x0000000085f00000, 0x0000000085f00000, 0x0000000086000000|  0%| F|  |TAMS 0x0000000085f00000, 0x0000000085f00000| Untracked 
|  96|0x0000000086000000, 0x0000000086100000, 0x0000000086100000|100%| O|  |TAMS 0x0000000086100000, 0x0000000086000000| Untracked 
|  97|0x0000000086100000, 0x0000000086100000, 0x0000000086200000|  0%| F|  |TAMS 0x0000000086100000, 0x0000000086100000| Untracked 
|  98|0x0000000086200000, 0x000000008626b870, 0x0000000086300000| 42%| E|  |TAMS 0x0000000086200000, 0x0000000086200000| Complete 
|  99|0x0000000086300000, 0x0000000086400000, 0x0000000086400000|100%| E|CS|TAMS 0x0000000086300000, 0x0000000086300000| Complete 
| 100|0x0000000086400000, 0x0000000086500000, 0x0000000086500000|100%| E|CS|TAMS 0x0000000086400000, 0x0000000086400000| Complete 
| 101|0x0000000086500000, 0x0000000086600000, 0x0000000086600000|100%| E|CS|TAMS 0x0000000086500000, 0x0000000086500000| Complete 
| 102|0x0000000086600000, 0x0000000086700000, 0x0000000086700000|100%| E|CS|TAMS 0x0000000086600000, 0x0000000086600000| Complete 
| 103|0x0000000086700000, 0x0000000086800000, 0x0000000086800000|100%| E|CS|TAMS 0x0000000086700000, 0x0000000086700000| Complete 
| 104|0x0000000086800000, 0x0000000086900000, 0x0000000086900000|100%| E|CS|TAMS 0x0000000086800000, 0x0000000086800000| Complete 
| 105|0x0000000086900000, 0x0000000086a00000, 0x0000000086a00000|100%| E|CS|TAMS 0x0000000086900000, 0x0000000086900000| Complete 
| 106|0x0000000086a00000, 0x0000000086b00000, 0x0000000086b00000|100%| E|CS|TAMS 0x0000000086a00000, 0x0000000086a00000| Complete 
| 107|0x0000000086b00000, 0x0000000086c00000, 0x0000000086c00000|100%| E|CS|TAMS 0x0000000086b00000, 0x0000000086b00000| Complete 
| 108|0x0000000086c00000, 0x0000000086d00000, 0x0000000086d00000|100%| E|CS|TAMS 0x0000000086c00000, 0x0000000086c00000| Complete 
| 109|0x0000000086d00000, 0x0000000086e00000, 0x0000000086e00000|100%| E|CS|TAMS 0x0000000086d00000, 0x0000000086d00000| Complete 
| 110|0x0000000086e00000, 0x0000000086f00000, 0x0000000086f00000|100%| E|CS|TAMS 0x0000000086e00000, 0x0000000086e00000| Complete 
| 111|0x0000000086f00000, 0x0000000087000000, 0x0000000087000000|100%| E|CS|TAMS 0x0000000086f00000, 0x0000000086f00000| Complete 
| 112|0x0000000087000000, 0x0000000087100000, 0x0000000087100000|100%| E|CS|TAMS 0x0000000087000000, 0x0000000087000000| Complete 
| 113|0x0000000087100000, 0x0000000087200000, 0x0000000087200000|100%| E|CS|TAMS 0x0000000087100000, 0x0000000087100000| Complete 
| 114|0x0000000087200000, 0x0000000087300000, 0x0000000087300000|100%| E|CS|TAMS 0x0000000087200000, 0x0000000087200000| Complete 
| 115|0x0000000087300000, 0x0000000087400000, 0x0000000087400000|100%| E|CS|TAMS 0x0000000087300000, 0x0000000087300000| Complete 
| 116|0x0000000087400000, 0x0000000087500000, 0x0000000087500000|100%| E|CS|TAMS 0x0000000087400000, 0x0000000087400000| Complete 

Card table byte_map: [0x000001fd29730000,0x000001fd29b30000] _byte_map_base: 0x000001fd29330000

Marking Bits (Prev, Next): (CMBitMap*) 0x000001fd165326d8, (CMBitMap*) 0x000001fd16532710
 Prev Bits: [0x000001fd29f30000, 0x000001fd2bf30000)
 Next Bits: [0x000001fd2bf30000, 0x000001fd2df30000)

Polling page: 0x000001fd144e0000

Metaspace:

Usage:
  Non-class:     72.24 MB capacity,    71.21 MB ( 99%) used,   846.78 KB (  1%) free+waste,   203.19 KB ( <1%) overhead. 
      Class:     11.29 MB capacity,    10.62 MB ( 94%) used,   597.72 KB (  5%) free+waste,    93.06 KB ( <1%) overhead. 
       Both:     83.53 MB capacity,    81.83 MB ( 98%) used,     1.41 MB (  2%) free+waste,   296.25 KB ( <1%) overhead. 

Virtual space:
  Non-class space:       74.00 MB reserved,      72.37 MB ( 98%) committed 
      Class space:        1.00 GB reserved,      11.32 MB (  1%) committed 
             Both:        1.07 GB reserved,      83.70 MB (  8%) committed 

Chunk freelists:
   Non-Class:  7.00 KB
       Class:  22.00 KB
        Both:  29.00 KB

MaxMetaspaceSize: 17179869184.00 GB
CompressedClassSpaceSize: 1.00 GB
Initial GC threshold: 20.80 MB
Current GC threshold: 135.12 MB
CDS: off

CodeHeap 'non-profiled nmethods': size=120000Kb used=5056Kb max_used=5056Kb free=114944Kb
 bounds [0x000001fd21ad0000, 0x000001fd21fc0000, 0x000001fd29000000]
CodeHeap 'profiled nmethods': size=120000Kb used=17746Kb max_used=17746Kb free=102254Kb
 bounds [0x000001fd1a5a0000, 0x000001fd1b700000, 0x000001fd21ad0000]
CodeHeap 'non-nmethods': size=5760Kb used=2368Kb max_used=2454Kb free=3391Kb
 bounds [0x000001fd1a000000, 0x000001fd1a270000, 0x000001fd1a5a0000]
 total_blobs=9110 nmethods=8230 adapters=790
 compilation: enabled
              stopped_count=0, restarted_count=0
 full_count=0

Compilation events (20 events):
Event: 22.785 Thread 0x000001fd311c5000 nmethod 8304 0x000001fd1b6d7590 code [0x000001fd1b6d7760, 0x000001fd1b6d79e8]
Event: 22.785 Thread 0x000001fd311c5000 8305       3       java.util.LinkedHashMap$LinkedKeySet::size (8 bytes)
Event: 22.785 Thread 0x000001fd311c5000 nmethod 8305 0x000001fd1b6d7b10 code [0x000001fd1b6d7cc0, 0x000001fd1b6d7dd8]
Event: 22.785 Thread 0x000001fd311c5000 8306   !   3       com.sun.proxy.$Proxy100::annotationType (29 bytes)
Event: 22.785 Thread 0x000001fd311c5000 nmethod 8306 0x000001fd1b6d7e90 code [0x000001fd1b6d8080, 0x000001fd1b6d8458]
Event: 22.785 Thread 0x000001fd311c5000 8307       3       com.sun.xml.bind.v2.model.impl.PropertyInfoImpl::getIndividualType (112 bytes)
Event: 22.787 Thread 0x000001fd311c5000 nmethod 8307 0x000001fd1b6d8610 code [0x000001fd1b6d8980, 0x000001fd1b6da168]
Event: 22.787 Thread 0x000001fd311c5000 8308       3       com.sun.xml.bind.v2.model.impl.RuntimeTypeInfoSetImpl::getClassInfo (9 bytes)
Event: 22.788 Thread 0x000001fd311c5000 nmethod 8308 0x000001fd1b6da990 code [0x000001fd1b6dab60, 0x000001fd1b6daec8]
Event: 22.788 Thread 0x000001fd311c5000 8309       3       com.sun.xml.bind.v2.model.impl.RuntimeTypeInfoSetImpl::getClassInfo (9 bytes)
Event: 22.788 Thread 0x000001fd311c5000 nmethod 8309 0x000001fd1b6db010 code [0x000001fd1b6db1e0, 0x000001fd1b6db408]
Event: 22.788 Thread 0x000001fd311c5000 8310       3       com.sun.xml.bind.v2.model.impl.ClassInfoImpl::shouldRecurseSuperClass (37 bytes)
Event: 22.788 Thread 0x000001fd311c5000 nmethod 8310 0x000001fd1b6db510 code [0x000001fd1b6db700, 0x000001fd1b6dbbb8]
Event: 22.788 Thread 0x000001fd311c5000 8311       3       com.sun.xml.bind.v2.model.impl.ModelBuilder::isReplaced (11 bytes)
Event: 22.789 Thread 0x000001fd311c5000 nmethod 8311 0x000001fd1b6dbd90 code [0x000001fd1b6dbf40, 0x000001fd1b6dc108]
Event: 22.789 Thread 0x000001fd311c5000 8312       3       java.lang.reflect.Field::getDeclaredAnnotations (8 bytes)
Event: 22.790 Thread 0x000001fd311c5000 nmethod 8312 0x000001fd1b6dc210 code [0x000001fd1b6dc400, 0x000001fd1b6dc808]
Event: 22.792 Thread 0x000001fd311c5000 8313       3       com.sun.xml.bind.v2.model.impl.PropertyInfoImpl::getName (10 bytes)
Event: 22.792 Thread 0x000001fd311c5000 nmethod 8313 0x000001fd1b6dc990 code [0x000001fd1b6dcb40, 0x000001fd1b6dcd08]
Event: 22.793 Thread 0x000001fd311c5000 8314       3       com.sun.xml.bind.v2.model.annotation.RuntimeInlineAnnotationReader::getClassValue (7 bytes)

GC Heap History (20 events):
Event: 18.713 GC heap before
{Heap before GC invocations=23 (full 0):
 garbage-first heap   total 99328K, used 82619K [0x0000000080000000, 0x0000000100000000)
  region size 1024K, 24 young (24576K), 3 survivors (3072K)
 Metaspace       used 69076K, capacity 70545K, committed 70728K, reserved 1110016K
  class space    used 8738K, capacity 9310K, committed 9420K, reserved 1048576K
}
Event: 18.721 GC heap after
{Heap after GC invocations=24 (full 0):
 garbage-first heap   total 99328K, used 63202K [0x0000000080000000, 0x0000000100000000)
  region size 1024K, 3 young (3072K), 3 survivors (3072K)
 Metaspace       used 69076K, capacity 70545K, committed 70728K, reserved 1110016K
  class space    used 8738K, capacity 9310K, committed 9420K, reserved 1048576K
}
Event: 18.896 GC heap before
{Heap before GC invocations=25 (full 0):
 garbage-first heap   total 99328K, used 83682K [0x0000000080000000, 0x0000000100000000)
  region size 1024K, 23 young (23552K), 3 survivors (3072K)
 Metaspace       used 69105K, capacity 70643K, committed 70728K, reserved 1110016K
  class space    used 8743K, capacity 9344K, committed 9420K, reserved 1048576K
}
Event: 18.901 GC heap after
{Heap after GC invocations=26 (full 0):
 garbage-first heap   total 99328K, used 64734K [0x0000000080000000, 0x0000000100000000)
  region size 1024K, 2 young (2048K), 2 survivors (2048K)
 Metaspace       used 69105K, capacity 70643K, committed 70728K, reserved 1110016K
  class space    used 8743K, capacity 9344K, committed 9420K, reserved 1048576K
}
Event: 19.183 GC heap before
{Heap before GC invocations=26 (full 0):
 garbage-first heap   total 99328K, used 83166K [0x0000000080000000, 0x0000000100000000)
  region size 1024K, 20 young (20480K), 2 survivors (2048K)
 Metaspace       used 70705K, capacity 72290K, committed 72392K, reserved 1112064K
  class space    used 8922K, capacity 9508K, committed 9548K, reserved 1048576K
}
Event: 19.188 GC heap after
{Heap after GC invocations=27 (full 0):
 garbage-first heap   total 99328K, used 65820K [0x0000000080000000, 0x0000000100000000)
  region size 1024K, 3 young (3072K), 3 survivors (3072K)
 Metaspace       used 70705K, capacity 72290K, committed 72392K, reserved 1112064K
  class space    used 8922K, capacity 9508K, committed 9548K, reserved 1048576K
}
Event: 19.705 GC heap before
{Heap before GC invocations=28 (full 0):
 garbage-first heap   total 99328K, used 83228K [0x0000000080000000, 0x0000000100000000)
  region size 1024K, 20 young (20480K), 3 survivors (3072K)
 Metaspace       used 72821K, capacity 74358K, committed 74568K, reserved 1114112K
  class space    used 9301K, capacity 9900K, committed 9932K, reserved 1048576K
}
Event: 19.711 GC heap after
{Heap after GC invocations=29 (full 0):
 garbage-first heap   total 99328K, used 67035K [0x0000000080000000, 0x0000000100000000)
  region size 1024K, 3 young (3072K), 3 survivors (3072K)
 Metaspace       used 72821K, capacity 74358K, committed 74568K, reserved 1114112K
  class space    used 9301K, capacity 9900K, committed 9932K, reserved 1048576K
}
Event: 20.340 GC heap before
{Heap before GC invocations=29 (full 0):
 garbage-first heap   total 99328K, used 84443K [0x0000000080000000, 0x0000000100000000)
  region size 1024K, 20 young (20480K), 3 survivors (3072K)
 Metaspace       used 74847K, capacity 76398K, committed 76488K, reserved 1116160K
  class space    used 9647K, capacity 10233K, committed 10316K, reserved 1048576K
}
Event: 20.348 GC heap after
{Heap after GC invocations=30 (full 0):
 garbage-first heap   total 99328K, used 67989K [0x0000000080000000, 0x0000000100000000)
  region size 1024K, 3 young (3072K), 3 survivors (3072K)
 Metaspace       used 74847K, capacity 76398K, committed 76488K, reserved 1116160K
  class space    used 9647K, capacity 10233K, committed 10316K, reserved 1048576K
}
Event: 20.972 GC heap before
{Heap before GC invocations=31 (full 0):
 garbage-first heap   total 99328K, used 84373K [0x0000000080000000, 0x0000000100000000)
  region size 1024K, 19 young (19456K), 3 survivors (3072K)
 Metaspace       used 76890K, capacity 78468K, committed 78536K, reserved 1118208K
  class space    used 9896K, capacity 10534K, committed 10572K, reserved 1048576K
}
Event: 20.977 GC heap after
{Heap after GC invocations=32 (full 0):
 garbage-first heap   total 99328K, used 69078K [0x0000000080000000, 0x0000000100000000)
  region size 1024K, 3 young (3072K), 3 survivors (3072K)
 Metaspace       used 76890K, capacity 78468K, committed 78536K, reserved 1118208K
  class space    used 9896K, capacity 10534K, committed 10572K, reserved 1048576K
}
Event: 21.409 GC heap before
{Heap before GC invocations=32 (full 0):
 garbage-first heap   total 99328K, used 84438K [0x0000000080000000, 0x0000000100000000)
  region size 1024K, 18 young (18432K), 3 survivors (3072K)
 Metaspace       used 78691K, capacity 80307K, committed 80584K, reserved 1120256K
  class space    used 10123K, capacity 10761K, committed 10828K, reserved 1048576K
}
Event: 21.413 GC heap after
{Heap after GC invocations=33 (full 0):
 garbage-first heap   total 99328K, used 70181K [0x0000000080000000, 0x0000000100000000)
  region size 1024K, 3 young (3072K), 3 survivors (3072K)
 Metaspace       used 78691K, capacity 80307K, committed 80584K, reserved 1120256K
  class space    used 10123K, capacity 10761K, committed 10828K, reserved 1048576K
}
Event: 21.749 GC heap before
{Heap before GC invocations=34 (full 0):
 garbage-first heap   total 99328K, used 84517K [0x0000000080000000, 0x0000000100000000)
  region size 1024K, 17 young (17408K), 3 survivors (3072K)
 Metaspace       used 79878K, capacity 81569K, committed 81736K, reserved 1120256K
  class space    used 10297K, capacity 10938K, committed 10956K, reserved 1048576K
}
Event: 21.754 GC heap after
{Heap after GC invocations=35 (full 0):
 garbage-first heap   total 99328K, used 71329K [0x0000000080000000, 0x0000000100000000)
  region size 1024K, 3 young (3072K), 3 survivors (3072K)
 Metaspace       used 79878K, capacity 81569K, committed 81736K, reserved 1120256K
  class space    used 10297K, capacity 10938K, committed 10956K, reserved 1048576K
}
Event: 21.960 GC heap before
{Heap before GC invocations=35 (full 0):
 garbage-first heap   total 99328K, used 84641K [0x0000000080000000, 0x0000000100000000)
  region size 1024K, 16 young (16384K), 3 survivors (3072K)
 Metaspace       used 80792K, capacity 82501K, committed 82760K, reserved 1120256K
  class space    used 10419K, capacity 11095K, committed 11212K, reserved 1048576K
}
Event: 21.967 GC heap after
{Heap after GC invocations=36 (full 0):
 garbage-first heap   total 99328K, used 72178K [0x0000000080000000, 0x0000000100000000)
  region size 1024K, 1 young (1024K), 1 survivors (1024K)
 Metaspace       used 80792K, capacity 82501K, committed 82760K, reserved 1120256K
  class space    used 10419K, capacity 11095K, committed 11212K, reserved 1048576K
}
Event: 22.351 GC heap before
{Heap before GC invocations=37 (full 0):
 garbage-first heap   total 99328K, used 85490K [0x0000000080000000, 0x0000000100000000)
  region size 1024K, 14 young (14336K), 1 survivors (1024K)
 Metaspace       used 82051K, capacity 83773K, committed 83912K, reserved 1122304K
  class space    used 10595K, capacity 11260K, committed 11340K, reserved 1048576K
}
Event: 22.356 GC heap after
{Heap after GC invocations=38 (full 0):
 garbage-first heap   total 119808K, used 73036K [0x0000000080000000, 0x0000000100000000)
  region size 1024K, 2 young (2048K), 2 survivors (2048K)
 Metaspace       used 82051K, capacity 83773K, committed 83912K, reserved 1122304K
  class space    used 10595K, capacity 11260K, committed 11340K, reserved 1048576K
}

Deoptimization events (20 events):
Event: 22.570 Thread 0x000001fd33791000 Uncommon trap: trap_request=0xfffffff4 fr.pc=0x000001fd21e8e1d0 relative=0x00000000000083b0
Event: 22.570 Thread 0x000001fd33791000 Uncommon trap: reason=null_check action=make_not_entrant pc=0x000001fd21e8e1d0 method=java.lang.Class.createAnnotationData(I)Ljava/lang/Class$AnnotationData; @ 14 c2
Event: 22.570 Thread 0x000001fd33791000 DEOPT PACKING pc=0x000001fd21e8e1d0 sp=0x000000a9b72f82d0
Event: 22.570 Thread 0x000001fd33791000 DEOPT UNPACKING pc=0x000001fd1a04a1af sp=0x000000a9b72f82f0 mode 2
Event: 22.574 Thread 0x000001fd33791000 Uncommon trap: trap_request=0xffffffc6 fr.pc=0x000001fd21fb5534 relative=0x0000000000004374
Event: 22.574 Thread 0x000001fd33791000 Uncommon trap: reason=bimorphic_or_optimized_type_check action=maybe_recompile pc=0x000001fd21fb5534 method=java.util.AbstractCollection.addAll(Ljava/util/Collection;)Z @ 29 c2
Event: 22.574 Thread 0x000001fd33791000 DEOPT PACKING pc=0x000001fd21fb5534 sp=0x000000a9b72f87e0
Event: 22.574 Thread 0x000001fd33791000 DEOPT UNPACKING pc=0x000001fd1a04a1af sp=0x000000a9b72f87e0 mode 2
Event: 22.585 Thread 0x000001fd33791000 Uncommon trap: trap_request=0xffffffc6 fr.pc=0x000001fd21fb5534 relative=0x0000000000004374
Event: 22.585 Thread 0x000001fd33791000 Uncommon trap: reason=bimorphic_or_optimized_type_check action=maybe_recompile pc=0x000001fd21fb5534 method=java.util.AbstractCollection.addAll(Ljava/util/Collection;)Z @ 29 c2
Event: 22.585 Thread 0x000001fd33791000 DEOPT PACKING pc=0x000001fd21fb5534 sp=0x000000a9b72f87e0
Event: 22.585 Thread 0x000001fd33791000 DEOPT UNPACKING pc=0x000001fd1a04a1af sp=0x000000a9b72f87e0 mode 2
Event: 22.589 Thread 0x000001fd33791000 Uncommon trap: trap_request=0xffffffc6 fr.pc=0x000001fd21fb5534 relative=0x0000000000004374
Event: 22.589 Thread 0x000001fd33791000 Uncommon trap: reason=bimorphic_or_optimized_type_check action=maybe_recompile pc=0x000001fd21fb5534 method=java.util.AbstractCollection.addAll(Ljava/util/Collection;)Z @ 29 c2
Event: 22.589 Thread 0x000001fd33791000 DEOPT PACKING pc=0x000001fd21fb5534 sp=0x000000a9b72f8500
Event: 22.590 Thread 0x000001fd33791000 DEOPT UNPACKING pc=0x000001fd1a04a1af sp=0x000000a9b72f8500 mode 2
Event: 22.601 Thread 0x000001fd33791000 Uncommon trap: trap_request=0xffffffc6 fr.pc=0x000001fd21fb5534 relative=0x0000000000004374
Event: 22.601 Thread 0x000001fd33791000 Uncommon trap: reason=bimorphic_or_optimized_type_check action=maybe_recompile pc=0x000001fd21fb5534 method=java.util.AbstractCollection.addAll(Ljava/util/Collection;)Z @ 29 c2
Event: 22.601 Thread 0x000001fd33791000 DEOPT PACKING pc=0x000001fd21fb5534 sp=0x000000a9b72f85e0
Event: 22.601 Thread 0x000001fd33791000 DEOPT UNPACKING pc=0x000001fd1a04a1af sp=0x000000a9b72f85e0 mode 2

Classes redefined (0 events):
No events

Internal exceptions (20 events):
Event: 18.962 Thread 0x000001fd33791000 Exception <a 'java/lang/ClassNotFoundException'{0x000000008590fe20}: org/gradle/api/internal/artifacts/dsl/dependencies/DefaultDependencyHandler_DecoratedBeanInfo> (0x000000008590fe20) thrown at [./src/hotspot/share/classfile/systemDictionary.cpp, line 231]
Event: 18.964 Thread 0x000001fd33791000 Exception <a 'java/lang/ClassNotFoundException'{0x000000008595a568}: org/gradle/api/internal/artifacts/dsl/dependencies/DefaultDependencyHandlerBeanInfo> (0x000000008595a568) thrown at [./src/hotspot/share/classfile/systemDictionary.cpp, line 231]
Event: 18.965 Thread 0x000001fd33791000 Exception <a 'java/lang/ClassNotFoundException'{0x00000000859a48e8}: org/gradle/api/internal/artifacts/dsl/dependencies/DefaultDependencyHandlerCustomizer> (0x00000000859a48e8) thrown at [./src/hotspot/share/classfile/systemDictionary.cpp, line 231]
Event: 18.967 Thread 0x000001fd33791000 Exception <a 'java/lang/ClassNotFoundException'{0x00000000858166a0}: org/gradle/api/internal/artifacts/dsl/dependencies/DefaultDependencyHandler_DecoratedCustomizer> (0x00000000858166a0) thrown at [./src/hotspot/share/classfile/systemDictionary.cpp, line 231]
Event: 20.417 Thread 0x000001fd33791000 Exception <a 'java/lang/ClassNotFoundException'{0x0000000085c506e0}: com/android/build/gradle/internal/api/ApkVariantOutputImpl_DecoratedBeanInfo> (0x0000000085c506e0) thrown at [./src/hotspot/share/classfile/systemDictionary.cpp, line 231]
Event: 20.418 Thread 0x000001fd33791000 Exception <a 'java/lang/ClassNotFoundException'{0x0000000085c6c460}: com/android/build/gradle/internal/api/ApkVariantOutputImplBeanInfo> (0x0000000085c6c460) thrown at [./src/hotspot/share/classfile/systemDictionary.cpp, line 231]
Event: 20.419 Thread 0x000001fd33791000 Exception <a 'java/lang/ClassNotFoundException'{0x0000000085c88850}: com/android/build/gradle/internal/api/BaseVariantOutputImplBeanInfo> (0x0000000085c88850) thrown at [./src/hotspot/share/classfile/systemDictionary.cpp, line 231]
Event: 20.429 Thread 0x000001fd33791000 Exception <a 'java/lang/ClassNotFoundException'{0x0000000085ca5988}: com/android/build/gradle/internal/api/BaseVariantOutputImplCustomizer> (0x0000000085ca5988) thrown at [./src/hotspot/share/classfile/systemDictionary.cpp, line 231]
Event: 20.431 Thread 0x000001fd33791000 Exception <a 'java/lang/ClassNotFoundException'{0x0000000085cd4478}: com/android/build/gradle/internal/api/ApkVariantOutputImplCustomizer> (0x0000000085cd4478) thrown at [./src/hotspot/share/classfile/systemDictionary.cpp, line 231]
Event: 20.432 Thread 0x000001fd33791000 Exception <a 'java/lang/ClassNotFoundException'{0x0000000085b03230}: com/android/build/gradle/internal/api/ApkVariantOutputImpl_DecoratedCustomizer> (0x0000000085b03230) thrown at [./src/hotspot/share/classfile/systemDictionary.cpp, line 231]
Event: 20.511 Thread 0x000001fd33791000 Exception <a 'java/lang/ClassNotFoundException'{0x00000000859f84d0}: com/android/build/gradle/internal/api/ReadOnlyBuildTypeBeanInfo> (0x00000000859f84d0) thrown at [./src/hotspot/share/classfile/systemDictionary.cpp, line 231]
Event: 20.512 Thread 0x000001fd33791000 Exception <a 'java/lang/ClassNotFoundException'{0x0000000085814d90}: com/android/build/gradle/internal/api/ReadOnlyBaseConfigBeanInfo> (0x0000000085814d90) thrown at [./src/hotspot/share/classfile/systemDictionary.cpp, line 231]
Event: 20.513 Thread 0x000001fd33791000 Exception <a 'java/lang/ClassNotFoundException'{0x0000000085830af0}: com/android/build/gradle/internal/api/ReadOnlyBaseConfigCustomizer> (0x0000000085830af0) thrown at [./src/hotspot/share/classfile/systemDictionary.cpp, line 231]
Event: 20.515 Thread 0x000001fd33791000 Exception <a 'java/lang/ClassNotFoundException'{0x000000008585c610}: com/android/build/gradle/internal/api/ReadOnlyBuildTypeCustomizer> (0x000000008585c610) thrown at [./src/hotspot/share/classfile/systemDictionary.cpp, line 231]
Event: 21.498 Thread 0x000001fd33791000 Implicit null exception at 0x000001fd21cdfd2f to 0x000001fd21ce04a0
Event: 21.894 Thread 0x000001fd33791000 Exception <a 'java/lang/NoSuchMethodError'{0x00000000857bff58}: 'java.lang.Object java.lang.invoke.Invokers$Holder.linkToTargetMethod(java.lang.Object, int, java.lang.Object)'> (0x00000000857bff58) thrown at [./src/hotspot/share/interpreter/linkResolver.cpp, line 773]
Event: 22.227 Thread 0x000001fd33791000 Exception <a 'sun/nio/fs/WindowsException'{0x0000000085844900}> (0x0000000085844900) thrown at [./src/hotspot/share/prims/jni.cpp, line 615]
Event: 22.227 Thread 0x000001fd33791000 Exception <a 'sun/nio/fs/WindowsException'{0x0000000085844cd8}> (0x0000000085844cd8) thrown at [./src/hotspot/share/prims/jni.cpp, line 615]
Event: 22.434 Thread 0x000001fd33791000 Exception <a 'java/lang/NullPointerException'{0x000000008708c430}> (0x000000008708c430) thrown at [./src/hotspot/share/interpreter/linkResolver.cpp, line 1440]
Event: 22.570 Thread 0x000001fd33791000 Implicit null exception at 0x000001fd21e86132 to 0x000001fd21e8e1b8

Events (20 events):
Event: 22.761 loading class com/android/sdklib/repository/generated/repository/v3/PlatformDetailsType
Event: 22.761 loading class com/android/sdklib/repository/generated/repository/v3/PlatformDetailsType done
Event: 22.761 loading class com/android/sdklib/repository/generated/common/v3/ApiDetailsType
Event: 22.761 loading class com/android/sdklib/repository/generated/common/v3/ApiDetailsType done
Event: 22.762 loading class com/android/sdklib/repository/generated/repository/v3/SourceDetailsType
Event: 22.762 loading class com/android/sdklib/repository/generated/repository/v3/SourceDetailsType done
Event: 22.770 loading class com/android/sdklib/repository/generated/addon/v1/MavenType
Event: 22.770 loading class com/android/sdklib/repository/generated/addon/v1/MavenType done
Event: 22.771 loading class com/android/sdklib/repository/meta/DetailsTypes$MavenType
Event: 22.771 loading class com/android/sdklib/repository/meta/DetailsTypes$MavenType done
Event: 22.772 loading class com/android/sdklib/repository/generated/addon/v1/AddonDetailsType
Event: 22.772 loading class com/android/sdklib/repository/generated/addon/v1/AddonDetailsType done
Event: 22.772 loading class com/android/sdklib/repository/generated/addon/v1/ExtraDetailsType
Event: 22.772 loading class com/android/sdklib/repository/generated/addon/v1/ExtraDetailsType done
Event: 22.781 loading class com/android/sdklib/repository/generated/addon/v2/MavenType
Event: 22.781 loading class com/android/sdklib/repository/generated/addon/v2/MavenType done
Event: 22.781 loading class com/android/sdklib/repository/generated/addon/v2/AddonDetailsType
Event: 22.781 loading class com/android/sdklib/repository/generated/addon/v2/AddonDetailsType done
Event: 22.782 loading class com/android/sdklib/repository/generated/addon/v2/ExtraDetailsType
Event: 22.782 loading class com/android/sdklib/repository/generated/addon/v2/ExtraDetailsType done


Dynamic libraries:
0x00007ff6d5b50000 - 0x00007ff6d5b5a000 	C:\Program Files\Android\Android Studio\jre\bin\java.exe
0x00007ffe24160000 - 0x00007ffe24369000 	C:\WINDOWS\SYSTEM32\ntdll.dll
0x00007ffe22ed0000 - 0x00007ffe22f8d000 	C:\WINDOWS\System32\KERNEL32.DLL
0x00007ffe217f0000 - 0x00007ffe21b6b000 	C:\WINDOWS\System32\KERNELBASE.dll
0x00007ffe21b70000 - 0x00007ffe21c81000 	C:\WINDOWS\System32\ucrtbase.dll
0x00007ffe18a70000 - 0x00007ffe18a89000 	C:\Program Files\Android\Android Studio\jre\bin\jli.dll
0x00007ffe18e30000 - 0x00007ffe18e47000 	C:\Program Files\Android\Android Studio\jre\bin\VCRUNTIME140.dll
0x00007ffe23090000 - 0x00007ffe2323d000 	C:\WINDOWS\System32\USER32.dll
0x00007ffe21750000 - 0x00007ffe21776000 	C:\WINDOWS\System32\win32u.dll
0x00007ffdfdc50000 - 0x00007ffdfdef5000 	C:\WINDOWS\WinSxS\amd64_microsoft.windows.common-controls_6595b64144ccf1df_6.0.22000.120_none_9d947278b86cc467\COMCTL32.dll
0x00007ffe232c0000 - 0x00007ffe232e9000 	C:\WINDOWS\System32\GDI32.dll
0x00007ffe21630000 - 0x00007ffe21748000 	C:\WINDOWS\System32\gdi32full.dll
0x00007ffe23500000 - 0x00007ffe235a3000 	C:\WINDOWS\System32\msvcrt.dll
0x00007ffe21c90000 - 0x00007ffe21d2d000 	C:\WINDOWS\System32\msvcp_win.dll
0x00007ffe22f90000 - 0x00007ffe22fc1000 	C:\WINDOWS\System32\IMM32.DLL
0x00007ffe03400000 - 0x00007ffe0349d000 	C:\Program Files\Android\Android Studio\jre\bin\msvcp140.dll
0x00007ffde1960000 - 0x00007ffde2445000 	C:\Program Files\Android\Android Studio\jre\bin\server\jvm.dll
0x00007ffe22600000 - 0x00007ffe226ae000 	C:\WINDOWS\System32\ADVAPI32.dll
0x00007ffe226b0000 - 0x00007ffe2274e000 	C:\WINDOWS\System32\sechost.dll
0x00007ffe233e0000 - 0x00007ffe23500000 	C:\WINDOWS\System32\RPCRT4.dll
0x00007ffe23d70000 - 0x00007ffe23d78000 	C:\WINDOWS\System32\PSAPI.DLL
0x00007ffe1bb10000 - 0x00007ffe1bb1a000 	C:\WINDOWS\SYSTEM32\VERSION.dll
0x00007ffe1cce0000 - 0x00007ffe1cce9000 	C:\WINDOWS\SYSTEM32\WSOCK32.dll
0x00007ffe1d7a0000 - 0x00007ffe1d7d3000 	C:\WINDOWS\SYSTEM32\WINMM.dll
0x00007ffe22920000 - 0x00007ffe2298f000 	C:\WINDOWS\System32\WS2_32.dll
0x00007ffe20720000 - 0x00007ffe20738000 	C:\WINDOWS\SYSTEM32\kernel.appcore.dll
0x00007ffe1a6a0000 - 0x00007ffe1a6b1000 	C:\Program Files\Android\Android Studio\jre\bin\verify.dll
0x00007ffe194b0000 - 0x00007ffe196d1000 	C:\WINDOWS\SYSTEM32\DBGHELP.DLL
0x00007ffe1a7b0000 - 0x00007ffe1a7e1000 	C:\WINDOWS\SYSTEM32\dbgcore.DLL
0x00007ffe21f60000 - 0x00007ffe21fdf000 	C:\WINDOWS\System32\bcryptPrimitives.dll
0x00007ffe18ae0000 - 0x00007ffe18b09000 	C:\Program Files\Android\Android Studio\jre\bin\java.dll
0x00007ffe1ccd0000 - 0x00007ffe1ccdb000 	C:\Program Files\Android\Android Studio\jre\bin\jimage.dll
0x00007ffe1a660000 - 0x00007ffe1a678000 	C:\Program Files\Android\Android Studio\jre\bin\zip.dll
0x00007ffe235b0000 - 0x00007ffe23d68000 	C:\WINDOWS\System32\SHELL32.dll
0x00007ffe1f720000 - 0x00007ffe1ff85000 	C:\WINDOWS\SYSTEM32\windows.storage.dll
0x00007ffe23da0000 - 0x00007ffe24117000 	C:\WINDOWS\System32\combase.dll
0x00007ffe1f5b0000 - 0x00007ffe1f716000 	C:\WINDOWS\SYSTEM32\wintypes.dll
0x00007ffe22bf0000 - 0x00007ffe22cda000 	C:\WINDOWS\System32\SHCORE.dll
0x00007ffe22e70000 - 0x00007ffe22ecd000 	C:\WINDOWS\System32\shlwapi.dll
0x00007ffe21560000 - 0x00007ffe21581000 	C:\WINDOWS\SYSTEM32\profapi.dll
0x00007ffe18a30000 - 0x00007ffe18a4a000 	C:\Program Files\Android\Android Studio\jre\bin\net.dll
0x00007ffe1d0c0000 - 0x00007ffe1d1cc000 	C:\WINDOWS\SYSTEM32\WINHTTP.dll
0x00007ffe20bc0000 - 0x00007ffe20c27000 	C:\WINDOWS\system32\mswsock.dll
0x00007ffe18a10000 - 0x00007ffe18a24000 	C:\Program Files\Android\Android Studio\jre\bin\nio.dll
0x00007ffe1cbb0000 - 0x00007ffe1cbd7000 	C:\Users\Tvrma\AndroidStudioProjects\native\e1d6ef7f7dcc3fd88c89a11ec53ec762bb8ba0a96d01ffa2cd45eb1d1d8dd5c5\windows-amd64\native-platform.dll
0x00007ffde8ae0000 - 0x00007ffde8c24000 	C:\Users\Tvrma\AndroidStudioProjects\native\5664cfc778a61ccfe75a443a1ab52a65af34e5dc3c78e0209fed803814484fcb\windows-amd64\native-platform-file-events.dll
0x00007ffe18ad0000 - 0x00007ffe18ada000 	C:\Program Files\Android\Android Studio\jre\bin\management.dll
0x00007ffe18a00000 - 0x00007ffe18a0d000 	C:\Program Files\Android\Android Studio\jre\bin\management_ext.dll
0x00007ffe20e00000 - 0x00007ffe20e18000 	C:\WINDOWS\SYSTEM32\CRYPTSP.dll
0x00007ffe20680000 - 0x00007ffe206b5000 	C:\WINDOWS\system32\rsaenh.dll
0x00007ffe20cb0000 - 0x00007ffe20cd9000 	C:\WINDOWS\SYSTEM32\USERENV.dll
0x00007ffe20f90000 - 0x00007ffe20fb7000 	C:\WINDOWS\SYSTEM32\bcrypt.dll
0x00007ffe20e20000 - 0x00007ffe20e2c000 	C:\WINDOWS\SYSTEM32\CRYPTBASE.dll
0x00007ffe201e0000 - 0x00007ffe2020d000 	C:\WINDOWS\SYSTEM32\IPHLPAPI.DLL
0x00007ffe22910000 - 0x00007ffe22919000 	C:\WINDOWS\System32\NSI.dll
0x00007ffe1d200000 - 0x00007ffe1d219000 	C:\WINDOWS\SYSTEM32\dhcpcsvc6.DLL
0x00007ffe1d540000 - 0x00007ffe1d55e000 	C:\WINDOWS\SYSTEM32\dhcpcsvc.DLL
0x00007ffe20210000 - 0x00007ffe202f8000 	C:\WINDOWS\SYSTEM32\DNSAPI.dll

dbghelp: loaded successfully - version: 4.0.5 - missing functions: none
symbol engine: initialized successfully - sym options: 0x614 - pdb path: .;C:\Program Files\Android\Android Studio\jre\bin;C:\WINDOWS\SYSTEM32;C:\WINDOWS\WinSxS\amd64_microsoft.windows.common-controls_6595b64144ccf1df_6.0.22000.120_none_9d947278b86cc467;C:\Program Files\Android\Android Studio\jre\bin\server;C:\Users\Tvrma\AndroidStudioProjects\native\e1d6ef7f7dcc3fd88c89a11ec53ec762bb8ba0a96d01ffa2cd45eb1d1d8dd5c5\windows-amd64;C:\Users\Tvrma\AndroidStudioProjects\native\5664cfc778a61ccfe75a443a1ab52a65af34e5dc3c78e0209fed803814484fcb\windows-amd64

VM Arguments:
jvm_args: --add-opens=java.base/java.util=ALL-UNNAMED --add-opens=java.base/java.lang=ALL-UNNAMED --add-opens=java.base/java.lang.invoke=ALL-UNNAMED --add-opens=java.base/java.util=ALL-UNNAMED --add-opens=java.prefs/java.util.prefs=ALL-UNNAMED --add-opens=java.prefs/java.util.prefs=ALL-UNNAMED --add-opens=java.base/java.nio.charset=ALL-UNNAMED --add-opens=java.base/java.net=ALL-UNNAMED --add-opens=java.base/java.util.concurrent.atomic=ALL-UNNAMED -Xmx2048m -Dfile.encoding=UTF-8 -Duser.country=RU -Duser.language=ru -Duser.variant 
java_command: org.gradle.launcher.daemon.bootstrap.GradleDaemon 7.3.3
java_class_path (initial): C:\Users\Tvrma\AndroidStudioProjects\wrapper\dists\gradle-7.3.3-bin\6a41zxkdtcxs8rphpq6y0069z\gradle-7.3.3\lib\gradle-launcher-7.3.3.jar
Launcher Type: SUN_STANDARD

[Global flags]
     intx CICompilerCount                          = 4                                         {product} {ergonomic}
     uint ConcGCThreads                            = 2                                         {product} {ergonomic}
     uint G1ConcRefinementThreads                  = 8                                         {product} {ergonomic}
   size_t G1HeapRegionSize                         = 1048576                                   {product} {ergonomic}
    uintx GCDrainStackTargetSize                   = 64                                        {product} {ergonomic}
   size_t InitialHeapSize                          = 100663296                                 {product} {ergonomic}
   size_t MarkStackSize                            = 4194304                                   {product} {ergonomic}
   size_t MaxHeapSize                              = 2147483648                                {product} {command line}
   size_t MaxNewSize                               = 1287651328                                {product} {ergonomic}
   size_t MinHeapDeltaBytes                        = 1048576                                   {product} {ergonomic}
    uintx NonNMethodCodeHeapSize                   = 5836300                                {pd product} {ergonomic}
    uintx NonProfiledCodeHeapSize                  = 122910970                              {pd product} {ergonomic}
    uintx ProfiledCodeHeapSize                     = 122910970                              {pd product} {ergonomic}
    uintx ReservedCodeCacheSize                    = 251658240                              {pd product} {ergonomic}
     bool SegmentedCodeCache                       = true                                      {product} {ergonomic}
     bool UseCompressedClassPointers               = true                                 {lp64_product} {ergonomic}
     bool UseCompressedOops                        = true                                 {lp64_product} {ergonomic}
     bool UseG1GC                                  = true                                      {product} {ergonomic}
     bool UseLargePagesIndividualAllocation        = false                                  {pd product} {ergonomic}

Logging:
Log output configuration:
 #0: stdout all=warning uptime,level,tags
 #1: stderr all=off uptime,level,tags

Environment Variables:
PATH=C:\WINDOWS\system32;C:\WINDOWS;C:\WINDOWS\System32\Wbem;C:\WINDOWS\System32\WindowsPowerShell\v1.0\;C:\WINDOWS\System32\OpenSSH\;C:\Program Files\Git\cmd;C:\Users\Tvrma\AppData\Local\Programs\Python\Python310\Scripts\;C:\Users\Tvrma\AppData\Local\Programs\Python\Python310\;C:\Users\Tvrma\AppData\Local\Microsoft\WindowsApps;;C:\Program Files\Work's stuff\IntelliJ IDEA Community Edition 2021.3.2\bin;;C:\Users\Tvrma\AppData\Local\JetBrains\Toolbox\scripts
USERNAME=Tvrma
OS=Windows_NT
PROCESSOR_IDENTIFIER=AMD64 Family 23 Model 24 Stepping 1, AuthenticAMD



---------------  S Y S T E M  ---------------

OS: Windows 10 , 64 bit Build 22000 (10.0.22000.708)
OS uptime: 8 days 13:56 hours

CPU:total 8 (initial active 8) (8 cores per cpu, 2 threads per core) family 23 model 24 stepping 1 microcode 0x0, cmov, cx8, fxsr, mmx, sse, sse2, sse3, ssse3, sse4.1, sse4.2, popcnt, avx, avx2, aes, clmul, mmxext, 3dnowpref, lzcnt, sse4a, ht, tsc, tscinvbit, tscinv, bmi1, bmi2, adx, sha, fma

Memory: 4k page, system-wide physical 6082M (512M free)
TotalPageFile size 24514M (AvailPageFile size 3M)
current process WorkingSet (physical memory assigned to process): 348M, peak: 348M
current process commit charge ("private bytes"): 409M, peak: 409M

vm_info: OpenJDK 64-Bit Server VM (11.0.12+7-b1504.28-7817840) for windows-amd64 JRE (11.0.12+7-b1504.28-7817840), built on Oct 13 2021 22:12:33 by "builder" with MS VC++ 14.0 (VS2015)

END.
