#
# There is insufficient memory for the Java Runtime Environment to continue.
# Native memory allocation (mmap) failed to map 94371840 bytes for Failed to commit area from 0x000000008f300000 to 0x0000000094d00000 of length 94371840.
# Possible reasons:
#   The system is out of physical RAM or swap space
#   The process is running with CompressedOops enabled, and the Java Heap may be blocking the growth of the native heap
# Possible solutions:
#   Reduce memory load on the system
#   Increase physical memory or swap space
#   Check if swap backing store is full
#   Decrease Java heap size (-Xmx/-Xms)
#   Decrease number of Java threads
#   Decrease Java thread stack sizes (-Xss)
#   Set larger code cache with -XX:ReservedCodeCacheSize=
#   JVM is running with Unscaled Compressed Oops mode in which the Java heap is
#     placed in the first 4GB address space. The Java Heap base address is the
#     maximum limit for the native heap growth. Please use -XX:HeapBaseMinAddress
#     to set the Java Heap base and to place the Java Heap above 4GB virtual address.
# This output file may be truncated or incomplete.
#
#  Out of Memory Error (./src/hotspot/os/windows/os_windows.cpp:3521), pid=18904, tid=12272
#
# JRE version: OpenJDK Runtime Environment (11.0.12+7) (build 11.0.12+7-b1504.28-7817840)
# Java VM: OpenJDK 64-Bit Server VM (11.0.12+7-b1504.28-7817840, mixed mode, tiered, compressed oops, g1 gc, windows-amd64)
# No core dump will be written. Minidumps are not enabled by default on client versions of Windows
#

---------------  S U M M A R Y ------------

Command Line: --add-opens=java.base/java.util=ALL-UNNAMED --add-opens=java.base/java.lang=ALL-UNNAMED --add-opens=java.base/java.lang.invoke=ALL-UNNAMED --add-opens=java.base/java.util=ALL-UNNAMED --add-opens=java.prefs/java.util.prefs=ALL-UNNAMED --add-opens=java.prefs/java.util.prefs=ALL-UNNAMED --add-opens=java.base/java.nio.charset=ALL-UNNAMED --add-opens=java.base/java.net=ALL-UNNAMED --add-opens=java.base/java.util.concurrent.atomic=ALL-UNNAMED -Xmx2048m -Dfile.encoding=UTF-8 -Duser.country=RU -Duser.language=ru -Duser.variant org.gradle.launcher.daemon.bootstrap.GradleDaemon 7.3.3

Host: AMD Ryzen 5 3550H with Radeon Vega Mobile Gfx  , 8 cores, 5G,  Windows 10 , 64 bit Build 22000 (10.0.22000.708)
Time: Tue Oct 25 02:50:17 2022 RTZ 2 (зима) elapsed time: 41.890987 seconds (0d 0h 0m 41s)

---------------  T H R E A D  ---------------

Current thread (0x0000015ee9a7e000):  VMThread "VM Thread" [stack: 0x0000001bfc500000,0x0000001bfc600000] [id=12272]

Stack: [0x0000001bfc500000,0x0000001bfc600000]
[error occurred during error reporting (printing stack bounds), id 0xc0000005, EXCEPTION_ACCESS_VIOLATION (0xc0000005) at pc=0x0000015ed312112d]

Native frames: (J=compiled Java code, j=interpreted, Vv=VM code, C=native code)
V  [jvm.dll+0x5fbcea]
V  [jvm.dll+0x731905]
V  [jvm.dll+0x732f1d]
V  [jvm.dll+0x733535]
V  [jvm.dll+0x7334eb]
V  [jvm.dll+0x5fb080]
V  [jvm.dll+0x5fb818]
C  [ntdll.dll+0xa8b1f]
C  [ntdll.dll+0x35b9a]
C  [ntdll.dll+0xa7b2e]
C  0x0000015ed312112d

VM_Operation (0x0000001b827fa000): G1CollectForAllocation, mode: safepoint, requested by thread 0x0000015eeec52000


---------------  P R O C E S S  ---------------

Threads class SMR info:
_java_thread_list=0x0000015ef1c29c80, length=140, elements={
0x0000015ecf615800, 0x0000015ee9a80000, 0x0000015ee9a81800, 0x0000015ee9aa2800,
0x0000015ee9aa3800, 0x0000015ee9aa5800, 0x0000015ee9aa8800, 0x0000015ee9ab1000,
0x0000015ee9abc800, 0x0000015eea57e800, 0x0000015eebcc2800, 0x0000015eec74f000,
0x0000015eeb889800, 0x0000015eebd64800, 0x0000015eeb30f800, 0x0000015eec69b000,
0x0000015eec787800, 0x0000015eec413800, 0x0000015eebe82800, 0x0000015eec534000,
0x0000015eec532800, 0x0000015eec532000, 0x0000015eec533800, 0x0000015eec530000,
0x0000015eec531000, 0x0000015eec535000, 0x0000015eec52f800, 0x0000015eec536000,
0x0000015eec58f800, 0x0000015eec592000, 0x0000015eec592800, 0x0000015eec591000,
0x0000015eec599000, 0x0000015eec59a000, 0x0000015eec59b000, 0x0000015eec59b800,
0x0000015eec597800, 0x0000015eec59c800, 0x0000015eec596800, 0x0000015eec59d000,
0x0000015eec59e000, 0x0000015eece49000, 0x0000015eece46000, 0x0000015eece44800,
0x0000015eece45000, 0x0000015eece4a000, 0x0000015eece48800, 0x0000015eece4b000,
0x0000015eece4b800, 0x0000015eece4c800, 0x0000015eece46800, 0x0000015eece4d800,
0x0000015eece47800, 0x0000015eece4f000, 0x0000015eece4f800, 0x0000015eece4e000,
0x0000015eece50800, 0x0000015eece51800, 0x0000015eece52000, 0x0000015eece53000,
0x0000015eeebc6000, 0x0000015eeebc4800, 0x0000015eeebc5800, 0x0000015eeebc3000,
0x0000015eeebc7000, 0x0000015eeebc8000, 0x0000015eeebc9800, 0x0000015eeebc8800,
0x0000015eeebc3800, 0x0000015eeebcd800, 0x0000015eeebcc000, 0x0000015eeebce800,
0x0000015eeebcf000, 0x0000015eeebd0000, 0x0000015eeebca000, 0x0000015eeebd1000,
0x0000015eeebcb000, 0x0000015eeebd1800, 0x0000015eeebcc800, 0x0000015eeec49800,
0x0000015eeec44000, 0x0000015eeec46800, 0x0000015eeec4a800, 0x0000015eeec44800,
0x0000015eeec4b800, 0x0000015eeec48000, 0x0000015eeec47000, 0x0000015eeec49000,
0x0000015eeec45800, 0x0000015eeec52000, 0x0000015eeec4d000, 0x0000015eeec4c000,
0x0000015eeec4d800, 0x0000015eeec52800, 0x0000015eeec4e800, 0x0000015eeec50000,
0x0000015eeec4f800, 0x0000015eeec51000, 0x0000015eee985000, 0x0000015eee981000,
0x0000015eee97f800, 0x0000015eee986000, 0x0000015eee980000, 0x0000015eee982000,
0x0000015eee988800, 0x0000015eee987800, 0x0000015eee982800, 0x0000015eee989000,
0x0000015eee984000, 0x0000015eee983800, 0x0000015eee98a000, 0x0000015eee98e000,
0x0000015eee98b000, 0x0000015eee98b800, 0x0000015eee98d000, 0x0000015eee98c800,
0x0000015eeb376000, 0x0000015eeb375800, 0x0000015eeb372000, 0x0000015eeb378800,
0x0000015eeb373800, 0x0000015eeb377000, 0x0000015eeb377800, 0x0000015eeb373000,
0x0000015eeb374800, 0x0000015eeb37a000, 0x0000015eeb37b000, 0x0000015eeb37c000,
0x0000015eeb37c800, 0x0000015eeb37f000, 0x0000015eeb379800, 0x0000015eeb380800,
0x0000015eeb37d800, 0x0000015eeb380000, 0x0000015ef5344800, 0x0000015ef533f800,
0x0000015ef533e800, 0x0000015ef5342000, 0x0000015ef5345800, 0x0000015ef5343000
}

Java Threads: ( => current thread )
  0x0000015ecf615800 JavaThread "main" [_thread_blocked, id=15780, stack(0x0000001bfbf00000,0x0000001bfc000000)]
  0x0000015ee9a80000 JavaThread "Reference Handler" daemon [_thread_blocked, id=16016, stack(0x0000001bfc600000,0x0000001bfc700000)]
  0x0000015ee9a81800 JavaThread "Finalizer" daemon [_thread_blocked, id=14192, stack(0x0000001bfc700000,0x0000001bfc800000)]
  0x0000015ee9aa2800 JavaThread "Signal Dispatcher" daemon [_thread_blocked, id=14816, stack(0x0000001bfc800000,0x0000001bfc900000)]
  0x0000015ee9aa3800 JavaThread "Attach Listener" daemon [_thread_blocked, id=16736, stack(0x0000001bfc900000,0x0000001bfca00000)]
  0x0000015ee9aa5800 JavaThread "Service Thread" daemon [_thread_blocked, id=5992, stack(0x0000001bfca00000,0x0000001bfcb00000)]
  0x0000015ee9aa8800 JavaThread "C2 CompilerThread0" daemon [_thread_blocked, id=18376, stack(0x0000001bfcb00000,0x0000001bfcc00000)]
  0x0000015ee9ab1000 JavaThread "C1 CompilerThread0" daemon [_thread_blocked, id=8492, stack(0x0000001bfcc00000,0x0000001bfcd00000)]
  0x0000015ee9abc800 JavaThread "Sweeper thread" daemon [_thread_blocked, id=7676, stack(0x0000001bfcd00000,0x0000001bfce00000)]
  0x0000015eea57e800 JavaThread "Common-Cleaner" daemon [_thread_blocked, id=19440, stack(0x0000001bfce00000,0x0000001bfcf00000)]
  0x0000015eebcc2800 JavaThread "Daemon health stats" [_thread_blocked, id=7040, stack(0x0000001bfd100000,0x0000001bfd200000)]
  0x0000015eec74f000 JavaThread "Incoming local TCP Connector on port 55292" [_thread_in_native, id=4916, stack(0x0000001bfd200000,0x0000001bfd300000)]
  0x0000015eeb889800 JavaThread "Daemon periodic checks" [_thread_blocked, id=9204, stack(0x0000001bfd300000,0x0000001bfd400000)]
  0x0000015eebd64800 JavaThread "Daemon" [_thread_blocked, id=11164, stack(0x0000001bfd400000,0x0000001bfd500000)]
  0x0000015eeb30f800 JavaThread "Handler for socket connection from /127.0.0.1:55292 to /127.0.0.1:55293" [_thread_in_native, id=7224, stack(0x0000001bfd500000,0x0000001bfd600000)]
  0x0000015eec69b000 JavaThread "Cancel handler" [_thread_blocked, id=5164, stack(0x0000001bfd600000,0x0000001bfd700000)]
  0x0000015eec787800 JavaThread "Daemon worker" [_thread_blocked, id=9756, stack(0x0000001bfd700000,0x0000001bfd800000)]
  0x0000015eec413800 JavaThread "Asynchronous log dispatcher for DefaultDaemonConnection: socket connection from /127.0.0.1:55292 to /127.0.0.1:55293" [_thread_blocked, id=8756, stack(0x0000001bfd800000,0x0000001bfd900000)]
  0x0000015eebe82800 JavaThread "Stdin handler" [_thread_blocked, id=12728, stack(0x0000001bfd900000,0x0000001bfda00000)]
  0x0000015eec534000 JavaThread "Daemon client event forwarder" [_thread_blocked, id=6292, stack(0x0000001bfda00000,0x0000001bfdb00000)]
  0x0000015eec532800 JavaThread "Cache worker for journal cache (C:\Users\Tvrma\AndroidStudioProjects\caches\journal-1)" [_thread_blocked, id=464, stack(0x0000001bfdc00000,0x0000001bfdd00000)]
  0x0000015eec532000 JavaThread "File lock request listener" [_thread_in_native, id=6712, stack(0x0000001bfdd00000,0x0000001bfde00000)]
  0x0000015eec533800 JavaThread "Cache worker for file hash cache (C:\Users\Tvrma\AndroidStudioProjects\caches\7.3.3\fileHashes)" [_thread_blocked, id=8748, stack(0x0000001bfde00000,0x0000001bfdf00000)]
  0x0000015eec530000 JavaThread "Cache worker for file hash cache (C:\Users\Tvrma\WeatherAppTask\.gradle\7.3.3\fileHashes)" [_thread_blocked, id=14164, stack(0x0000001bfe600000,0x0000001bfe700000)]
  0x0000015eec531000 JavaThread "File watcher server" daemon [_thread_blocked, id=13808, stack(0x0000001bfe700000,0x0000001bfe800000)]
  0x0000015eec535000 JavaThread "File watcher consumer" daemon [_thread_blocked, id=10168, stack(0x0000001bfe800000,0x0000001bfe900000)]
  0x0000015eec52f800 JavaThread "Cache worker for checksums cache (C:\Users\Tvrma\WeatherAppTask\.gradle\7.3.3\checksums)" [_thread_blocked, id=5404, stack(0x0000001bfe900000,0x0000001bfea00000)]
  0x0000015eec536000 JavaThread "Cache worker for cache directory md-supplier (C:\Users\Tvrma\AndroidStudioProjects\caches\7.3.3\md-supplier)" [_thread_blocked, id=18928, stack(0x0000001bfea00000,0x0000001bfeb00000)]
  0x0000015eec58f800 JavaThread "Cache worker for cache directory md-rule (C:\Users\Tvrma\AndroidStudioProjects\caches\7.3.3\md-rule)" [_thread_blocked, id=18332, stack(0x0000001bfeb00000,0x0000001bfec00000)]
  0x0000015eec592000 JavaThread "Cache worker for execution history cache (C:\Users\Tvrma\AndroidStudioProjects\caches\7.3.3\executionHistory)" [_thread_blocked, id=18276, stack(0x0000001bfec00000,0x0000001bfed00000)]
  0x0000015eec592800 JavaThread "jar transforms" [_thread_blocked, id=12944, stack(0x0000001bfed00000,0x0000001bfee00000)]
  0x0000015eec591000 JavaThread "Cache worker for file content cache (C:\Users\Tvrma\AndroidStudioProjects\caches\7.3.3\fileContent)" [_thread_blocked, id=13680, stack(0x0000001bfee00000,0x0000001bfef00000)]
  0x0000015eec599000 JavaThread "jar transforms Thread 2" [_thread_blocked, id=17828, stack(0x0000001bfef00000,0x0000001bff000000)]
  0x0000015eec59a000 JavaThread "Cache worker for dependencies-accessors (C:\Users\Tvrma\WeatherAppTask\.gradle\7.3.3\dependencies-accessors)" [_thread_blocked, id=10424, stack(0x0000001bff000000,0x0000001bff100000)]
  0x0000015eec59b000 JavaThread "jar transforms Thread 3" [_thread_blocked, id=8780, stack(0x0000001bff100000,0x0000001bff200000)]
  0x0000015eec59b800 JavaThread "Cache worker for Build Output Cleanup Cache (C:\Users\Tvrma\WeatherAppTask\.gradle\buildOutputCleanup)" [_thread_blocked, id=7360, stack(0x0000001bff200000,0x0000001bff300000)]
  0x0000015eec597800 JavaThread "Unconstrained build operations" [_thread_blocked, id=13880, stack(0x0000001bfdb00000,0x0000001bfdc00000)]
  0x0000015eec59c800 JavaThread "Unconstrained build operations Thread 2" [_thread_blocked, id=19360, stack(0x0000001bff300000,0x0000001bff400000)]
  0x0000015eec596800 JavaThread "Unconstrained build operations Thread 3" [_thread_blocked, id=18624, stack(0x0000001bff400000,0x0000001bff500000)]
  0x0000015eec59d000 JavaThread "Unconstrained build operations Thread 4" [_thread_blocked, id=18640, stack(0x0000001bff500000,0x0000001bff600000)]
  0x0000015eec59e000 JavaThread "Unconstrained build operations Thread 5" [_thread_blocked, id=13416, stack(0x0000001bff600000,0x0000001bff700000)]
  0x0000015eece49000 JavaThread "Unconstrained build operations Thread 6" [_thread_blocked, id=16448, stack(0x0000001bff700000,0x0000001bff800000)]
  0x0000015eece46000 JavaThread "Unconstrained build operations Thread 7" [_thread_blocked, id=664, stack(0x0000001bff800000,0x0000001bff900000)]
  0x0000015eece44800 JavaThread "Unconstrained build operations Thread 8" [_thread_blocked, id=5160, stack(0x0000001bff900000,0x0000001bffa00000)]
  0x0000015eece45000 JavaThread "Unconstrained build operations Thread 9" [_thread_blocked, id=9068, stack(0x0000001bffa00000,0x0000001bffb00000)]
  0x0000015eece4a000 JavaThread "Unconstrained build operations Thread 10" [_thread_blocked, id=7748, stack(0x0000001bffb00000,0x0000001bffc00000)]
  0x0000015eece48800 JavaThread "Unconstrained build operations Thread 11" [_thread_blocked, id=2328, stack(0x0000001bffc00000,0x0000001bffd00000)]
  0x0000015eece4b000 JavaThread "Unconstrained build operations Thread 12" [_thread_blocked, id=4200, stack(0x0000001bffd00000,0x0000001bffe00000)]
  0x0000015eece4b800 JavaThread "Unconstrained build operations Thread 13" [_thread_blocked, id=14528, stack(0x0000001bffe00000,0x0000001bfff00000)]
  0x0000015eece4c800 JavaThread "Unconstrained build operations Thread 14" [_thread_blocked, id=14424, stack(0x0000001bfff00000,0x0000001c00000000)]
  0x0000015eece46800 JavaThread "Unconstrained build operations Thread 15" [_thread_blocked, id=13720, stack(0x0000001b80000000,0x0000001b80100000)]
  0x0000015eece4d800 JavaThread "Unconstrained build operations Thread 16" [_thread_blocked, id=9896, stack(0x0000001b80100000,0x0000001b80200000)]
  0x0000015eece47800 JavaThread "Unconstrained build operations Thread 17" [_thread_blocked, id=6612, stack(0x0000001b80200000,0x0000001b80300000)]
  0x0000015eece4f000 JavaThread "Unconstrained build operations Thread 18" [_thread_blocked, id=13360, stack(0x0000001b80300000,0x0000001b80400000)]
  0x0000015eece4f800 JavaThread "Unconstrained build operations Thread 19" [_thread_blocked, id=12828, stack(0x0000001b80400000,0x0000001b80500000)]
  0x0000015eece4e000 JavaThread "Unconstrained build operations Thread 20" [_thread_blocked, id=4028, stack(0x0000001b80500000,0x0000001b80600000)]
  0x0000015eece50800 JavaThread "Unconstrained build operations Thread 21" [_thread_blocked, id=15668, stack(0x0000001b80600000,0x0000001b80700000)]
  0x0000015eece51800 JavaThread "Unconstrained build operations Thread 22" [_thread_blocked, id=15552, stack(0x0000001b80700000,0x0000001b80800000)]
  0x0000015eece52000 JavaThread "Unconstrained build operations Thread 23" [_thread_blocked, id=5576, stack(0x0000001b80800000,0x0000001b80900000)]
  0x0000015eece53000 JavaThread "Unconstrained build operations Thread 24" [_thread_blocked, id=5180, stack(0x0000001b80900000,0x0000001b80a00000)]
  0x0000015eeebc6000 JavaThread "Unconstrained build operations Thread 25" [_thread_blocked, id=17840, stack(0x0000001b80a00000,0x0000001b80b00000)]
  0x0000015eeebc4800 JavaThread "Unconstrained build operations Thread 26" [_thread_blocked, id=14552, stack(0x0000001b80b00000,0x0000001b80c00000)]
  0x0000015eeebc5800 JavaThread "Unconstrained build operations Thread 27" [_thread_blocked, id=5864, stack(0x0000001b80c00000,0x0000001b80d00000)]
  0x0000015eeebc3000 JavaThread "Unconstrained build operations Thread 28" [_thread_blocked, id=6820, stack(0x0000001b80d00000,0x0000001b80e00000)]
  0x0000015eeebc7000 JavaThread "Unconstrained build operations Thread 29" [_thread_blocked, id=2588, stack(0x0000001b80e00000,0x0000001b80f00000)]
  0x0000015eeebc8000 JavaThread "Unconstrained build operations Thread 30" [_thread_blocked, id=14652, stack(0x0000001b80f00000,0x0000001b81000000)]
  0x0000015eeebc9800 JavaThread "Unconstrained build operations Thread 31" [_thread_blocked, id=10420, stack(0x0000001b81000000,0x0000001b81100000)]
  0x0000015eeebc8800 JavaThread "Unconstrained build operations Thread 32" [_thread_blocked, id=19376, stack(0x0000001b81100000,0x0000001b81200000)]
  0x0000015eeebc3800 JavaThread "Unconstrained build operations Thread 33" [_thread_blocked, id=15704, stack(0x0000001b81200000,0x0000001b81300000)]
  0x0000015eeebcd800 JavaThread "Unconstrained build operations Thread 34" [_thread_blocked, id=7560, stack(0x0000001b81300000,0x0000001b81400000)]
  0x0000015eeebcc000 JavaThread "Unconstrained build operations Thread 35" [_thread_blocked, id=19308, stack(0x0000001b81400000,0x0000001b81500000)]
  0x0000015eeebce800 JavaThread "Unconstrained build operations Thread 36" [_thread_blocked, id=11192, stack(0x0000001b81500000,0x0000001b81600000)]
  0x0000015eeebcf000 JavaThread "Unconstrained build operations Thread 37" [_thread_blocked, id=14364, stack(0x0000001b81600000,0x0000001b81700000)]
  0x0000015eeebd0000 JavaThread "Unconstrained build operations Thread 38" [_thread_blocked, id=9104, stack(0x0000001b81700000,0x0000001b81800000)]
  0x0000015eeebca000 JavaThread "Unconstrained build operations Thread 39" [_thread_blocked, id=19288, stack(0x0000001b81800000,0x0000001b81900000)]
  0x0000015eeebd1000 JavaThread "Unconstrained build operations Thread 40" [_thread_blocked, id=19304, stack(0x0000001b81900000,0x0000001b81a00000)]
  0x0000015eeebcb000 JavaThread "Unconstrained build operations Thread 41" [_thread_blocked, id=8228, stack(0x0000001b81a00000,0x0000001b81b00000)]
  0x0000015eeebd1800 JavaThread "Unconstrained build operations Thread 42" [_thread_blocked, id=7828, stack(0x0000001b81b00000,0x0000001b81c00000)]
  0x0000015eeebcc800 JavaThread "Unconstrained build operations Thread 43" [_thread_blocked, id=16804, stack(0x0000001b81c00000,0x0000001b81d00000)]
  0x0000015eeec49800 JavaThread "Unconstrained build operations Thread 44" [_thread_blocked, id=9612, stack(0x0000001b81d00000,0x0000001b81e00000)]
  0x0000015eeec44000 JavaThread "Unconstrained build operations Thread 45" [_thread_blocked, id=7464, stack(0x0000001b81e00000,0x0000001b81f00000)]
  0x0000015eeec46800 JavaThread "Unconstrained build operations Thread 46" [_thread_blocked, id=18168, stack(0x0000001b81f00000,0x0000001b82000000)]
  0x0000015eeec4a800 JavaThread "Unconstrained build operations Thread 47" [_thread_blocked, id=15956, stack(0x0000001b82000000,0x0000001b82100000)]
  0x0000015eeec44800 JavaThread "Unconstrained build operations Thread 48" [_thread_blocked, id=18252, stack(0x0000001b82100000,0x0000001b82200000)]
  0x0000015eeec4b800 JavaThread "Unconstrained build operations Thread 49" [_thread_blocked, id=11496, stack(0x0000001b82200000,0x0000001b82300000)]
  0x0000015eeec48000 JavaThread "Unconstrained build operations Thread 50" [_thread_blocked, id=2788, stack(0x0000001b82300000,0x0000001b82400000)]
  0x0000015eeec47000 JavaThread "Unconstrained build operations Thread 51" [_thread_blocked, id=7296, stack(0x0000001b82400000,0x0000001b82500000)]
  0x0000015eeec49000 JavaThread "Unconstrained build operations Thread 52" [_thread_blocked, id=4120, stack(0x0000001b82500000,0x0000001b82600000)]
  0x0000015eeec45800 JavaThread "Unconstrained build operations Thread 53" [_thread_blocked, id=1420, stack(0x0000001b82600000,0x0000001b82700000)]
  0x0000015eeec52000 JavaThread "Unconstrained build operations Thread 54" [_thread_blocked, id=11732, stack(0x0000001b82700000,0x0000001b82800000)]
  0x0000015eeec4d000 JavaThread "Unconstrained build operations Thread 55" [_thread_blocked, id=2704, stack(0x0000001b82800000,0x0000001b82900000)]
  0x0000015eeec4c000 JavaThread "Unconstrained build operations Thread 56" [_thread_blocked, id=6868, stack(0x0000001b82900000,0x0000001b82a00000)]
  0x0000015eeec4d800 JavaThread "Unconstrained build operations Thread 57" [_thread_blocked, id=11836, stack(0x0000001b82a00000,0x0000001b82b00000)]
  0x0000015eeec52800 JavaThread "Unconstrained build operations Thread 58" [_thread_blocked, id=3048, stack(0x0000001b82b00000,0x0000001b82c00000)]
  0x0000015eeec4e800 JavaThread "Unconstrained build operations Thread 59" [_thread_blocked, id=16564, stack(0x0000001b82c00000,0x0000001b82d00000)]
  0x0000015eeec50000 JavaThread "Unconstrained build operations Thread 60" [_thread_blocked, id=7792, stack(0x0000001b82d00000,0x0000001b82e00000)]
  0x0000015eeec4f800 JavaThread "Unconstrained build operations Thread 61" [_thread_blocked, id=15656, stack(0x0000001b82e00000,0x0000001b82f00000)]
  0x0000015eeec51000 JavaThread "Unconstrained build operations Thread 62" [_thread_blocked, id=3876, stack(0x0000001b82f00000,0x0000001b83000000)]
  0x0000015eee985000 JavaThread "Unconstrained build operations Thread 63" [_thread_blocked, id=1984, stack(0x0000001b83000000,0x0000001b83100000)]
  0x0000015eee981000 JavaThread "Unconstrained build operations Thread 64" [_thread_blocked, id=7028, stack(0x0000001b83100000,0x0000001b83200000)]
  0x0000015eee97f800 JavaThread "Unconstrained build operations Thread 65" [_thread_blocked, id=1468, stack(0x0000001b83200000,0x0000001b83300000)]
  0x0000015eee986000 JavaThread "Unconstrained build operations Thread 66" [_thread_blocked, id=7424, stack(0x0000001b83300000,0x0000001b83400000)]
  0x0000015eee980000 JavaThread "Unconstrained build operations Thread 67" [_thread_blocked, id=13568, stack(0x0000001b83400000,0x0000001b83500000)]
  0x0000015eee982000 JavaThread "Unconstrained build operations Thread 68" [_thread_blocked, id=16472, stack(0x0000001b83500000,0x0000001b83600000)]
  0x0000015eee988800 JavaThread "Unconstrained build operations Thread 69" [_thread_blocked, id=17460, stack(0x0000001b83600000,0x0000001b83700000)]
  0x0000015eee987800 JavaThread "Unconstrained build operations Thread 70" [_thread_blocked, id=6208, stack(0x0000001b83800000,0x0000001b83900000)]
  0x0000015eee982800 JavaThread "Unconstrained build operations Thread 71" [_thread_blocked, id=14208, stack(0x0000001b83900000,0x0000001b83a00000)]
  0x0000015eee989000 JavaThread "Unconstrained build operations Thread 72" [_thread_blocked, id=7416, stack(0x0000001b83a00000,0x0000001b83b00000)]
  0x0000015eee984000 JavaThread "Unconstrained build operations Thread 73" [_thread_blocked, id=16984, stack(0x0000001b83b00000,0x0000001b83c00000)]
  0x0000015eee983800 JavaThread "Unconstrained build operations Thread 74" [_thread_blocked, id=14188, stack(0x0000001b83c00000,0x0000001b83d00000)]
  0x0000015eee98a000 JavaThread "Unconstrained build operations Thread 75" [_thread_blocked, id=16052, stack(0x0000001b83d00000,0x0000001b83e00000)]
  0x0000015eee98e000 JavaThread "Unconstrained build operations Thread 76" [_thread_blocked, id=2484, stack(0x0000001b83e00000,0x0000001b83f00000)]
  0x0000015eee98b000 JavaThread "Unconstrained build operations Thread 77" [_thread_blocked, id=6500, stack(0x0000001b83f00000,0x0000001b84000000)]
  0x0000015eee98b800 JavaThread "Unconstrained build operations Thread 78" [_thread_blocked, id=15896, stack(0x0000001b84000000,0x0000001b84100000)]
  0x0000015eee98d000 JavaThread "Unconstrained build operations Thread 79" [_thread_blocked, id=6904, stack(0x0000001b84100000,0x0000001b84200000)]
  0x0000015eee98c800 JavaThread "Unconstrained build operations Thread 80" [_thread_blocked, id=14916, stack(0x0000001b84200000,0x0000001b84300000)]
  0x0000015eeb376000 JavaThread "jar transforms Thread 4" [_thread_blocked, id=16508, stack(0x0000001b84300000,0x0000001b84400000)]
  0x0000015eeb375800 JavaThread "jar transforms Thread 5" [_thread_blocked, id=6620, stack(0x0000001b84400000,0x0000001b84500000)]
  0x0000015eeb372000 JavaThread "jar transforms Thread 6" [_thread_blocked, id=18124, stack(0x0000001b84500000,0x0000001b84600000)]
  0x0000015eeb378800 JavaThread "jar transforms Thread 7" [_thread_blocked, id=1776, stack(0x0000001b84600000,0x0000001b84700000)]
  0x0000015eeb373800 JavaThread "jar transforms Thread 8" [_thread_blocked, id=18968, stack(0x0000001b84700000,0x0000001b84800000)]
  0x0000015eeb377000 JavaThread "Memory manager" [_thread_blocked, id=17228, stack(0x0000001b83700000,0x0000001b83800000)]
  0x0000015eeb377800 JavaThread "build event listener" [_thread_blocked, id=2840, stack(0x0000001b84800000,0x0000001b84900000)]
  0x0000015eeb373000 JavaThread "pool-3-thread-1" [_thread_blocked, id=16232, stack(0x0000001b84900000,0x0000001b84a00000)]
  0x0000015eeb374800 JavaThread "build event listener" [_thread_blocked, id=9940, stack(0x0000001b84a00000,0x0000001b84b00000)]
  0x0000015eeb37a000 JavaThread "Execution worker for ':'" [_thread_blocked, id=1972, stack(0x0000001b84b00000,0x0000001b84c00000)]
  0x0000015eeb37b000 JavaThread "Execution worker for ':' Thread 2" [_thread_blocked, id=10480, stack(0x0000001b84c00000,0x0000001b84d00000)]
  0x0000015eeb37c000 JavaThread "Execution worker for ':' Thread 3" [_thread_blocked, id=5448, stack(0x0000001b84d00000,0x0000001b84e00000)]
  0x0000015eeb37c800 JavaThread "Execution worker for ':' Thread 4" [_thread_blocked, id=296, stack(0x0000001b84e00000,0x0000001b84f00000)]
  0x0000015eeb37f000 JavaThread "Execution worker for ':' Thread 5" [_thread_blocked, id=16344, stack(0x0000001b84f00000,0x0000001b85000000)]
  0x0000015eeb379800 JavaThread "Execution worker for ':' Thread 6" [_thread_blocked, id=7980, stack(0x0000001b85000000,0x0000001b85100000)]
  0x0000015eeb380800 JavaThread "Execution worker for ':' Thread 7" [_thread_blocked, id=18656, stack(0x0000001b85100000,0x0000001b85200000)]
  0x0000015eeb37d800 JavaThread "Cache worker for execution history cache (C:\Users\Tvrma\WeatherAppTask\.gradle\7.3.3\executionHistory)" [_thread_blocked, id=18924, stack(0x0000001b85200000,0x0000001b85300000)]
  0x0000015eeb380000 JavaThread "WorkerExecutor Queue Thread 3" [_thread_blocked, id=15672, stack(0x0000001b85500000,0x0000001b85600000)]
  0x0000015ef5344800 JavaThread "WorkerExecutor Queue Thread 4" [_thread_blocked, id=17088, stack(0x0000001b85600000,0x0000001b85700000)]
  0x0000015ef533f800 JavaThread "WorkerExecutor Queue Thread 5" [_thread_blocked, id=15732, stack(0x0000001b85700000,0x0000001b85800000)]
  0x0000015ef533e800 JavaThread "WorkerExecutor Queue Thread 6" [_thread_blocked, id=9336, stack(0x0000001b85800000,0x0000001b85900000)]
  0x0000015ef5342000 JavaThread "WorkerExecutor Queue Thread 8" [_thread_blocked, id=19328, stack(0x0000001b85a00000,0x0000001b85b00000)]
  0x0000015ef5345800 JavaThread "WorkerExecutor Queue Thread 9" [_thread_blocked, id=18460, stack(0x0000001b85c00000,0x0000001b85d00000)]
  0x0000015ef5343000 JavaThread "WorkerExecutor Queue Thread 10" [_thread_blocked, id=10156, stack(0x0000001b85400000,0x0000001b85500000)]

Other Threads:
=>0x0000015ee9a7e000 VMThread "VM Thread" [stack: 0x0000001bfc500000,0x0000001bfc600000] [id=12272]
  0x0000015eea5d3000 WatcherThread [stack: 0x0000001bfcf00000,0x0000001bfd000000] [id=14892]
  0x0000015ecf62f000 GCTaskThread "GC Thread#0" [stack: 0x0000001bfc000000,0x0000001bfc100000] [id=6004]
  0x0000015eeae6c000 GCTaskThread "GC Thread#1" [stack: 0x0000001bfd000000,0x0000001bfd100000] [id=6344]
  0x0000015eebd81800 GCTaskThread "GC Thread#2" [stack: 0x0000001bfdf00000,0x0000001bfe000000] [id=6396]
  0x0000015eecb98000 GCTaskThread "GC Thread#3" [stack: 0x0000001bfe000000,0x0000001bfe100000] [id=16176]
  0x0000015eeca7c800 GCTaskThread "GC Thread#4" [stack: 0x0000001bfe100000,0x0000001bfe200000] [id=11648]
  0x0000015eebe2c800 GCTaskThread "GC Thread#5" [stack: 0x0000001bfe200000,0x0000001bfe300000] [id=3752]
  0x0000015eec8a8800 GCTaskThread "GC Thread#6" [stack: 0x0000001bfe300000,0x0000001bfe400000] [id=4904]
  0x0000015eec8a9000 GCTaskThread "GC Thread#7" [stack: 0x0000001bfe400000,0x0000001bfe500000] [id=12684]
  0x0000015ecf660800 ConcurrentGCThread "G1 Main Marker" [stack: 0x0000001bfc100000,0x0000001bfc200000] [id=2728]
  0x0000015ecf662800 ConcurrentGCThread "G1 Conc#0" [stack: 0x0000001bfc200000,0x0000001bfc300000] [id=13340]
  0x0000015eecb97000 ConcurrentGCThread "G1 Conc#1" [stack: 0x0000001bfe500000,0x0000001bfe600000] [id=12756]
  0x0000015ecf6e6800 ConcurrentGCThread "G1 Refine#0" [stack: 0x0000001bfc300000,0x0000001bfc400000] [id=8052]
  0x0000015ecf6e9800 ConcurrentGCThread "G1 Young RemSet Sampling" [stack: 0x0000001bfc400000,0x0000001bfc500000] [id=14720]

Threads with active compile tasks:
C2 CompilerThread0  41955 16576       4       com.android.tools.r8.internal.xa::a (4216 bytes)
C1 CompilerThread0  41955 16868       1       com.android.tools.r8.internal.q8::b (5 bytes)

VM state:at safepoint (normal execution)

VM Mutex/Monitor currently owned by a thread:  ([mutex/lock_event])
[0x0000015ecf60ffc0] Threads_lock - owner thread: 0x0000015ee9a7e000
[0x0000015ecf610290] Heap_lock - owner thread: 0x0000015eeec52000

Heap address: 0x0000000080000000, size: 2048 MB, Compressed Oops mode: 32-bit
Narrow klass base: 0x0000000000000000, Narrow klass shift: 3
Compressed class space size: 1073741824 Address: 0x0000000100000000

Heap:
 garbage-first heap   total 340992K, used 145920K [0x0000000080000000, 0x0000000100000000)
  region size 1024K, 9 young (9216K), 9 survivors (9216K)
 Metaspace       used 125034K, capacity 128027K, committed 128164K, reserved 1161216K
  class space    used 15752K, capacity 16907K, committed 17024K, reserved 1048576K
Heap Regions: E=young(eden), S=young(survivor), O=old, HS=humongous(starts), HC=humongous(continues), CS=collection set, F=free, A=archive, TAMS=top-at-mark-start (previous, next)
|   0|0x0000000080000000, 0x0000000080100000, 0x0000000080100000|100%| O|  |TAMS 0x0000000080100000, 0x0000000080000000| Untracked 
|   1|0x0000000080100000, 0x0000000080200000, 0x0000000080200000|100%| O|  |TAMS 0x0000000080200000, 0x0000000080100000| Untracked 
|   2|0x0000000080200000, 0x0000000080300000, 0x0000000080300000|100%| O|  |TAMS 0x0000000080300000, 0x0000000080200000| Untracked 
|   3|0x0000000080300000, 0x0000000080400000, 0x0000000080400000|100%|HS|  |TAMS 0x0000000080400000, 0x0000000080300000| Complete 
|   4|0x0000000080400000, 0x0000000080500000, 0x0000000080500000|100%|HC|  |TAMS 0x0000000080500000, 0x0000000080400000| Complete 
|   5|0x0000000080500000, 0x0000000080600000, 0x0000000080600000|100%|HC|  |TAMS 0x0000000080600000, 0x0000000080500000| Complete 
|   6|0x0000000080600000, 0x0000000080700000, 0x0000000080700000|100%| O|  |TAMS 0x0000000080700000, 0x0000000080600000| Untracked 
|   7|0x0000000080700000, 0x0000000080800000, 0x0000000080800000|100%| O|  |TAMS 0x0000000080800000, 0x0000000080700000| Untracked 
|   8|0x0000000080800000, 0x0000000080900000, 0x0000000080900000|100%| O|  |TAMS 0x0000000080900000, 0x0000000080800000| Untracked 
|   9|0x0000000080900000, 0x0000000080a00000, 0x0000000080a00000|100%| O|  |TAMS 0x0000000080a00000, 0x0000000080900000| Untracked 
|  10|0x0000000080a00000, 0x0000000080b00000, 0x0000000080b00000|100%| O|  |TAMS 0x0000000080b00000, 0x0000000080a00000| Untracked 
|  11|0x0000000080b00000, 0x0000000080c00000, 0x0000000080c00000|100%| O|  |TAMS 0x0000000080c00000, 0x0000000080b00000| Untracked 
|  12|0x0000000080c00000, 0x0000000080d00000, 0x0000000080d00000|100%| O|  |TAMS 0x0000000080d00000, 0x0000000080c00000| Untracked 
|  13|0x0000000080d00000, 0x0000000080e00000, 0x0000000080e00000|100%| O|  |TAMS 0x0000000080e00000, 0x0000000080d00000| Untracked 
|  14|0x0000000080e00000, 0x0000000080f00000, 0x0000000080f00000|100%| O|  |TAMS 0x0000000080f00000, 0x0000000080e00000| Untracked 
|  15|0x0000000080f00000, 0x0000000081000000, 0x0000000081000000|100%| O|  |TAMS 0x0000000081000000, 0x0000000080f00000| Untracked 
|  16|0x0000000081000000, 0x0000000081100000, 0x0000000081100000|100%| O|  |TAMS 0x0000000081100000, 0x0000000081000000| Untracked 
|  17|0x0000000081100000, 0x0000000081200000, 0x0000000081200000|100%| O|  |TAMS 0x0000000081200000, 0x0000000081100000| Untracked 
|  18|0x0000000081200000, 0x0000000081300000, 0x0000000081300000|100%| O|  |TAMS 0x0000000081300000, 0x0000000081200000| Untracked 
|  19|0x0000000081300000, 0x0000000081400000, 0x0000000081400000|100%| O|  |TAMS 0x0000000081400000, 0x0000000081300000| Untracked 
|  20|0x0000000081400000, 0x0000000081500000, 0x0000000081500000|100%| O|  |TAMS 0x0000000081500000, 0x0000000081400000| Untracked 
|  21|0x0000000081500000, 0x0000000081600000, 0x0000000081600000|100%| O|  |TAMS 0x0000000081600000, 0x0000000081500000| Untracked 
|  22|0x0000000081600000, 0x0000000081700000, 0x0000000081700000|100%|HS|  |TAMS 0x0000000081700000, 0x0000000081600000| Complete 
|  23|0x0000000081700000, 0x0000000081800000, 0x0000000081800000|100%| O|  |TAMS 0x0000000081800000, 0x0000000081700000| Untracked 
|  24|0x0000000081800000, 0x0000000081900000, 0x0000000081900000|100%| O|  |TAMS 0x0000000081900000, 0x0000000081800000| Untracked 
|  25|0x0000000081900000, 0x0000000081a00000, 0x0000000081a00000|100%| O|  |TAMS 0x0000000081a00000, 0x0000000081900000| Untracked 
|  26|0x0000000081a00000, 0x0000000081b00000, 0x0000000081b00000|100%| O|  |TAMS 0x0000000081b00000, 0x0000000081a00000| Untracked 
|  27|0x0000000081b00000, 0x0000000081c00000, 0x0000000081c00000|100%|HS|  |TAMS 0x0000000081c00000, 0x0000000081b00000| Complete 
|  28|0x0000000081c00000, 0x0000000081d00000, 0x0000000081d00000|100%|HS|  |TAMS 0x0000000081d00000, 0x0000000081c00000| Complete 
|  29|0x0000000081d00000, 0x0000000081e00000, 0x0000000081e00000|100%|HS|  |TAMS 0x0000000081e00000, 0x0000000081d00000| Complete 
|  30|0x0000000081e00000, 0x0000000081f00000, 0x0000000081f00000|100%|HC|  |TAMS 0x0000000081f00000, 0x0000000081e00000| Complete 
|  31|0x0000000081f00000, 0x0000000082000000, 0x0000000082000000|100%|HC|  |TAMS 0x0000000082000000, 0x0000000081f00000| Complete 
|  32|0x0000000082000000, 0x0000000082100000, 0x0000000082100000|100%|HS|  |TAMS 0x0000000082100000, 0x0000000082000000| Complete 
|  33|0x0000000082100000, 0x0000000082200000, 0x0000000082200000|100%|HC|  |TAMS 0x0000000082200000, 0x0000000082100000| Complete 
|  34|0x0000000082200000, 0x0000000082300000, 0x0000000082300000|100%| O|  |TAMS 0x0000000082300000, 0x0000000082200000| Untracked 
|  35|0x0000000082300000, 0x0000000082400000, 0x0000000082400000|100%| O|  |TAMS 0x0000000082400000, 0x0000000082300000| Untracked 
|  36|0x0000000082400000, 0x0000000082500000, 0x0000000082500000|100%| O|  |TAMS 0x0000000082500000, 0x0000000082400000| Untracked 
|  37|0x0000000082500000, 0x0000000082600000, 0x0000000082600000|100%| O|  |TAMS 0x0000000082600000, 0x0000000082500000| Untracked 
|  38|0x0000000082600000, 0x0000000082700000, 0x0000000082700000|100%| O|  |TAMS 0x0000000082700000, 0x0000000082600000| Untracked 
|  39|0x0000000082700000, 0x0000000082800000, 0x0000000082800000|100%| O|  |TAMS 0x0000000082800000, 0x0000000082700000| Untracked 
|  40|0x0000000082800000, 0x0000000082900000, 0x0000000082900000|100%| O|  |TAMS 0x0000000082900000, 0x0000000082800000| Untracked 
|  41|0x0000000082900000, 0x0000000082a00000, 0x0000000082a00000|100%| O|  |TAMS 0x0000000082a00000, 0x0000000082900000| Untracked 
|  42|0x0000000082a00000, 0x0000000082b00000, 0x0000000082b00000|100%| O|  |TAMS 0x0000000082b00000, 0x0000000082a00000| Untracked 
|  43|0x0000000082b00000, 0x0000000082c00000, 0x0000000082c00000|100%| O|  |TAMS 0x0000000082c00000, 0x0000000082b00000| Untracked 
|  44|0x0000000082c00000, 0x0000000082d00000, 0x0000000082d00000|100%| O|  |TAMS 0x0000000082d00000, 0x0000000082c00000| Untracked 
|  45|0x0000000082d00000, 0x0000000082e00000, 0x0000000082e00000|100%| O|  |TAMS 0x0000000082e00000, 0x0000000082d00000| Untracked 
|  46|0x0000000082e00000, 0x0000000082f00000, 0x0000000082f00000|100%| O|  |TAMS 0x0000000082f00000, 0x0000000082e00000| Untracked 
|  47|0x0000000082f00000, 0x0000000083000000, 0x0000000083000000|100%| O|  |TAMS 0x0000000083000000, 0x0000000082f00000| Untracked 
|  48|0x0000000083000000, 0x0000000083100000, 0x0000000083100000|100%| O|  |TAMS 0x0000000083100000, 0x0000000083000000| Untracked 
|  49|0x0000000083100000, 0x0000000083200000, 0x0000000083200000|100%| O|  |TAMS 0x0000000083200000, 0x0000000083100000| Untracked 
|  50|0x0000000083200000, 0x0000000083300000, 0x0000000083300000|100%| O|  |TAMS 0x0000000083300000, 0x0000000083200000| Untracked 
|  51|0x0000000083300000, 0x0000000083400000, 0x0000000083400000|100%| O|  |TAMS 0x0000000083400000, 0x0000000083300000| Untracked 
|  52|0x0000000083400000, 0x0000000083500000, 0x0000000083500000|100%| O|  |TAMS 0x0000000083500000, 0x0000000083400000| Untracked 
|  53|0x0000000083500000, 0x0000000083600000, 0x0000000083600000|100%| O|  |TAMS 0x0000000083600000, 0x0000000083500000| Untracked 
|  54|0x0000000083600000, 0x0000000083700000, 0x0000000083700000|100%| O|  |TAMS 0x0000000083700000, 0x0000000083600000| Untracked 
|  55|0x0000000083700000, 0x0000000083800000, 0x0000000083800000|100%| O|  |TAMS 0x0000000083800000, 0x0000000083700000| Untracked 
|  56|0x0000000083800000, 0x0000000083900000, 0x0000000083900000|100%| O|  |TAMS 0x0000000083900000, 0x0000000083800000| Untracked 
|  57|0x0000000083900000, 0x0000000083a00000, 0x0000000083a00000|100%| O|  |TAMS 0x0000000083a00000, 0x0000000083900000| Untracked 
|  58|0x0000000083a00000, 0x0000000083b00000, 0x0000000083b00000|100%| O|  |TAMS 0x0000000083b00000, 0x0000000083a00000| Untracked 
|  59|0x0000000083b00000, 0x0000000083c00000, 0x0000000083c00000|100%| O|  |TAMS 0x0000000083c00000, 0x0000000083b00000| Untracked 
|  60|0x0000000083c00000, 0x0000000083d00000, 0x0000000083d00000|100%| O|  |TAMS 0x0000000083d00000, 0x0000000083c00000| Untracked 
|  61|0x0000000083d00000, 0x0000000083e00000, 0x0000000083e00000|100%| O|  |TAMS 0x0000000083e00000, 0x0000000083d00000| Untracked 
|  62|0x0000000083e00000, 0x0000000083f00000, 0x0000000083f00000|100%| O|  |TAMS 0x0000000083f00000, 0x0000000083e00000| Untracked 
|  63|0x0000000083f00000, 0x0000000084000000, 0x0000000084000000|100%| O|  |TAMS 0x0000000084000000, 0x0000000083f00000| Untracked 
|  64|0x0000000084000000, 0x0000000084100000, 0x0000000084100000|100%| O|  |TAMS 0x0000000084100000, 0x0000000084000000| Untracked 
|  65|0x0000000084100000, 0x0000000084200000, 0x0000000084200000|100%| O|  |TAMS 0x0000000084200000, 0x0000000084100000| Untracked 
|  66|0x0000000084200000, 0x0000000084300000, 0x0000000084300000|100%| O|  |TAMS 0x0000000084300000, 0x0000000084200000| Untracked 
|  67|0x0000000084300000, 0x0000000084400000, 0x0000000084400000|100%| O|  |TAMS 0x0000000084400000, 0x0000000084300000| Untracked 
|  68|0x0000000084400000, 0x0000000084500000, 0x0000000084500000|100%| O|  |TAMS 0x0000000084500000, 0x0000000084400000| Untracked 
|  69|0x0000000084500000, 0x0000000084600000, 0x0000000084600000|100%| O|  |TAMS 0x0000000084600000, 0x0000000084500000| Untracked 
|  70|0x0000000084600000, 0x0000000084700000, 0x0000000084700000|100%| O|  |TAMS 0x0000000084700000, 0x0000000084600000| Untracked 
|  71|0x0000000084700000, 0x0000000084800000, 0x0000000084800000|100%| O|  |TAMS 0x0000000084800000, 0x0000000084700000| Untracked 
|  72|0x0000000084800000, 0x0000000084900000, 0x0000000084900000|100%| O|  |TAMS 0x0000000084900000, 0x0000000084800000| Untracked 
|  73|0x0000000084900000, 0x0000000084a00000, 0x0000000084a00000|100%| O|  |TAMS 0x0000000084a00000, 0x0000000084900000| Untracked 
|  74|0x0000000084a00000, 0x0000000084b00000, 0x0000000084b00000|100%| O|  |TAMS 0x0000000084b00000, 0x0000000084a00000| Untracked 
|  75|0x0000000084b00000, 0x0000000084c00000, 0x0000000084c00000|100%| O|  |TAMS 0x0000000084c00000, 0x0000000084b00000| Untracked 
|  76|0x0000000084c00000, 0x0000000084d00000, 0x0000000084d00000|100%| O|  |TAMS 0x0000000084d00000, 0x0000000084c00000| Untracked 
|  77|0x0000000084d00000, 0x0000000084e00000, 0x0000000084e00000|100%| O|  |TAMS 0x0000000084e00000, 0x0000000084d00000| Untracked 
|  78|0x0000000084e00000, 0x0000000084f00000, 0x0000000084f00000|100%| O|  |TAMS 0x0000000084f00000, 0x0000000084e00000| Untracked 
|  79|0x0000000084f00000, 0x0000000085000000, 0x0000000085000000|100%| O|  |TAMS 0x0000000085000000, 0x0000000084f00000| Untracked 
|  80|0x0000000085000000, 0x0000000085100000, 0x0000000085100000|100%| O|  |TAMS 0x0000000085100000, 0x0000000085000000| Untracked 
|  81|0x0000000085100000, 0x0000000085200000, 0x0000000085200000|100%| O|  |TAMS 0x0000000085200000, 0x0000000085100000| Untracked 
|  82|0x0000000085200000, 0x0000000085300000, 0x0000000085300000|100%| O|  |TAMS 0x0000000085300000, 0x0000000085200000| Untracked 
|  83|0x0000000085300000, 0x0000000085400000, 0x0000000085400000|100%| O|  |TAMS 0x0000000085400000, 0x0000000085300000| Untracked 
|  84|0x0000000085400000, 0x0000000085500000, 0x0000000085500000|100%| O|  |TAMS 0x0000000085500000, 0x0000000085400000| Untracked 
|  85|0x0000000085500000, 0x0000000085600000, 0x0000000085600000|100%| O|  |TAMS 0x0000000085500000, 0x0000000085500000| Untracked 
|  86|0x0000000085600000, 0x0000000085700000, 0x0000000085700000|100%| O|  |TAMS 0x0000000085700000, 0x0000000085600000| Untracked 
|  87|0x0000000085700000, 0x0000000085800000, 0x0000000085800000|100%| O|  |TAMS 0x0000000085800000, 0x0000000085700000| Untracked 
|  88|0x0000000085800000, 0x0000000085900000, 0x0000000085900000|100%| O|  |TAMS 0x0000000085900000, 0x0000000085800000| Untracked 
|  89|0x0000000085900000, 0x0000000085a00000, 0x0000000085a00000|100%| O|  |TAMS 0x00000000859ec000, 0x0000000085900000| Untracked 
|  90|0x0000000085a00000, 0x0000000085b00000, 0x0000000085b00000|100%| O|  |TAMS 0x0000000085a00000, 0x0000000085a00000| Untracked 
|  91|0x0000000085b00000, 0x0000000085c00000, 0x0000000085c00000|100%| O|  |TAMS 0x0000000085c00000, 0x0000000085b00000| Untracked 
|  92|0x0000000085c00000, 0x0000000085d00000, 0x0000000085d00000|100%| O|  |TAMS 0x0000000085c00000, 0x0000000085c00000| Untracked 
|  93|0x0000000085d00000, 0x0000000085e00000, 0x0000000085e00000|100%| O|  |TAMS 0x0000000085d00000, 0x0000000085d00000| Untracked 
|  94|0x0000000085e00000, 0x0000000085f00000, 0x0000000085f00000|100%| O|  |TAMS 0x0000000085f00000, 0x0000000085e00000| Untracked 
|  95|0x0000000085f00000, 0x0000000086000000, 0x0000000086000000|100%| O|  |TAMS 0x0000000086000000, 0x0000000085f00000| Untracked 
|  96|0x0000000086000000, 0x0000000086100000, 0x0000000086100000|100%| O|  |TAMS 0x0000000086000000, 0x0000000086000000| Untracked 
|  97|0x0000000086100000, 0x0000000086200000, 0x0000000086200000|100%| O|  |TAMS 0x0000000086100000, 0x0000000086100000| Untracked 
|  98|0x0000000086200000, 0x0000000086300000, 0x0000000086300000|100%| O|  |TAMS 0x0000000086200000, 0x0000000086200000| Untracked 
|  99|0x0000000086300000, 0x0000000086400000, 0x0000000086400000|100%| O|  |TAMS 0x0000000086300000, 0x0000000086300000| Untracked 
| 100|0x0000000086400000, 0x0000000086500000, 0x0000000086500000|100%| O|  |TAMS 0x0000000086400000, 0x0000000086400000| Untracked 
| 101|0x0000000086500000, 0x0000000086600000, 0x0000000086600000|100%| O|  |TAMS 0x0000000086500000, 0x0000000086500000| Untracked 
| 102|0x0000000086600000, 0x0000000086700000, 0x0000000086700000|100%| O|  |TAMS 0x0000000086600000, 0x0000000086600000| Untracked 
| 103|0x0000000086700000, 0x0000000086800000, 0x0000000086800000|100%| O|  |TAMS 0x0000000086700000, 0x0000000086700000| Untracked 
| 104|0x0000000086800000, 0x0000000086900000, 0x0000000086900000|100%| O|  |TAMS 0x0000000086800000, 0x0000000086800000| Untracked 
| 105|0x0000000086900000, 0x0000000086a00000, 0x0000000086a00000|100%| O|  |TAMS 0x0000000086900000, 0x0000000086900000| Untracked 
| 106|0x0000000086a00000, 0x0000000086b00000, 0x0000000086b00000|100%| O|  |TAMS 0x0000000086a00000, 0x0000000086a00000| Untracked 
| 107|0x0000000086b00000, 0x0000000086c00000, 0x0000000086c00000|100%| O|  |TAMS 0x0000000086b00000, 0x0000000086b00000| Untracked 
| 108|0x0000000086c00000, 0x0000000086d00000, 0x0000000086d00000|100%| O|  |TAMS 0x0000000086c00000, 0x0000000086c00000| Untracked 
| 109|0x0000000086d00000, 0x0000000086e00000, 0x0000000086e00000|100%| O|  |TAMS 0x0000000086e00000, 0x0000000086d00000| Untracked 
| 110|0x0000000086e00000, 0x0000000086f00000, 0x0000000086f00000|100%| O|  |TAMS 0x0000000086e00000, 0x0000000086e00000| Untracked 
| 111|0x0000000086f00000, 0x0000000087000000, 0x0000000087000000|100%| O|  |TAMS 0x0000000086f00000, 0x0000000086f00000| Untracked 
| 112|0x0000000087000000, 0x0000000087100000, 0x0000000087100000|100%| O|  |TAMS 0x0000000087100000, 0x0000000087000000| Untracked 
| 113|0x0000000087100000, 0x0000000087200000, 0x0000000087200000|100%| O|  |TAMS 0x0000000087100000, 0x0000000087100000| Untracked 
| 114|0x0000000087200000, 0x0000000087300000, 0x0000000087300000|100%| O|  |TAMS 0x0000000087200000, 0x0000000087200000| Untracked 
| 115|0x0000000087300000, 0x0000000087400000, 0x0000000087400000|100%| O|  |TAMS 0x0000000087400000, 0x0000000087300000| Untracked 
| 116|0x0000000087400000, 0x0000000087500000, 0x0000000087500000|100%| O|  |TAMS 0x0000000087400000, 0x0000000087400000| Untracked 
| 117|0x0000000087500000, 0x0000000087600000, 0x0000000087600000|100%| O|  |TAMS 0x0000000087500000, 0x0000000087500000| Untracked 
| 118|0x0000000087600000, 0x0000000087700000, 0x0000000087700000|100%| O|  |TAMS 0x0000000087600000, 0x0000000087600000| Untracked 
| 119|0x0000000087700000, 0x0000000087800000, 0x0000000087800000|100%| O|  |TAMS 0x0000000087700000, 0x0000000087700000| Untracked 
| 120|0x0000000087800000, 0x0000000087900000, 0x0000000087900000|100%| O|  |TAMS 0x0000000087800000, 0x0000000087800000| Untracked 
| 121|0x0000000087900000, 0x0000000087a00000, 0x0000000087a00000|100%| O|  |TAMS 0x0000000087900000, 0x0000000087900000| Untracked 
| 122|0x0000000087a00000, 0x0000000087b00000, 0x0000000087b00000|100%| O|  |TAMS 0x0000000087a00000, 0x0000000087a00000| Untracked 
| 123|0x0000000087b00000, 0x0000000087c00000, 0x0000000087c00000|100%| O|  |TAMS 0x0000000087b00000, 0x0000000087b00000| Untracked 
| 124|0x0000000087c00000, 0x0000000087d00000, 0x0000000087d00000|100%| O|  |TAMS 0x0000000087c00000, 0x0000000087c00000| Untracked 
| 125|0x0000000087d00000, 0x0000000087e00000, 0x0000000087e00000|100%| O|  |TAMS 0x0000000087d00000, 0x0000000087d00000| Untracked 
| 126|0x0000000087e00000, 0x0000000087f00000, 0x0000000087f00000|100%| O|  |TAMS 0x0000000087e00000, 0x0000000087e00000| Untracked 
| 127|0x0000000087f00000, 0x0000000088000000, 0x0000000088000000|100%| O|  |TAMS 0x0000000087f00000, 0x0000000087f00000| Untracked 
| 128|0x0000000088000000, 0x0000000088100000, 0x0000000088100000|100%| O|  |TAMS 0x0000000088000000, 0x0000000088000000| Untracked 
| 129|0x0000000088100000, 0x0000000088200000, 0x0000000088200000|100%| O|  |TAMS 0x0000000088100000, 0x0000000088100000| Untracked 
| 130|0x0000000088200000, 0x0000000088300000, 0x0000000088300000|100%| O|  |TAMS 0x0000000088200000, 0x0000000088200000| Untracked 
| 131|0x0000000088300000, 0x0000000088400000, 0x0000000088400000|100%| O|  |TAMS 0x0000000088300000, 0x0000000088300000| Untracked 
| 132|0x0000000088400000, 0x0000000088500000, 0x0000000088500000|100%| O|  |TAMS 0x0000000088500000, 0x0000000088400000| Untracked 
| 133|0x0000000088500000, 0x00000000885c7600, 0x0000000088600000| 77%| O|  |TAMS 0x0000000088500000, 0x0000000088500000| Untracked 
| 134|0x0000000088600000, 0x0000000088600000, 0x0000000088700000|  0%| F|  |TAMS 0x0000000088600000, 0x0000000088600000| Untracked 
| 135|0x0000000088700000, 0x0000000088700000, 0x0000000088800000|  0%| F|  |TAMS 0x0000000088700000, 0x0000000088700000| Untracked 
| 136|0x0000000088800000, 0x0000000088800000, 0x0000000088900000|  0%| F|  |TAMS 0x0000000088800000, 0x0000000088800000| Untracked 
| 137|0x0000000088900000, 0x0000000088900000, 0x0000000088a00000|  0%| F|  |TAMS 0x0000000088900000, 0x0000000088900000| Untracked 
| 138|0x0000000088a00000, 0x0000000088a00000, 0x0000000088b00000|  0%| F|  |TAMS 0x0000000088a00000, 0x0000000088a00000| Untracked 
| 139|0x0000000088b00000, 0x0000000088b00000, 0x0000000088c00000|  0%| F|  |TAMS 0x0000000088b00000, 0x0000000088b00000| Untracked 
| 140|0x0000000088c00000, 0x0000000088c00000, 0x0000000088d00000|  0%| F|  |TAMS 0x0000000088c00000, 0x0000000088c00000| Untracked 
| 141|0x0000000088d00000, 0x0000000088d00000, 0x0000000088e00000|  0%| F|  |TAMS 0x0000000088d00000, 0x0000000088d00000| Untracked 
| 142|0x0000000088e00000, 0x0000000088e00000, 0x0000000088f00000|  0%| F|  |TAMS 0x0000000088e00000, 0x0000000088e00000| Untracked 
| 143|0x0000000088f00000, 0x0000000088f00000, 0x0000000089000000|  0%| F|  |TAMS 0x0000000088f00000, 0x0000000088f00000| Untracked 
| 144|0x0000000089000000, 0x0000000089000000, 0x0000000089100000|  0%| F|  |TAMS 0x0000000089000000, 0x0000000089000000| Untracked 
| 145|0x0000000089100000, 0x0000000089100000, 0x0000000089200000|  0%| F|  |TAMS 0x0000000089100000, 0x0000000089100000| Untracked 
| 146|0x0000000089200000, 0x0000000089200000, 0x0000000089300000|  0%| F|  |TAMS 0x0000000089200000, 0x0000000089200000| Untracked 
| 147|0x0000000089300000, 0x0000000089300000, 0x0000000089400000|  0%| F|  |TAMS 0x0000000089300000, 0x0000000089300000| Untracked 
| 148|0x0000000089400000, 0x0000000089400000, 0x0000000089500000|  0%| F|  |TAMS 0x0000000089400000, 0x0000000089400000| Untracked 
| 149|0x0000000089500000, 0x0000000089500000, 0x0000000089600000|  0%| F|  |TAMS 0x0000000089500000, 0x0000000089500000| Untracked 
| 150|0x0000000089600000, 0x0000000089600000, 0x0000000089700000|  0%| F|  |TAMS 0x0000000089600000, 0x0000000089600000| Untracked 
| 151|0x0000000089700000, 0x0000000089700000, 0x0000000089800000|  0%| F|  |TAMS 0x0000000089700000, 0x0000000089700000| Untracked 
| 152|0x0000000089800000, 0x0000000089800000, 0x0000000089900000|  0%| F|  |TAMS 0x0000000089800000, 0x0000000089800000| Untracked 
| 153|0x0000000089900000, 0x0000000089900000, 0x0000000089a00000|  0%| F|  |TAMS 0x0000000089900000, 0x0000000089900000| Untracked 
| 154|0x0000000089a00000, 0x0000000089a00000, 0x0000000089b00000|  0%| F|  |TAMS 0x0000000089a00000, 0x0000000089a00000| Untracked 
| 155|0x0000000089b00000, 0x0000000089b00000, 0x0000000089c00000|  0%| F|  |TAMS 0x0000000089b00000, 0x0000000089b00000| Untracked 
| 156|0x0000000089c00000, 0x0000000089c00000, 0x0000000089d00000|  0%| F|  |TAMS 0x0000000089c00000, 0x0000000089c00000| Untracked 
| 157|0x0000000089d00000, 0x0000000089d00000, 0x0000000089e00000|  0%| F|  |TAMS 0x0000000089d00000, 0x0000000089d00000| Untracked 
| 158|0x0000000089e00000, 0x0000000089e00000, 0x0000000089f00000|  0%| F|  |TAMS 0x0000000089e00000, 0x0000000089e00000| Untracked 
| 159|0x0000000089f00000, 0x0000000089f00000, 0x000000008a000000|  0%| F|  |TAMS 0x0000000089f00000, 0x0000000089f00000| Untracked 
| 160|0x000000008a000000, 0x000000008a000000, 0x000000008a100000|  0%| F|  |TAMS 0x000000008a000000, 0x000000008a000000| Untracked 
| 161|0x000000008a100000, 0x000000008a100000, 0x000000008a200000|  0%| F|  |TAMS 0x000000008a100000, 0x000000008a100000| Untracked 
| 162|0x000000008a200000, 0x000000008a200000, 0x000000008a300000|  0%| F|  |TAMS 0x000000008a200000, 0x000000008a200000| Untracked 
| 163|0x000000008a300000, 0x000000008a300000, 0x000000008a400000|  0%| F|  |TAMS 0x000000008a300000, 0x000000008a300000| Untracked 
| 164|0x000000008a400000, 0x000000008a4b8d28, 0x000000008a500000| 72%| S|CS|TAMS 0x000000008a400000, 0x000000008a400000| Complete 
| 165|0x000000008a500000, 0x000000008a600000, 0x000000008a600000|100%| S|CS|TAMS 0x000000008a500000, 0x000000008a500000| Complete 
| 166|0x000000008a600000, 0x000000008a700000, 0x000000008a700000|100%| S|CS|TAMS 0x000000008a600000, 0x000000008a600000| Complete 
| 167|0x000000008a700000, 0x000000008a800000, 0x000000008a800000|100%| S|CS|TAMS 0x000000008a700000, 0x000000008a700000| Complete 
| 168|0x000000008a800000, 0x000000008a900000, 0x000000008a900000|100%| S|CS|TAMS 0x000000008a800000, 0x000000008a800000| Complete 
| 169|0x000000008a900000, 0x000000008aa00000, 0x000000008aa00000|100%| S|CS|TAMS 0x000000008a900000, 0x000000008a900000| Complete 
| 170|0x000000008aa00000, 0x000000008aa00000, 0x000000008ab00000|  0%| F|  |TAMS 0x000000008aa00000, 0x000000008aa00000| Untracked 
| 171|0x000000008ab00000, 0x000000008ab00000, 0x000000008ac00000|  0%| F|  |TAMS 0x000000008ab00000, 0x000000008ab00000| Untracked 
| 172|0x000000008ac00000, 0x000000008ac00000, 0x000000008ad00000|  0%| F|  |TAMS 0x000000008ac00000, 0x000000008ac00000| Untracked 
| 173|0x000000008ad00000, 0x000000008ad00000, 0x000000008ae00000|  0%| F|  |TAMS 0x000000008ad00000, 0x000000008ad00000| Untracked 
| 174|0x000000008ae00000, 0x000000008ae00000, 0x000000008af00000|  0%| F|  |TAMS 0x000000008ae00000, 0x000000008ae00000| Untracked 
| 175|0x000000008af00000, 0x000000008af00000, 0x000000008b000000|  0%| F|  |TAMS 0x000000008af00000, 0x000000008af00000| Untracked 
| 176|0x000000008b000000, 0x000000008b000000, 0x000000008b100000|  0%| F|  |TAMS 0x000000008b000000, 0x000000008b000000| Untracked 
| 177|0x000000008b100000, 0x000000008b100000, 0x000000008b200000|  0%| F|  |TAMS 0x000000008b100000, 0x000000008b100000| Untracked 
| 178|0x000000008b200000, 0x000000008b200000, 0x000000008b300000|  0%| F|  |TAMS 0x000000008b200000, 0x000000008b200000| Untracked 
| 179|0x000000008b300000, 0x000000008b300000, 0x000000008b400000|  0%| F|  |TAMS 0x000000008b300000, 0x000000008b300000| Untracked 
| 180|0x000000008b400000, 0x000000008b500000, 0x000000008b500000|100%| S|CS|TAMS 0x000000008b400000, 0x000000008b400000| Complete 
| 181|0x000000008b500000, 0x000000008b600000, 0x000000008b600000|100%| S|CS|TAMS 0x000000008b500000, 0x000000008b500000| Complete 
| 182|0x000000008b600000, 0x000000008b700000, 0x000000008b700000|100%| S|CS|TAMS 0x000000008b600000, 0x000000008b600000| Complete 
| 183|0x000000008b700000, 0x000000008b700000, 0x000000008b800000|  0%| F|  |TAMS 0x000000008b700000, 0x000000008b700000| Untracked 
| 184|0x000000008b800000, 0x000000008b800000, 0x000000008b900000|  0%| F|  |TAMS 0x000000008b800000, 0x000000008b800000| Untracked 
| 185|0x000000008b900000, 0x000000008b900000, 0x000000008ba00000|  0%| F|  |TAMS 0x000000008b900000, 0x000000008b900000| Untracked 
| 186|0x000000008ba00000, 0x000000008ba00000, 0x000000008bb00000|  0%| F|  |TAMS 0x000000008ba00000, 0x000000008ba00000| Untracked 
| 187|0x000000008bb00000, 0x000000008bb00000, 0x000000008bc00000|  0%| F|  |TAMS 0x000000008bb00000, 0x000000008bb00000| Untracked 
| 188|0x000000008bc00000, 0x000000008bc00000, 0x000000008bd00000|  0%| F|  |TAMS 0x000000008bc00000, 0x000000008bc00000| Untracked 
| 189|0x000000008bd00000, 0x000000008bd00000, 0x000000008be00000|  0%| F|  |TAMS 0x000000008bd00000, 0x000000008bd00000| Untracked 
| 190|0x000000008be00000, 0x000000008be00000, 0x000000008bf00000|  0%| F|  |TAMS 0x000000008be00000, 0x000000008be00000| Untracked 
| 191|0x000000008bf00000, 0x000000008bf00000, 0x000000008c000000|  0%| F|  |TAMS 0x000000008bf00000, 0x000000008bf00000| Untracked 
| 192|0x000000008c000000, 0x000000008c000000, 0x000000008c100000|  0%| F|  |TAMS 0x000000008c000000, 0x000000008c000000| Untracked 
| 193|0x000000008c100000, 0x000000008c100000, 0x000000008c200000|  0%| F|  |TAMS 0x000000008c100000, 0x000000008c100000| Untracked 
| 194|0x000000008c200000, 0x000000008c200000, 0x000000008c300000|  0%| F|  |TAMS 0x000000008c200000, 0x000000008c200000| Untracked 
| 195|0x000000008c300000, 0x000000008c300000, 0x000000008c400000|  0%| F|  |TAMS 0x000000008c300000, 0x000000008c300000| Untracked 
| 196|0x000000008c400000, 0x000000008c400000, 0x000000008c500000|  0%| F|  |TAMS 0x000000008c400000, 0x000000008c400000| Untracked 
| 197|0x000000008c500000, 0x000000008c500000, 0x000000008c600000|  0%| F|  |TAMS 0x000000008c500000, 0x000000008c500000| Untracked 
| 198|0x000000008c600000, 0x000000008c600000, 0x000000008c700000|  0%| F|  |TAMS 0x000000008c600000, 0x000000008c600000| Untracked 
| 199|0x000000008c700000, 0x000000008c700000, 0x000000008c800000|  0%| F|  |TAMS 0x000000008c700000, 0x000000008c700000| Untracked 
| 200|0x000000008c800000, 0x000000008c800000, 0x000000008c900000|  0%| F|  |TAMS 0x000000008c800000, 0x000000008c800000| Untracked 
| 201|0x000000008c900000, 0x000000008c900000, 0x000000008ca00000|  0%| F|  |TAMS 0x000000008c900000, 0x000000008c900000| Untracked 
| 202|0x000000008ca00000, 0x000000008ca00000, 0x000000008cb00000|  0%| F|  |TAMS 0x000000008ca00000, 0x000000008ca00000| Untracked 
| 203|0x000000008cb00000, 0x000000008cb00000, 0x000000008cc00000|  0%| F|  |TAMS 0x000000008cb00000, 0x000000008cb00000| Untracked 
| 204|0x000000008cc00000, 0x000000008cc00000, 0x000000008cd00000|  0%| F|  |TAMS 0x000000008cc00000, 0x000000008cc00000| Untracked 
| 205|0x000000008cd00000, 0x000000008cd00000, 0x000000008ce00000|  0%| F|  |TAMS 0x000000008cd00000, 0x000000008cd00000| Untracked 
| 206|0x000000008ce00000, 0x000000008ce00000, 0x000000008cf00000|  0%| F|  |TAMS 0x000000008ce00000, 0x000000008ce00000| Untracked 
| 207|0x000000008cf00000, 0x000000008cf00000, 0x000000008d000000|  0%| F|  |TAMS 0x000000008cf00000, 0x000000008cf00000| Untracked 
| 208|0x000000008d000000, 0x000000008d000000, 0x000000008d100000|  0%| F|  |TAMS 0x000000008d000000, 0x000000008d000000| Untracked 
| 209|0x000000008d100000, 0x000000008d100000, 0x000000008d200000|  0%| F|  |TAMS 0x000000008d100000, 0x000000008d100000| Untracked 
| 210|0x000000008d200000, 0x000000008d200000, 0x000000008d300000|  0%| F|  |TAMS 0x000000008d200000, 0x000000008d200000| Untracked 
| 211|0x000000008d300000, 0x000000008d300000, 0x000000008d400000|  0%| F|  |TAMS 0x000000008d300000, 0x000000008d300000| Untracked 
| 212|0x000000008d400000, 0x000000008d400000, 0x000000008d500000|  0%| F|  |TAMS 0x000000008d400000, 0x000000008d400000| Untracked 
| 213|0x000000008d500000, 0x000000008d500000, 0x000000008d600000|  0%| F|  |TAMS 0x000000008d500000, 0x000000008d500000| Untracked 
| 214|0x000000008d600000, 0x000000008d600000, 0x000000008d700000|  0%| F|  |TAMS 0x000000008d600000, 0x000000008d600000| Untracked 
| 215|0x000000008d700000, 0x000000008d700000, 0x000000008d800000|  0%| F|  |TAMS 0x000000008d700000, 0x000000008d700000| Untracked 
| 216|0x000000008d800000, 0x000000008d800000, 0x000000008d900000|  0%| F|  |TAMS 0x000000008d800000, 0x000000008d800000| Untracked 
| 217|0x000000008d900000, 0x000000008d900000, 0x000000008da00000|  0%| F|  |TAMS 0x000000008d900000, 0x000000008d900000| Untracked 
| 218|0x000000008da00000, 0x000000008da00000, 0x000000008db00000|  0%| F|  |TAMS 0x000000008da00000, 0x000000008da00000| Untracked 
| 219|0x000000008db00000, 0x000000008db00000, 0x000000008dc00000|  0%| F|  |TAMS 0x000000008db00000, 0x000000008db00000| Untracked 
| 220|0x000000008dc00000, 0x000000008dc00000, 0x000000008dd00000|  0%| F|  |TAMS 0x000000008dc00000, 0x000000008dc00000| Untracked 
| 221|0x000000008dd00000, 0x000000008dd00000, 0x000000008de00000|  0%| F|  |TAMS 0x000000008dd00000, 0x000000008dd00000| Untracked 
| 222|0x000000008de00000, 0x000000008de00000, 0x000000008df00000|  0%| F|  |TAMS 0x000000008de00000, 0x000000008de00000| Untracked 
| 223|0x000000008df00000, 0x000000008df00000, 0x000000008e000000|  0%| F|  |TAMS 0x000000008df00000, 0x000000008df00000| Untracked 
| 224|0x000000008e000000, 0x000000008e000000, 0x000000008e100000|  0%| F|  |TAMS 0x000000008e000000, 0x000000008e000000| Untracked 
| 225|0x000000008e100000, 0x000000008e100000, 0x000000008e200000|  0%| F|  |TAMS 0x000000008e100000, 0x000000008e100000| Untracked 
| 226|0x000000008e200000, 0x000000008e200000, 0x000000008e300000|  0%| F|  |TAMS 0x000000008e200000, 0x000000008e200000| Untracked 
| 227|0x000000008e300000, 0x000000008e300000, 0x000000008e400000|  0%| F|  |TAMS 0x000000008e300000, 0x000000008e300000| Untracked 
| 228|0x000000008e400000, 0x000000008e400000, 0x000000008e500000|  0%| F|  |TAMS 0x000000008e400000, 0x000000008e400000| Untracked 
| 229|0x000000008e500000, 0x000000008e500000, 0x000000008e600000|  0%| F|  |TAMS 0x000000008e500000, 0x000000008e500000| Untracked 
| 230|0x000000008e600000, 0x000000008e600000, 0x000000008e700000|  0%| F|  |TAMS 0x000000008e600000, 0x000000008e600000| Untracked 
| 231|0x000000008e700000, 0x000000008e700000, 0x000000008e800000|  0%| F|  |TAMS 0x000000008e700000, 0x000000008e700000| Untracked 
| 232|0x000000008e800000, 0x000000008e800000, 0x000000008e900000|  0%| F|  |TAMS 0x000000008e800000, 0x000000008e800000| Untracked 
| 233|0x000000008e900000, 0x000000008e900000, 0x000000008ea00000|  0%| F|  |TAMS 0x000000008e900000, 0x000000008e900000| Untracked 
| 234|0x000000008ea00000, 0x000000008ea00000, 0x000000008eb00000|  0%| F|  |TAMS 0x000000008ea00000, 0x000000008ea00000| Untracked 
| 235|0x000000008eb00000, 0x000000008eb00000, 0x000000008ec00000|  0%| F|  |TAMS 0x000000008eb00000, 0x000000008eb00000| Untracked 
| 236|0x000000008ec00000, 0x000000008ec00000, 0x000000008ed00000|  0%| F|  |TAMS 0x000000008ec00000, 0x000000008ec00000| Untracked 
| 237|0x000000008ed00000, 0x000000008ed00000, 0x000000008ee00000|  0%| F|  |TAMS 0x000000008ed00000, 0x000000008ed00000| Untracked 
| 238|0x000000008ee00000, 0x000000008ee00000, 0x000000008ef00000|  0%| F|  |TAMS 0x000000008ee00000, 0x000000008ee00000| Untracked 
| 239|0x000000008ef00000, 0x000000008ef00000, 0x000000008f000000|  0%| F|  |TAMS 0x000000008ef00000, 0x000000008ef00000| Untracked 
| 240|0x000000008f000000, 0x000000008f000000, 0x000000008f100000|  0%| F|  |TAMS 0x000000008f000000, 0x000000008f000000| Untracked 
| 241|0x000000008f100000, 0x000000008f100000, 0x000000008f200000|  0%| F|  |TAMS 0x000000008f100000, 0x000000008f100000| Untracked 
| 242|0x000000008f200000, 0x000000008f200000, 0x000000008f300000|  0%| F|  |TAMS 0x000000008f200000, 0x000000008f200000| Untracked 

Card table byte_map: [0x0000015ee2850000,0x0000015ee2c50000] _byte_map_base: 0x0000015ee2450000

Marking Bits (Prev, Next): (CMBitMap*) 0x0000015ecf657978, (CMBitMap*) 0x0000015ecf6579b0
 Prev Bits: [0x0000015ee3050000, 0x0000015ee5050000)
 Next Bits: [0x0000015ee5050000, 0x0000015ee7050000)

Polling page: 0x0000015ecd610000

Metaspace:

Usage:
  Non-class:    108.52 MB capacity,   106.72 MB ( 98%) used,     1.42 MB (  1%) free+waste,   382.56 KB ( <1%) overhead. 
      Class:     16.51 MB capacity,    15.38 MB ( 93%) used,   980.82 KB (  6%) free+waste,   173.31 KB (  1%) overhead. 
       Both:    125.03 MB capacity,   122.10 MB ( 98%) used,     2.38 MB (  2%) free+waste,   555.88 KB ( <1%) overhead. 

Virtual space:
  Non-class space:      110.00 MB reserved,     108.54 MB ( 99%) committed 
      Class space:        1.00 GB reserved,      16.63 MB (  2%) committed 
             Both:        1.11 GB reserved,     125.16 MB ( 11%) committed 

Chunk freelists:
   Non-Class:  20.00 KB
       Class:  0 bytes
        Both:  20.00 KB

MaxMetaspaceSize: 17179869184.00 GB
CompressedClassSpaceSize: 1.00 GB
Initial GC threshold: 20.80 MB
Current GC threshold: 173.39 MB
CDS: off

CodeHeap 'non-profiled nmethods': size=120000Kb used=7864Kb max_used=7864Kb free=112135Kb
 bounds [0x0000015edabf0000, 0x0000015edb3a0000, 0x0000015ee2120000]
CodeHeap 'profiled nmethods': size=120000Kb used=34791Kb max_used=34791Kb free=85208Kb
 bounds [0x0000015ed36c0000, 0x0000015ed58c0000, 0x0000015edabf0000]
CodeHeap 'non-nmethods': size=5760Kb used=2452Kb max_used=2478Kb free=3307Kb
 bounds [0x0000015ed3120000, 0x0000015ed33a0000, 0x0000015ed36c0000]
 total_blobs=17341 nmethods=16355 adapters=898
 compilation: enabled
              stopped_count=0, restarted_count=0
 full_count=0

Compilation events (20 events):
Event: 41.828 Thread 0x0000015ee9ab1000 nmethod 16863 0x0000015edb39c290 code [0x0000015edb39c440, 0x0000015edb39c4f8]
Event: 41.828 Thread 0x0000015ee9ab1000 16858       1       com.android.tools.r8.internal.e7::B (2 bytes)
Event: 41.828 Thread 0x0000015ee9ab1000 nmethod 16858 0x0000015edb39c590 code [0x0000015edb39c740, 0x0000015edb39c7f8]
Event: 41.828 Thread 0x0000015ee9ab1000 16859       1       com.android.tools.r8.internal.e7::A (2 bytes)
Event: 41.829 Thread 0x0000015ee9ab1000 nmethod 16859 0x0000015edb39c890 code [0x0000015edb39ca40, 0x0000015edb39caf8]
Event: 41.829 Thread 0x0000015ee9ab1000 16864       1       com.android.tools.r8.internal.Ql::g (5 bytes)
Event: 41.829 Thread 0x0000015ee9ab1000 nmethod 16864 0x0000015edb39cb90 code [0x0000015edb39cd40, 0x0000015edb39cdf8]
Event: 41.829 Thread 0x0000015ee9ab1000 16865       1       com.android.tools.r8.internal.mV::b (2 bytes)
Event: 41.829 Thread 0x0000015ee9ab1000 nmethod 16865 0x0000015edb39ce90 code [0x0000015edb39d040, 0x0000015edb39d0d8]
Event: 41.829 Thread 0x0000015ee9ab1000 16860       1       com.android.tools.r8.internal.t2::h1 (2 bytes)
Event: 41.829 Thread 0x0000015ee9ab1000 nmethod 16860 0x0000015edb39d190 code [0x0000015edb39d340, 0x0000015edb39d3f8]
Event: 41.829 Thread 0x0000015ee9ab1000 16866       1       com.android.tools.r8.internal.g8::f (2 bytes)
Event: 41.829 Thread 0x0000015ee9ab1000 nmethod 16866 0x0000015edb39d490 code [0x0000015edb39d640, 0x0000015edb39d6f8]
Event: 41.829 Thread 0x0000015ee9ab1000 16867       1       com.android.tools.r8.internal.Pl::b (5 bytes)
Event: 41.829 Thread 0x0000015ee9ab1000 nmethod 16867 0x0000015edb39d790 code [0x0000015edb39d940, 0x0000015edb39d9d8]
Event: 41.829 Thread 0x0000015ee9ab1000 16870       1       com.android.tools.r8.internal.Ko::P1 (2 bytes)
Event: 41.829 Thread 0x0000015ee9ab1000 nmethod 16870 0x0000015edb39da90 code [0x0000015edb39dc40, 0x0000015edb39dcf8]
Event: 41.829 Thread 0x0000015ee9ab1000 16869       1       com.android.tools.r8.internal.MJ::b (5 bytes)
Event: 41.829 Thread 0x0000015ee9ab1000 nmethod 16869 0x0000015edb39dd90 code [0x0000015edb39df40, 0x0000015edb39dff8]
Event: 41.829 Thread 0x0000015ee9ab1000 16868       1       com.android.tools.r8.internal.q8::b (5 bytes)

GC Heap History (20 events):
Event: 30.787 GC heap after
{Heap after GC invocations=54 (full 0):
 garbage-first heap   total 206848K, used 106370K [0x0000000080000000, 0x0000000100000000)
  region size 1024K, 4 young (4096K), 4 survivors (4096K)
 Metaspace       used 101911K, capacity 104021K, committed 104356K, reserved 1140736K
  class space    used 12678K, capacity 13513K, committed 13696K, reserved 1048576K
}
Event: 30.852 GC heap before
{Heap before GC invocations=54 (full 0):
 garbage-first heap   total 206848K, used 112514K [0x0000000080000000, 0x0000000100000000)
  region size 1024K, 10 young (10240K), 4 survivors (4096K)
 Metaspace       used 101945K, capacity 104085K, committed 104356K, reserved 1140736K
  class space    used 12678K, capacity 13513K, committed 13696K, reserved 1048576K
}
Event: 30.860 GC heap after
{Heap after GC invocations=55 (full 0):
 garbage-first heap   total 206848K, used 102211K [0x0000000080000000, 0x0000000100000000)
  region size 1024K, 2 young (2048K), 2 survivors (2048K)
 Metaspace       used 101945K, capacity 104085K, committed 104356K, reserved 1140736K
  class space    used 12678K, capacity 13513K, committed 13696K, reserved 1048576K
}
Event: 31.820 GC heap before
{Heap before GC invocations=55 (full 0):
 garbage-first heap   total 206848K, used 148291K [0x0000000080000000, 0x0000000100000000)
  region size 1024K, 48 young (49152K), 2 survivors (2048K)
 Metaspace       used 104074K, capacity 106242K, committed 106532K, reserved 1142784K
  class space    used 12930K, capacity 13761K, committed 13824K, reserved 1048576K
}
Event: 31.828 GC heap after
{Heap after GC invocations=56 (full 0):
 garbage-first heap   total 248832K, used 104119K [0x0000000080000000, 0x0000000100000000)
  region size 1024K, 4 young (4096K), 4 survivors (4096K)
 Metaspace       used 104074K, capacity 106242K, committed 106532K, reserved 1142784K
  class space    used 12930K, capacity 13761K, committed 13824K, reserved 1048576K
}
Event: 33.178 GC heap before
{Heap before GC invocations=57 (full 0):
 garbage-first heap   total 248832K, used 168631K [0x0000000080000000, 0x0000000100000000)
  region size 1024K, 68 young (69632K), 4 survivors (4096K)
 Metaspace       used 109420K, capacity 111723K, committed 111908K, reserved 1146880K
  class space    used 13585K, capacity 14451K, committed 14592K, reserved 1048576K
}
Event: 33.187 GC heap after
{Heap after GC invocations=58 (full 0):
 garbage-first heap   total 248832K, used 107675K [0x0000000080000000, 0x0000000100000000)
  region size 1024K, 9 young (9216K), 9 survivors (9216K)
 Metaspace       used 109420K, capacity 111723K, committed 111908K, reserved 1146880K
  class space    used 13585K, capacity 14451K, committed 14592K, reserved 1048576K
}
Event: 33.238 GC heap before
{Heap before GC invocations=58 (full 0):
 garbage-first heap   total 248832K, used 110747K [0x0000000080000000, 0x0000000100000000)
  region size 1024K, 12 young (12288K), 9 survivors (9216K)
 Metaspace       used 109626K, capacity 111883K, committed 112164K, reserved 1146880K
  class space    used 13620K, capacity 14483K, committed 14592K, reserved 1048576K
}
Event: 33.271 GC heap after
{Heap after GC invocations=59 (full 0):
 garbage-first heap   total 248832K, used 107584K [0x0000000080000000, 0x0000000100000000)
  region size 1024K, 2 young (2048K), 2 survivors (2048K)
 Metaspace       used 109626K, capacity 111883K, committed 112164K, reserved 1146880K
  class space    used 13620K, capacity 14483K, committed 14592K, reserved 1048576K
}
Event: 36.702 GC heap before
{Heap before GC invocations=59 (full 0):
 garbage-first heap   total 248832K, used 176192K [0x0000000080000000, 0x0000000100000000)
  region size 1024K, 70 young (71680K), 2 survivors (2048K)
 Metaspace       used 113758K, capacity 116029K, committed 116132K, reserved 1150976K
  class space    used 14088K, capacity 14938K, committed 14976K, reserved 1048576K
}
Event: 36.707 GC heap after
{Heap after GC invocations=60 (full 0):
 garbage-first heap   total 248832K, used 108704K [0x0000000080000000, 0x0000000100000000)
  region size 1024K, 3 young (3072K), 3 survivors (3072K)
 Metaspace       used 113758K, capacity 116029K, committed 116132K, reserved 1150976K
  class space    used 14088K, capacity 14938K, committed 14976K, reserved 1048576K
}
Event: 37.977 GC heap before
{Heap before GC invocations=60 (full 0):
 garbage-first heap   total 248832K, used 191648K [0x0000000080000000, 0x0000000100000000)
  region size 1024K, 85 young (87040K), 3 survivors (3072K)
 Metaspace       used 113977K, capacity 116293K, committed 116516K, reserved 1150976K
  class space    used 14109K, capacity 14978K, committed 15104K, reserved 1048576K
}
Event: 37.982 GC heap after
{Heap after GC invocations=61 (full 0):
 garbage-first heap   total 248832K, used 109678K [0x0000000080000000, 0x0000000100000000)
  region size 1024K, 4 young (4096K), 4 survivors (4096K)
 Metaspace       used 113977K, capacity 116293K, committed 116516K, reserved 1150976K
  class space    used 14109K, capacity 14978K, committed 15104K, reserved 1048576K
}
Event: 39.146 GC heap before
{Heap before GC invocations=61 (full 0):
 garbage-first heap   total 248832K, used 196718K [0x0000000080000000, 0x0000000100000000)
  region size 1024K, 90 young (92160K), 4 survivors (4096K)
 Metaspace       used 115488K, capacity 117854K, committed 117924K, reserved 1153024K
  class space    used 14302K, capacity 15195K, committed 15232K, reserved 1048576K
}
Event: 39.164 GC heap after
{Heap after GC invocations=62 (full 0):
 garbage-first heap   total 248832K, used 117720K [0x0000000080000000, 0x0000000100000000)
  region size 1024K, 12 young (12288K), 12 survivors (12288K)
 Metaspace       used 115488K, capacity 117854K, committed 117924K, reserved 1153024K
  class space    used 14302K, capacity 15195K, committed 15232K, reserved 1048576K
}
Event: 40.500 GC heap before
{Heap before GC invocations=62 (full 0):
 garbage-first heap   total 248832K, used 197592K [0x0000000080000000, 0x0000000100000000)
  region size 1024K, 91 young (93184K), 12 survivors (12288K)
 Metaspace       used 120108K, capacity 122600K, committed 122788K, reserved 1157120K
  class space    used 14939K, capacity 15911K, committed 16000K, reserved 1048576K
}
Event: 40.586 GC heap after
{Heap after GC invocations=63 (full 0):
 garbage-first heap   total 248832K, used 131398K [0x0000000080000000, 0x0000000100000000)
  region size 1024K, 12 young (12288K), 12 survivors (12288K)
 Metaspace       used 120108K, capacity 122600K, committed 122788K, reserved 1157120K
  class space    used 14939K, capacity 15911K, committed 16000K, reserved 1048576K
}
Event: 41.252 GC heap before
{Heap before GC invocations=63 (full 0):
 garbage-first heap   total 248832K, used 195910K [0x0000000080000000, 0x0000000100000000)
  region size 1024K, 75 young (76800K), 12 survivors (12288K)
 Metaspace       used 122865K, capacity 125670K, committed 125860K, reserved 1159168K
  class space    used 15395K, capacity 16500K, committed 16512K, reserved 1048576K
}
Event: 41.280 GC heap after
{Heap after GC invocations=64 (full 0):
 garbage-first heap   total 248832K, used 137045K [0x0000000080000000, 0x0000000100000000)
  region size 1024K, 10 young (10240K), 10 survivors (10240K)
 Metaspace       used 122865K, capacity 125670K, committed 125860K, reserved 1159168K
  class space    used 15395K, capacity 16500K, committed 16512K, reserved 1048576K
}
Event: 41.830 GC heap before
{Heap before GC invocations=64 (full 0):
 garbage-first heap   total 248832K, used 197461K [0x0000000080000000, 0x0000000100000000)
  region size 1024K, 70 young (71680K), 10 survivors (10240K)
 Metaspace       used 125034K, capacity 128027K, committed 128164K, reserved 1161216K
  class space    used 15752K, capacity 16907K, committed 17024K, reserved 1048576K
}

Deoptimization events (20 events):
Event: 41.543 Thread 0x0000015eece52000 DEOPT PACKING pc=0x0000015ed56dafa3 sp=0x0000001b808fa100
Event: 41.543 Thread 0x0000015eece52000 DEOPT UNPACKING pc=0x0000015ed316a95e sp=0x0000001b808f9620 mode 0
Event: 41.575 Thread 0x0000015eece52000 DEOPT PACKING pc=0x0000015ed56dafa3 sp=0x0000001b808fa100
Event: 41.575 Thread 0x0000015eece52000 DEOPT UNPACKING pc=0x0000015ed316a95e sp=0x0000001b808f9620 mode 0
Event: 41.642 Thread 0x0000015eece52000 DEOPT PACKING pc=0x0000015ed56dafa3 sp=0x0000001b808fa100
Event: 41.642 Thread 0x0000015eece52000 DEOPT UNPACKING pc=0x0000015ed316a95e sp=0x0000001b808f9620 mode 0
Event: 41.702 Thread 0x0000015eece52000 DEOPT PACKING pc=0x0000015ed56dafa3 sp=0x0000001b808fa100
Event: 41.703 Thread 0x0000015eece52000 DEOPT UNPACKING pc=0x0000015ed316a95e sp=0x0000001b808f9620 mode 0
Event: 41.793 Thread 0x0000015eece52000 DEOPT PACKING pc=0x0000015ed56dafa3 sp=0x0000001b808fa100
Event: 41.793 Thread 0x0000015eece52000 DEOPT UNPACKING pc=0x0000015ed316a95e sp=0x0000001b808f9620 mode 0
Event: 41.809 Thread 0x0000015eece51800 DEOPT PACKING pc=0x0000015ed55e9964 sp=0x0000001b807fcc40
Event: 41.809 Thread 0x0000015eece51800 DEOPT UNPACKING pc=0x0000015ed316a95e sp=0x0000001b807fc0b8 mode 0
Event: 41.809 Thread 0x0000015eece51800 DEOPT PACKING pc=0x0000015ed5592b4c sp=0x0000001b807fd130
Event: 41.809 Thread 0x0000015eece51800 DEOPT UNPACKING pc=0x0000015ed316a95e sp=0x0000001b807fc6e0 mode 0
Event: 41.809 Thread 0x0000015eece51800 DEOPT PACKING pc=0x0000015ed4885484 sp=0x0000001b807fed10
Event: 41.809 Thread 0x0000015eece51800 DEOPT UNPACKING pc=0x0000015ed316a95e sp=0x0000001b807fe2d0 mode 0
Event: 41.811 Thread 0x0000015eeec49000 DEOPT PACKING pc=0x0000015ed4885484 sp=0x0000001b825feac0
Event: 41.811 Thread 0x0000015eeec49000 DEOPT UNPACKING pc=0x0000015ed316a95e sp=0x0000001b825fe080 mode 0
Event: 41.826 Thread 0x0000015eeec44000 DEOPT PACKING pc=0x0000015ed4885484 sp=0x0000001b81efeaf0
Event: 41.826 Thread 0x0000015eeec44000 DEOPT UNPACKING pc=0x0000015ed316a95e sp=0x0000001b81efe0b0 mode 0

Classes redefined (0 events):
No events

Internal exceptions (20 events):
Event: 40.040 Thread 0x0000015eece51800 Exception <a 'java/lang/NoSuchMethodError'{0x000000008c15c088}: 'java.lang.Object java.lang.invoke.Invokers$Holder.linkToTargetMethod(long, java.lang.Object)'> (0x000000008c15c088) thrown at [./src/hotspot/share/interpreter/linkResolver.cpp, line 773]
Event: 40.041 Thread 0x0000015eece52000 Exception <a 'java/lang/NoSuchMethodError'{0x000000008c280780}: 'java.lang.Object java.lang.invoke.Invokers$Holder.linkToTargetMethod(long, java.lang.Object)'> (0x000000008c280780) thrown at [./src/hotspot/share/interpreter/linkResolver.cpp, line 773]
Event: 40.041 Thread 0x0000015eeec52000 Exception <a 'java/lang/NoSuchMethodError'{0x000000008c15f248}: 'java.lang.Object java.lang.invoke.Invokers$Holder.linkToTargetMethod(long, java.lang.Object)'> (0x000000008c15f248) thrown at [./src/hotspot/share/interpreter/linkResolver.cpp, line 773]
Event: 40.255 Thread 0x0000015eec59e000 Exception <a 'java/lang/IncompatibleClassChangeError'{0x000000008b5d1fb8}: Found class java.lang.Object, but interface was expected> (0x000000008b5d1fb8) thrown at [./src/hotspot/share/interpreter/linkResolver.cpp, line 839]
Event: 40.890 Thread 0x0000015eece51800 Exception <a 'java/lang/NoSuchMethodError'{0x000000008ddb0988}: 'java.lang.Object java.lang.invoke.DirectMethodHandle$Holder.invokeStatic(java.lang.Object, int, java.lang.Object, java.lang.Object)'> (0x000000008ddb0988) thrown at [./src/hotspot/share/interpreter/linkResolver.cpp, line 773]
Event: 41.125 Thread 0x0000015eece51800 Exception <a 'java/lang/NoSuchMethodError'{0x000000008c0dd2e0}: 'int java.lang.invoke.DirectMethodHandle$Holder.invokeSpecial(java.lang.Object, java.lang.Object, java.lang.Object, java.lang.Object, java.lang.Object)'> (0x000000008c0dd2e0) thrown at [./src/hotspot/share/interpreter/linkResolver.cpp, line 773]
Event: 41.168 Thread 0x0000015eece51800 Exception <a 'java/lang/NoSuchMethodError'{0x000000008bbefba8}: 'java.lang.Object java.lang.invoke.Invokers$Holder.linkToTargetMethod(java.lang.Object, int, java.lang.Object, java.lang.Object, java.lang.Object, java.lang.Object)'> (0x000000008bbefba8) thrown at [./src/hotspot/share/interpreter/linkResolver.cpp, line 773]
Event: 41.172 Thread 0x0000015eece51800 Exception <a 'java/lang/NoSuchMethodError'{0x000000008ba79ee0}: 'java.lang.Object java.lang.invoke.Invokers$Holder.linkToTargetMethod(java.lang.Object, java.lang.Object, java.lang.Object, int, java.lang.Object, java.lang.Object, java.lang.Object)'> (0x000000008ba79ee0) thrown at [./src/hotspot/share/interpreter/linkResolver.cpp, line 773]
Event: 41.175 Thread 0x0000015eece51800 Exception <a 'java/lang/NoSuchMethodError'{0x000000008baa8a80}: 'void java.lang.invoke.DirectMethodHandle$Holder.invokeStatic(java.lang.Object, java.lang.Object, java.lang.Object, java.lang.Object, java.lang.Object, java.lang.Object, java.lang.Object, java.lang.Object)'> (0x000000008baa8a80) thrown at [./src/hotspot/share/interpreter/linkResolver.cpp, line 773]
Event: 41.178 Thread 0x0000015eec59e000 Exception <a 'java/lang/IncompatibleClassChangeError'{0x000000008bad4b80}: Found class java.lang.Object, but interface was expected> (0x000000008bad4b80) thrown at [./src/hotspot/share/interpreter/linkResolver.cpp, line 839]
Event: 41.179 Thread 0x0000015eec59e000 Exception <a 'java/lang/IncompatibleClassChangeError'{0x000000008bae59d8}: Found class java.lang.Object, but interface was expected> (0x000000008bae59d8) thrown at [./src/hotspot/share/interpreter/linkResolver.cpp, line 839]
Event: 41.409 Thread 0x0000015eeebc4800 Exception <a 'java/lang/NoSuchMethodError'{0x000000008f2c6db0}: 'void java.lang.invoke.DirectMethodHandle$Holder.invokeSpecial(java.lang.Object, java.lang.Object, int, java.lang.Object)'> (0x000000008f2c6db0) thrown at [./src/hotspot/share/interpreter/linkResolver.cpp, line 773]
Event: 41.409 Thread 0x0000015eeec52000 Exception <a 'java/lang/NoSuchMethodError'{0x000000008eb35410}: 'void java.lang.invoke.DirectMethodHandle$Holder.invokeSpecial(java.lang.Object, java.lang.Object, int, java.lang.Object)'> (0x000000008eb35410) thrown at [./src/hotspot/share/interpreter/linkResolver.cpp, line 773]
Event: 41.592 Thread 0x0000015eece51800 Exception <a 'java/lang/IncompatibleClassChangeError'{0x000000008d232528}: Found class java.lang.Object, but interface was expected> (0x000000008d232528) thrown at [./src/hotspot/share/interpreter/linkResolver.cpp, line 839]
Event: 41.728 Thread 0x0000015eece51800 Exception <a 'java/lang/NoSuchMethodError'{0x000000008c430cb0}: 'void java.lang.invoke.DirectMethodHandle$Holder.invokeSpecial(java.lang.Object, java.lang.Object, int)'> (0x000000008c430cb0) thrown at [./src/hotspot/share/interpreter/linkResolver.cpp, line 773]
Event: 41.780 Thread 0x0000015eeec52000 Exception <a 'java/lang/NoSuchMethodError'{0x000000008c3a33a0}: 'java.lang.Object java.lang.invoke.DirectMethodHandle$Holder.newInvokeSpecial(java.lang.Object, int)'> (0x000000008c3a33a0) thrown at [./src/hotspot/share/interpreter/linkResolver.cpp, line 773]
Event: 41.780 Thread 0x0000015eec59e000 Exception <a 'java/lang/NoSuchMethodError'{0x000000008bee2638}: 'java.lang.Object java.lang.invoke.DirectMethodHandle$Holder.newInvokeSpecial(java.lang.Object, int)'> (0x000000008bee2638) thrown at [./src/hotspot/share/interpreter/linkResolver.cpp, line 773]
Event: 41.780 Thread 0x0000015eeec4d800 Exception <a 'java/lang/NoSuchMethodError'{0x000000008bee5e68}: 'java.lang.Object java.lang.invoke.DirectMethodHandle$Holder.newInvokeSpecial(java.lang.Object, int)'> (0x000000008bee5e68) thrown at [./src/hotspot/share/interpreter/linkResolver.cpp, line 773]
Event: 41.780 Thread 0x0000015eeebcb000 Exception <a 'java/lang/NoSuchMethodError'{0x000000008bf98120}: 'java.lang.Object java.lang.invoke.DirectMethodHandle$Holder.newInvokeSpecial(java.lang.Object, int)'> (0x000000008bf98120) thrown at [./src/hotspot/share/interpreter/linkResolver.cpp, line 773]
Event: 41.791 Thread 0x0000015eece51800 Exception <a 'sun/nio/fs/WindowsException'{0x000000008bd96290}> (0x000000008bd96290) thrown at [./src/hotspot/share/prims/jni.cpp, line 615]

Events (20 events):
Event: 41.798 loading class com/android/tools/r8/graph/p0 done
Event: 41.815 loading class com/android/tools/r8/graph/U$d
Event: 41.815 loading class com/android/tools/r8/graph/U$d done
Event: 41.820 loading class com/android/tools/r8/internal/Cq
Event: 41.820 loading class com/android/tools/r8/internal/Cq done
Event: 41.821 loading class com/android/tools/r8/references/ArrayReference
Event: 41.821 loading class com/android/tools/r8/references/ArrayReference done
Event: 41.827 loading class com/android/tools/r8/code/u1
Event: 41.827 loading class com/android/tools/r8/code/u1 done
Event: 41.828 loading class com/android/tools/r8/code/n1
Event: 41.828 loading class com/android/tools/r8/code/n1 done
Event: 41.829 loading class com/android/tools/r8/internal/DF
Event: 41.829 loading class com/android/tools/r8/internal/DF done
Event: 41.829 loading class com/android/tools/r8/internal/DF
Event: 41.829 loading class com/android/tools/r8/internal/DF done
Event: 41.829 loading class com/android/tools/r8/internal/X2
Event: 41.829 loading class com/android/tools/r8/internal/X2 done
Event: 41.829 loading class com/android/tools/r8/internal/QF
Event: 41.829 Executing VM operation: G1CollectForAllocation
Event: 41.829 loading class com/android/tools/r8/internal/QF done


Dynamic libraries:
0x00007ff68cd60000 - 0x00007ff68cd6a000 	C:\Program Files\Android\Android Studio\jre\bin\java.exe
0x00007ffe24160000 - 0x00007ffe24369000 	C:\WINDOWS\SYSTEM32\ntdll.dll
0x00007ffe22ed0000 - 0x00007ffe22f8d000 	C:\WINDOWS\System32\KERNEL32.DLL
0x00007ffe217f0000 - 0x00007ffe21b6b000 	C:\WINDOWS\System32\KERNELBASE.dll
0x00007ffe21b70000 - 0x00007ffe21c81000 	C:\WINDOWS\System32\ucrtbase.dll
0x00007ffe18a70000 - 0x00007ffe18a89000 	C:\Program Files\Android\Android Studio\jre\bin\jli.dll
0x00007ffe18e30000 - 0x00007ffe18e47000 	C:\Program Files\Android\Android Studio\jre\bin\VCRUNTIME140.dll
0x00007ffe23090000 - 0x00007ffe2323d000 	C:\WINDOWS\System32\USER32.dll
0x00007ffe21750000 - 0x00007ffe21776000 	C:\WINDOWS\System32\win32u.dll
0x00007ffdfdc50000 - 0x00007ffdfdef5000 	C:\WINDOWS\WinSxS\amd64_microsoft.windows.common-controls_6595b64144ccf1df_6.0.22000.120_none_9d947278b86cc467\COMCTL32.dll
0x00007ffe232c0000 - 0x00007ffe232e9000 	C:\WINDOWS\System32\GDI32.dll
0x00007ffe23500000 - 0x00007ffe235a3000 	C:\WINDOWS\System32\msvcrt.dll
0x00007ffe21630000 - 0x00007ffe21748000 	C:\WINDOWS\System32\gdi32full.dll
0x00007ffe21c90000 - 0x00007ffe21d2d000 	C:\WINDOWS\System32\msvcp_win.dll
0x00007ffe22f90000 - 0x00007ffe22fc1000 	C:\WINDOWS\System32\IMM32.DLL
0x00007ffe03400000 - 0x00007ffe0349d000 	C:\Program Files\Android\Android Studio\jre\bin\msvcp140.dll
0x00007ffde1960000 - 0x00007ffde2445000 	C:\Program Files\Android\Android Studio\jre\bin\server\jvm.dll
0x00007ffe22600000 - 0x00007ffe226ae000 	C:\WINDOWS\System32\ADVAPI32.dll
0x00007ffe226b0000 - 0x00007ffe2274e000 	C:\WINDOWS\System32\sechost.dll
0x00007ffe233e0000 - 0x00007ffe23500000 	C:\WINDOWS\System32\RPCRT4.dll
0x00007ffe23d70000 - 0x00007ffe23d78000 	C:\WINDOWS\System32\PSAPI.DLL
0x00007ffe1cce0000 - 0x00007ffe1cce9000 	C:\WINDOWS\SYSTEM32\WSOCK32.dll
0x00007ffe1d7a0000 - 0x00007ffe1d7d3000 	C:\WINDOWS\SYSTEM32\WINMM.dll
0x00007ffe22920000 - 0x00007ffe2298f000 	C:\WINDOWS\System32\WS2_32.dll
0x00007ffe1bb10000 - 0x00007ffe1bb1a000 	C:\WINDOWS\SYSTEM32\VERSION.dll
0x00007ffe20720000 - 0x00007ffe20738000 	C:\WINDOWS\SYSTEM32\kernel.appcore.dll
0x00007ffe1a6a0000 - 0x00007ffe1a6b1000 	C:\Program Files\Android\Android Studio\jre\bin\verify.dll
0x00007ffe194b0000 - 0x00007ffe196d1000 	C:\WINDOWS\SYSTEM32\DBGHELP.DLL
0x00007ffe1a7b0000 - 0x00007ffe1a7e1000 	C:\WINDOWS\SYSTEM32\dbgcore.DLL
0x00007ffe21f60000 - 0x00007ffe21fdf000 	C:\WINDOWS\System32\bcryptPrimitives.dll
0x00007ffe18ae0000 - 0x00007ffe18b09000 	C:\Program Files\Android\Android Studio\jre\bin\java.dll
0x00007ffe1ccd0000 - 0x00007ffe1ccdb000 	C:\Program Files\Android\Android Studio\jre\bin\jimage.dll
0x00007ffe1a660000 - 0x00007ffe1a678000 	C:\Program Files\Android\Android Studio\jre\bin\zip.dll
0x00007ffe235b0000 - 0x00007ffe23d68000 	C:\WINDOWS\System32\SHELL32.dll
0x00007ffe1f720000 - 0x00007ffe1ff85000 	C:\WINDOWS\SYSTEM32\windows.storage.dll
0x00007ffe23da0000 - 0x00007ffe24117000 	C:\WINDOWS\System32\combase.dll
0x00007ffe1f5b0000 - 0x00007ffe1f716000 	C:\WINDOWS\SYSTEM32\wintypes.dll
0x00007ffe22bf0000 - 0x00007ffe22cda000 	C:\WINDOWS\System32\SHCORE.dll
0x00007ffe22e70000 - 0x00007ffe22ecd000 	C:\WINDOWS\System32\shlwapi.dll
0x00007ffe21560000 - 0x00007ffe21581000 	C:\WINDOWS\SYSTEM32\profapi.dll
0x00007ffe18a30000 - 0x00007ffe18a4a000 	C:\Program Files\Android\Android Studio\jre\bin\net.dll
0x00007ffe1d0c0000 - 0x00007ffe1d1cc000 	C:\WINDOWS\SYSTEM32\WINHTTP.dll
0x00007ffe20bc0000 - 0x00007ffe20c27000 	C:\WINDOWS\system32\mswsock.dll
0x00007ffe18a10000 - 0x00007ffe18a24000 	C:\Program Files\Android\Android Studio\jre\bin\nio.dll
0x00007ffe1cbb0000 - 0x00007ffe1cbd7000 	C:\Users\Tvrma\AndroidStudioProjects\native\e1d6ef7f7dcc3fd88c89a11ec53ec762bb8ba0a96d01ffa2cd45eb1d1d8dd5c5\windows-amd64\native-platform.dll
0x00007ffde8ae0000 - 0x00007ffde8c24000 	C:\Users\Tvrma\AndroidStudioProjects\native\5664cfc778a61ccfe75a443a1ab52a65af34e5dc3c78e0209fed803814484fcb\windows-amd64\native-platform-file-events.dll
0x00007ffe18ad0000 - 0x00007ffe18ada000 	C:\Program Files\Android\Android Studio\jre\bin\management.dll
0x00007ffe18a00000 - 0x00007ffe18a0d000 	C:\Program Files\Android\Android Studio\jre\bin\management_ext.dll
0x00007ffe20e00000 - 0x00007ffe20e18000 	C:\WINDOWS\SYSTEM32\CRYPTSP.dll
0x00007ffe20680000 - 0x00007ffe206b5000 	C:\WINDOWS\system32\rsaenh.dll
0x00007ffe20cb0000 - 0x00007ffe20cd9000 	C:\WINDOWS\SYSTEM32\USERENV.dll
0x00007ffe20f90000 - 0x00007ffe20fb7000 	C:\WINDOWS\SYSTEM32\bcrypt.dll
0x00007ffe20e20000 - 0x00007ffe20e2c000 	C:\WINDOWS\SYSTEM32\CRYPTBASE.dll
0x00007ffe201e0000 - 0x00007ffe2020d000 	C:\WINDOWS\SYSTEM32\IPHLPAPI.DLL
0x00007ffe22910000 - 0x00007ffe22919000 	C:\WINDOWS\System32\NSI.dll
0x00007ffe1d200000 - 0x00007ffe1d219000 	C:\WINDOWS\SYSTEM32\dhcpcsvc6.DLL
0x00007ffe1d540000 - 0x00007ffe1d55e000 	C:\WINDOWS\SYSTEM32\dhcpcsvc.DLL
0x00007ffe20210000 - 0x00007ffe202f8000 	C:\WINDOWS\SYSTEM32\DNSAPI.dll
0x00007ffe20740000 - 0x00007ffe20774000 	C:\WINDOWS\SYSTEM32\ntmarta.dll
0x00007ffe16690000 - 0x00007ffe166b7000 	C:\Program Files\Android\Android Studio\jre\bin\sunec.dll
0x00007ffe07be0000 - 0x00007ffe07bea000 	C:\Windows\System32\rasadhlp.dll
0x00007ffe1c210000 - 0x00007ffe1c291000 	C:\WINDOWS\System32\fwpuclnt.dll

dbghelp: loaded successfully - version: 4.0.5 - missing functions: none
symbol engine: initialized successfully - sym options: 0x614 - pdb path: .;C:\Program Files\Android\Android Studio\jre\bin;C:\WINDOWS\SYSTEM32;C:\WINDOWS\WinSxS\amd64_microsoft.windows.common-controls_6595b64144ccf1df_6.0.22000.120_none_9d947278b86cc467;C:\Program Files\Android\Android Studio\jre\bin\server;C:\Users\Tvrma\AndroidStudioProjects\native\e1d6ef7f7dcc3fd88c89a11ec53ec762bb8ba0a96d01ffa2cd45eb1d1d8dd5c5\windows-amd64;C:\Users\Tvrma\AndroidStudioProjects\native\5664cfc778a61ccfe75a443a1ab52a65af34e5dc3c78e0209fed803814484fcb\windows-amd64

VM Arguments:
jvm_args: --add-opens=java.base/java.util=ALL-UNNAMED --add-opens=java.base/java.lang=ALL-UNNAMED --add-opens=java.base/java.lang.invoke=ALL-UNNAMED --add-opens=java.base/java.util=ALL-UNNAMED --add-opens=java.prefs/java.util.prefs=ALL-UNNAMED --add-opens=java.prefs/java.util.prefs=ALL-UNNAMED --add-opens=java.base/java.nio.charset=ALL-UNNAMED --add-opens=java.base/java.net=ALL-UNNAMED --add-opens=java.base/java.util.concurrent.atomic=ALL-UNNAMED -Xmx2048m -Dfile.encoding=UTF-8 -Duser.country=RU -Duser.language=ru -Duser.variant 
java_command: org.gradle.launcher.daemon.bootstrap.GradleDaemon 7.3.3
java_class_path (initial): C:\Users\Tvrma\AndroidStudioProjects\wrapper\dists\gradle-7.3.3-bin\6a41zxkdtcxs8rphpq6y0069z\gradle-7.3.3\lib\gradle-launcher-7.3.3.jar
Launcher Type: SUN_STANDARD

[Global flags]
     intx CICompilerCount                          = 4                                         {product} {ergonomic}
     uint ConcGCThreads                            = 2                                         {product} {ergonomic}
     uint G1ConcRefinementThreads                  = 8                                         {product} {ergonomic}
   size_t G1HeapRegionSize                         = 1048576                                   {product} {ergonomic}
    uintx GCDrainStackTargetSize                   = 64                                        {product} {ergonomic}
   size_t InitialHeapSize                          = 100663296                                 {product} {ergonomic}
   size_t MarkStackSize                            = 4194304                                   {product} {ergonomic}
   size_t MaxHeapSize                              = 2147483648                                {product} {command line}
   size_t MaxNewSize                               = 1287651328                                {product} {ergonomic}
   size_t MinHeapDeltaBytes                        = 1048576                                   {product} {ergonomic}
    uintx NonNMethodCodeHeapSize                   = 5836300                                {pd product} {ergonomic}
    uintx NonProfiledCodeHeapSize                  = 122910970                              {pd product} {ergonomic}
    uintx ProfiledCodeHeapSize                     = 122910970                              {pd product} {ergonomic}
    uintx ReservedCodeCacheSize                    = 251658240                              {pd product} {ergonomic}
     bool SegmentedCodeCache                       = true                                      {product} {ergonomic}
     bool UseCompressedClassPointers               = true                                 {lp64_product} {ergonomic}
     bool UseCompressedOops                        = true                                 {lp64_product} {ergonomic}
     bool UseG1GC                                  = true                                      {product} {ergonomic}
     bool UseLargePagesIndividualAllocation        = false                                  {pd product} {ergonomic}

Logging:
Log output configuration:
 #0: stdout all=warning uptime,level,tags
 #1: stderr all=off uptime,level,tags

Environment Variables:
PATH=C:\WINDOWS\system32;C:\WINDOWS;C:\WINDOWS\System32\Wbem;C:\WINDOWS\System32\WindowsPowerShell\v1.0\;C:\WINDOWS\System32\OpenSSH\;C:\Program Files\Git\cmd;C:\Users\Tvrma\AppData\Local\Programs\Python\Python310\Scripts\;C:\Users\Tvrma\AppData\Local\Programs\Python\Python310\;C:\Users\Tvrma\AppData\Local\Microsoft\WindowsApps;;C:\Program Files\Work's stuff\IntelliJ IDEA Community Edition 2021.3.2\bin;;C:\Users\Tvrma\AppData\Local\JetBrains\Toolbox\scripts
USERNAME=Tvrma
OS=Windows_NT
PROCESSOR_IDENTIFIER=AMD64 Family 23 Model 24 Stepping 1, AuthenticAMD



---------------  S Y S T E M  ---------------

OS: Windows 10 , 64 bit Build 22000 (10.0.22000.708)
OS uptime: 8 days 13:58 hours

CPU:total 8 (initial active 8) (8 cores per cpu, 2 threads per core) family 23 model 24 stepping 1 microcode 0x0, cmov, cx8, fxsr, mmx, sse, sse2, sse3, ssse3, sse4.1, sse4.2, popcnt, avx, avx2, aes, clmul, mmxext, 3dnowpref, lzcnt, sse4a, ht, tsc, tscinvbit, tscinv, bmi1, bmi2, adx, sha, fma

Memory: 4k page, system-wide physical 6082M (295M free)
TotalPageFile size 24514M (AvailPageFile size 4M)
current process WorkingSet (physical memory assigned to process): 396M, peak: 444M
current process commit charge ("private bytes"): 667M, peak: 760M

vm_info: OpenJDK 64-Bit Server VM (11.0.12+7-b1504.28-7817840) for windows-amd64 JRE (11.0.12+7-b1504.28-7817840), built on Oct 13 2021 22:12:33 by "builder" with MS VC++ 14.0 (VS2015)

END.
